[0.021s] Invoking command in '/home/thomas/tfgazebourdf_ws/build/my_robot_bringup': CMAKE_PREFIX_PATH=${CMAKE_PREFIX_PATH}:/home/thomas/concepts_ws/install/py_actions:/home/thomas/mobilrobot_ws/install/mobilrobot_py_examples:/opt/ros/jazzy DEBUGINFOD_URLS=https://debuginfod.ubuntu.com /usr/bin/cmake --build /home/thomas/tfgazebourdf_ws/build/my_robot_bringup -- -j4 -l4
[0.073s] Invoked command in '/home/thomas/tfgazebourdf_ws/build/my_robot_bringup' returned '0': CMAKE_PREFIX_PATH=${CMAKE_PREFIX_PATH}:/home/thomas/concepts_ws/install/py_actions:/home/thomas/mobilrobot_ws/install/mobilrobot_py_examples:/opt/ros/jazzy DEBUGINFOD_URLS=https://debuginfod.ubuntu.com /usr/bin/cmake --build /home/thomas/tfgazebourdf_ws/build/my_robot_bringup -- -j4 -l4
[0.085s] Invoking command in '/home/thomas/tfgazebourdf_ws/build/my_robot_bringup': CMAKE_PREFIX_PATH=${CMAKE_PREFIX_PATH}:/home/thomas/concepts_ws/install/py_actions:/home/thomas/mobilrobot_ws/install/mobilrobot_py_examples:/opt/ros/jazzy DEBUGINFOD_URLS=https://debuginfod.ubuntu.com /usr/bin/cmake --install /home/thomas/tfgazebourdf_ws/build/my_robot_bringup
[0.096s] -- Install configuration: ""
[0.096s] -- Up-to-date: /home/thomas/tfgazebourdf_ws/install/my_robot_bringup/share/my_robot_bringup//launch
[0.096s] -- Up-to-date: /home/thomas/tfgazebourdf_ws/install/my_robot_bringup/share/my_robot_bringup//launch/display.launch.py
[0.097s] -- Up-to-date: /home/thomas/tfgazebourdf_ws/install/my_robot_bringup/share/my_robot_bringup//launch/display.launch.xml
[0.097s] -- Installing: /home/thomas/tfgazebourdf_ws/install/my_robot_bringup/share/my_robot_bringup//launch/gazebo.launch.xml
[0.097s] -- Up-to-date: /home/thomas/tfgazebourdf_ws/install/my_robot_bringup/share/my_robot_bringup//config
[0.097s] -- Up-to-date: /home/thomas/tfgazebourdf_ws/install/my_robot_bringup/share/my_robot_bringup//config/gazebo_bridge.yaml
[0.097s] -- Up-to-date: /home/thomas/tfgazebourdf_ws/install/my_robot_bringup/share/my_robot_bringup//worlds
[0.098s] -- Installing: /home/thomas/tfgazebourdf_ws/install/my_robot_bringup/share/my_robot_bringup//worlds/my_world1.sdf
[0.098s] -- Up-to-date: /home/thomas/tfgazebourdf_ws/install/my_robot_bringup/share/ament_index/resource_index/package_run_dependencies/my_robot_bringup
[0.098s] -- Up-to-date: /home/thomas/tfgazebourdf_ws/install/my_robot_bringup/share/ament_index/resource_index/parent_prefix_path/my_robot_bringup
[0.098s] -- Up-to-date: /home/thomas/tfgazebourdf_ws/install/my_robot_bringup/share/my_robot_bringup/environment/ament_prefix_path.sh
[0.098s] -- Up-to-date: /home/thomas/tfgazebourdf_ws/install/my_robot_bringup/share/my_robot_bringup/environment/ament_prefix_path.dsv
[0.098s] -- Up-to-date: /home/thomas/tfgazebourdf_ws/install/my_robot_bringup/share/my_robot_bringup/environment/path.sh
[0.098s] -- Up-to-date: /home/thomas/tfgazebourdf_ws/install/my_robot_bringup/share/my_robot_bringup/environment/path.dsv
[0.099s] -- Up-to-date: /home/thomas/tfgazebourdf_ws/install/my_robot_bringup/share/my_robot_bringup/local_setup.bash
[0.099s] -- Up-to-date: /home/thomas/tfgazebourdf_ws/install/my_robot_bringup/share/my_robot_bringup/local_setup.sh
[0.099s] -- Up-to-date: /home/thomas/tfgazebourdf_ws/install/my_robot_bringup/share/my_robot_bringup/local_setup.zsh
[0.101s] -- Up-to-date: /home/thomas/tfgazebourdf_ws/install/my_robot_bringup/share/my_robot_bringup/local_setup.dsv
[0.101s] -- Installing: /home/thomas/tfgazebourdf_ws/install/my_robot_bringup/share/my_robot_bringup/package.dsv
[0.101s] -- Up-to-date: /home/thomas/tfgazebourdf_ws/install/my_robot_bringup/share/ament_index/resource_index/packages/my_robot_bringup
[0.101s] -- Up-to-date: /home/thomas/tfgazebourdf_ws/install/my_robot_bringup/share/my_robot_bringup/cmake/my_robot_bringupConfig.cmake
[0.101s] -- Up-to-date: /home/thomas/tfgazebourdf_ws/install/my_robot_bringup/share/my_robot_bringup/cmake/my_robot_bringupConfig-version.cmake
[0.102s] -- Up-to-date: /home/thomas/tfgazebourdf_ws/install/my_robot_bringup/share/my_robot_bringup/package.xml
[0.103s] Invoked command in '/home/thomas/tfgazebourdf_ws/build/my_robot_bringup' returned '0': CMAKE_PREFIX_PATH=${CMAKE_PREFIX_PATH}:/home/thomas/concepts_ws/install/py_actions:/home/thomas/mobilrobot_ws/install/mobilrobot_py_examples:/opt/ros/jazzy DEBUGINFOD_URLS=https://debuginfod.ubuntu.com /usr/bin/cmake --install /home/thomas/tfgazebourdf_ws/build/my_robot_bringup
