-- Found ament_cmake: 2.5.4 (/opt/ros/jazzy/share/ament_cmake/cmake)
-- Override CMake install command with custom implementation using symlinks instead of copying resources
-- Configuring done (0.6s)
-- Generating done (0.0s)
-- Build files have been written to: /home/thomas/tfgazebourdf_ws/build/my_robot_bringup
-- Install configuration: ""
-- Execute custom install script
-- Symlinking: /home/thomas/tfgazebourdf_ws/install/my_robot_bringup/share/my_robot_bringup//launch/display.launch.py
-- Symlinking: /home/thomas/tfgazebourdf_ws/install/my_robot_bringup/share/my_robot_bringup//launch/display.launch.xml
-- Symlinking: /home/thomas/tfgazebourdf_ws/install/my_robot_bringup/share/my_robot_bringup//launch/gazebo.launch.xml
-- Symlinking: /home/thomas/tfgazebourdf_ws/install/my_robot_bringup/share/my_robot_bringup//config/gazebo_bridge.yaml
-- Symlinking: /home/thomas/tfgazebourdf_ws/install/my_robot_bringup/share/my_robot_bringup//worlds/ionic.sdf
-- Symlinking: /home/thomas/tfgazebourdf_ws/install/my_robot_bringup/share/my_robot_bringup//worlds/multip_tablew.sdf
-- Symlinking: /home/thomas/tfgazebourdf_ws/install/my_robot_bringup/share/my_robot_bringup//worlds/my_world.sdf
-- Symlinking: /home/thomas/tfgazebourdf_ws/install/my_robot_bringup/share/my_robot_bringup//worlds/my_world1.sdf
-- Symlinking: /home/thomas/tfgazebourdf_ws/install/my_robot_bringup/share/my_robot_bringup//worlds/rtgf.sdf
-- Symlinking: /home/thomas/tfgazebourdf_ws/install/my_robot_bringup/share/my_robot_bringup//worlds/tur.sdf
-- Symlinking: /home/thomas/tfgazebourdf_ws/install/my_robot_bringup/share/ament_index/resource_index/package_run_dependencies/my_robot_bringup
-- Symlinking: /home/thomas/tfgazebourdf_ws/install/my_robot_bringup/share/ament_index/resource_index/parent_prefix_path/my_robot_bringup
-- Symlinking: /home/thomas/tfgazebourdf_ws/install/my_robot_bringup/share/my_robot_bringup/environment/ament_prefix_path.sh
-- Symlinking: /home/thomas/tfgazebourdf_ws/install/my_robot_bringup/share/my_robot_bringup/environment/ament_prefix_path.dsv
-- Symlinking: /home/thomas/tfgazebourdf_ws/install/my_robot_bringup/share/my_robot_bringup/environment/path.sh
-- Symlinking: /home/thomas/tfgazebourdf_ws/install/my_robot_bringup/share/my_robot_bringup/environment/path.dsv
-- Symlinking: /home/thomas/tfgazebourdf_ws/install/my_robot_bringup/share/my_robot_bringup/local_setup.bash
-- Symlinking: /home/thomas/tfgazebourdf_ws/install/my_robot_bringup/share/my_robot_bringup/local_setup.sh
-- Symlinking: /home/thomas/tfgazebourdf_ws/install/my_robot_bringup/share/my_robot_bringup/local_setup.zsh
-- Symlinking: /home/thomas/tfgazebourdf_ws/install/my_robot_bringup/share/my_robot_bringup/local_setup.dsv
-- Symlinking: /home/thomas/tfgazebourdf_ws/install/my_robot_bringup/share/my_robot_bringup/package.dsv
-- Symlinking: /home/thomas/tfgazebourdf_ws/install/my_robot_bringup/share/ament_index/resource_index/packages/my_robot_bringup
-- Symlinking: /home/thomas/tfgazebourdf_ws/install/my_robot_bringup/share/my_robot_bringup/cmake/my_robot_bringupConfig.cmake
-- Symlinking: /home/thomas/tfgazebourdf_ws/install/my_robot_bringup/share/my_robot_bringup/cmake/my_robot_bringupConfig-version.cmake
-- Symlinking: /home/thomas/tfgazebourdf_ws/install/my_robot_bringup/share/my_robot_bringup/package.xml
