[0.013s] Invoking command in '/home/thomas/tfgazebourdf_ws/build/rb_description': CMAKE_PREFIX_PATH=${CMAKE_PREFIX_PATH}:/home/thomas/concepts_ws/install/py_actions:/home/thomas/mobilrobot_ws/install/mobilrobot_py_examples:/opt/ros/jazzy DEBUGINFOD_URLS=https://debuginfod.ubuntu.com /usr/bin/cmake /home/thomas/tfgazebourdf_ws/src/rb_description -DCMAKE_INSTALL_PREFIX=/home/thomas/tfgazebourdf_ws/install/rb_description
[0.029s] -- Found ament_cmake: 2.5.3 (/opt/ros/jazzy/share/ament_cmake/cmake)
[0.270s] -- Found ament_lint_auto: 0.17.2 (/opt/ros/jazzy/share/ament_lint_auto/cmake)
[0.426s] -- Added test 'lint_cmake' to check CMake code style
[0.428s] -- Added test 'xmllint' to check XML markup files
[0.432s] -- Configuring done (0.4s)
[0.435s] -- Generating done (0.0s)
[0.437s] -- Build files have been written to: /home/thomas/tfgazebourdf_ws/build/rb_description
[0.440s] Invoked command in '/home/thomas/tfgazebourdf_ws/build/rb_description' returned '0': CMAKE_PREFIX_PATH=${CMAKE_PREFIX_PATH}:/home/thomas/concepts_ws/install/py_actions:/home/thomas/mobilrobot_ws/install/mobilrobot_py_examples:/opt/ros/jazzy DEBUGINFOD_URLS=https://debuginfod.ubuntu.com /usr/bin/cmake /home/thomas/tfgazebourdf_ws/src/rb_description -DCMAKE_INSTALL_PREFIX=/home/thomas/tfgazebourdf_ws/install/rb_description
[0.442s] Invoking command in '/home/thomas/tfgazebourdf_ws/build/rb_description': CMAKE_PREFIX_PATH=${CMAKE_PREFIX_PATH}:/home/thomas/concepts_ws/install/py_actions:/home/thomas/mobilrobot_ws/install/mobilrobot_py_examples:/opt/ros/jazzy DEBUGINFOD_URLS=https://debuginfod.ubuntu.com /usr/bin/cmake --build /home/thomas/tfgazebourdf_ws/build/rb_description -- -j4 -l4
[0.489s] Invoked command in '/home/thomas/tfgazebourdf_ws/build/rb_description' returned '0': CMAKE_PREFIX_PATH=${CMAKE_PREFIX_PATH}:/home/thomas/concepts_ws/install/py_actions:/home/thomas/mobilrobot_ws/install/mobilrobot_py_examples:/opt/ros/jazzy DEBUGINFOD_URLS=https://debuginfod.ubuntu.com /usr/bin/cmake --build /home/thomas/tfgazebourdf_ws/build/rb_description -- -j4 -l4
[0.500s] Invoking command in '/home/thomas/tfgazebourdf_ws/build/rb_description': CMAKE_PREFIX_PATH=${CMAKE_PREFIX_PATH}:/home/thomas/concepts_ws/install/py_actions:/home/thomas/mobilrobot_ws/install/mobilrobot_py_examples:/opt/ros/jazzy DEBUGINFOD_URLS=https://debuginfod.ubuntu.com /usr/bin/cmake --install /home/thomas/tfgazebourdf_ws/build/rb_description
[0.512s] -- Install configuration: ""
[0.512s] -- Installing: /home/thomas/tfgazebourdf_ws/install/rb_description/share/ament_index/resource_index/package_run_dependencies/rb_description
[0.512s] -- Installing: /home/thomas/tfgazebourdf_ws/install/rb_description/share/ament_index/resource_index/parent_prefix_path/rb_description
[0.512s] -- Installing: /home/thomas/tfgazebourdf_ws/install/rb_description/share/rb_description/environment/ament_prefix_path.sh
[0.513s] -- Installing: /home/thomas/tfgazebourdf_ws/install/rb_description/share/rb_description/environment/ament_prefix_path.dsv
[0.513s] -- Installing: /home/thomas/tfgazebourdf_ws/install/rb_description/share/rb_description/environment/path.sh
[0.513s] -- Installing: /home/thomas/tfgazebourdf_ws/install/rb_description/share/rb_description/environment/path.dsv
[0.513s] -- Installing: /home/thomas/tfgazebourdf_ws/install/rb_description/share/rb_description/local_setup.bash
[0.514s] -- Installing: /home/thomas/tfgazebourdf_ws/install/rb_description/share/rb_description/local_setup.sh
[0.514s] -- Installing: /home/thomas/tfgazebourdf_ws/install/rb_description/share/rb_description/local_setup.zsh
[0.514s] -- Installing: /home/thomas/tfgazebourdf_ws/install/rb_description/share/rb_description/local_setup.dsv
[0.514s] -- Installing: /home/thomas/tfgazebourdf_ws/install/rb_description/share/rb_description/package.dsv
[0.514s] -- Installing: /home/thomas/tfgazebourdf_ws/install/rb_description/share/ament_index/resource_index/packages/rb_description
[0.515s] -- Installing: /home/thomas/tfgazebourdf_ws/install/rb_description/share/rb_description/cmake/rb_descriptionConfig.cmake
[0.515s] -- Installing: /home/thomas/tfgazebourdf_ws/install/rb_description/share/rb_description/cmake/rb_descriptionConfig-version.cmake
[0.515s] -- Installing: /home/thomas/tfgazebourdf_ws/install/rb_description/share/rb_description/package.xml
[0.518s] Invoked command in '/home/thomas/tfgazebourdf_ws/build/rb_description' returned '0': CMAKE_PREFIX_PATH=${CMAKE_PREFIX_PATH}:/home/thomas/concepts_ws/install/py_actions:/home/thomas/mobilrobot_ws/install/mobilrobot_py_examples:/opt/ros/jazzy DEBUGINFOD_URLS=https://debuginfod.ubuntu.com /usr/bin/cmake --install /home/thomas/tfgazebourdf_ws/build/rb_description
