[0.022s] Invoking command in '/home/thomas/tfgazebourdf_ws/build/rb_description': CMAKE_PREFIX_PATH=${CMAKE_PREFIX_PATH}:/home/thomas/concepts_ws/install/py_actions:/home/thomas/mobilrobot_ws/install/mobilrobot_py_examples:/opt/ros/jazzy DEBUGINFOD_URLS=https://debuginfod.ubuntu.com /usr/bin/cmake /home/thomas/tfgazebourdf_ws/src/rb_description -DCMAKE_INSTALL_PREFIX=/home/thomas/tfgazebourdf_ws/install/rb_description
[0.065s] -- Found ament_cmake: 2.5.3 (/opt/ros/jazzy/share/ament_cmake/cmake)
[0.353s] -- Override CMake install command with custom implementation using symlinks instead of copying resources
[0.522s] -- Configuring done (0.5s)
[0.529s] -- Generating done (0.0s)
[0.531s] -- Build files have been written to: /home/thomas/tfgazebourdf_ws/build/rb_description
[0.534s] Invoked command in '/home/thomas/tfgazebourdf_ws/build/rb_description' returned '0': CMAKE_PREFIX_PATH=${CMAKE_PREFIX_PATH}:/home/thomas/concepts_ws/install/py_actions:/home/thomas/mobilrobot_ws/install/mobilrobot_py_examples:/opt/ros/jazzy DEBUGINFOD_URLS=https://debuginfod.ubuntu.com /usr/bin/cmake /home/thomas/tfgazebourdf_ws/src/rb_description -DCMAKE_INSTALL_PREFIX=/home/thomas/tfgazebourdf_ws/install/rb_description
[0.538s] Invoking command in '/home/thomas/tfgazebourdf_ws/build/rb_description': CMAKE_PREFIX_PATH=${CMAKE_PREFIX_PATH}:/home/thomas/concepts_ws/install/py_actions:/home/thomas/mobilrobot_ws/install/mobilrobot_py_examples:/opt/ros/jazzy DEBUGINFOD_URLS=https://debuginfod.ubuntu.com /usr/bin/cmake --build /home/thomas/tfgazebourdf_ws/build/rb_description -- -j4 -l4
[0.593s] Invoked command in '/home/thomas/tfgazebourdf_ws/build/rb_description' returned '0': CMAKE_PREFIX_PATH=${CMAKE_PREFIX_PATH}:/home/thomas/concepts_ws/install/py_actions:/home/thomas/mobilrobot_ws/install/mobilrobot_py_examples:/opt/ros/jazzy DEBUGINFOD_URLS=https://debuginfod.ubuntu.com /usr/bin/cmake --build /home/thomas/tfgazebourdf_ws/build/rb_description -- -j4 -l4
[0.607s] Invoking command in '/home/thomas/tfgazebourdf_ws/build/rb_description': CMAKE_PREFIX_PATH=${CMAKE_PREFIX_PATH}:/home/thomas/concepts_ws/install/py_actions:/home/thomas/mobilrobot_ws/install/mobilrobot_py_examples:/opt/ros/jazzy DEBUGINFOD_URLS=https://debuginfod.ubuntu.com /usr/bin/cmake --install /home/thomas/tfgazebourdf_ws/build/rb_description
[0.617s] -- Install configuration: ""
[0.618s] -- Execute custom install script
[0.620s] -- Symlinking: /home/thomas/tfgazebourdf_ws/install/rb_description/share/rb_description//urdf/gazebo.urdf.xacro
[0.632s] -- Up-to-date symlink: /home/thomas/tfgazebourdf_ws/install/rb_description/share/rb_description//urdf/mobilrobot.urdf.xacro
[0.632s] -- Up-to-date symlink: /home/thomas/tfgazebourdf_ws/install/rb_description/share/rb_description//urdf/myrobot.urdf.xacro
[0.633s] -- Up-to-date symlink: /home/thomas/tfgazebourdf_ws/install/rb_description/share/rb_description//launch/display.launch.py
[0.634s] -- Up-to-date symlink: /home/thomas/tfgazebourdf_ws/install/rb_description/share/rb_description//launch/display.launch.xml
[0.634s] -- Up-to-date symlink: /home/thomas/tfgazebourdf_ws/install/rb_description/share/rb_description//rviz/rviz_config.rviz
[0.635s] -- Up-to-date symlink: /home/thomas/tfgazebourdf_ws/install/rb_description/share/ament_index/resource_index/package_run_dependencies/rb_description
[0.636s] -- Up-to-date symlink: /home/thomas/tfgazebourdf_ws/install/rb_description/share/ament_index/resource_index/parent_prefix_path/rb_description
[0.636s] -- Up-to-date symlink: /home/thomas/tfgazebourdf_ws/install/rb_description/share/rb_description/environment/ament_prefix_path.sh
[0.637s] -- Up-to-date symlink: /home/thomas/tfgazebourdf_ws/install/rb_description/share/rb_description/environment/ament_prefix_path.dsv
[0.637s] -- Up-to-date symlink: /home/thomas/tfgazebourdf_ws/install/rb_description/share/rb_description/environment/path.sh
[0.638s] -- Up-to-date symlink: /home/thomas/tfgazebourdf_ws/install/rb_description/share/rb_description/environment/path.dsv
[0.638s] -- Up-to-date symlink: /home/thomas/tfgazebourdf_ws/install/rb_description/share/rb_description/local_setup.bash
[0.638s] -- Up-to-date symlink: /home/thomas/tfgazebourdf_ws/install/rb_description/share/rb_description/local_setup.sh
[0.639s] -- Up-to-date symlink: /home/thomas/tfgazebourdf_ws/install/rb_description/share/rb_description/local_setup.zsh
[0.639s] -- Up-to-date symlink: /home/thomas/tfgazebourdf_ws/install/rb_description/share/rb_description/local_setup.dsv
[0.639s] -- Symlinking: /home/thomas/tfgazebourdf_ws/install/rb_description/share/rb_description/package.dsv
[0.652s] -- Up-to-date symlink: /home/thomas/tfgazebourdf_ws/install/rb_description/share/ament_index/resource_index/packages/rb_description
[0.652s] -- Up-to-date symlink: /home/thomas/tfgazebourdf_ws/install/rb_description/share/rb_description/cmake/rb_descriptionConfig.cmake
[0.652s] -- Up-to-date symlink: /home/thomas/tfgazebourdf_ws/install/rb_description/share/rb_description/cmake/rb_descriptionConfig-version.cmake
[0.653s] -- Up-to-date symlink: /home/thomas/tfgazebourdf_ws/install/rb_description/share/rb_description/package.xml
[0.655s] Invoked command in '/home/thomas/tfgazebourdf_ws/build/rb_description' returned '0': CMAKE_PREFIX_PATH=${CMAKE_PREFIX_PATH}:/home/thomas/concepts_ws/install/py_actions:/home/thomas/mobilrobot_ws/install/mobilrobot_py_examples:/opt/ros/jazzy DEBUGINFOD_URLS=https://debuginfod.ubuntu.com /usr/bin/cmake --install /home/thomas/tfgazebourdf_ws/build/rb_description
