[0.020s] Invoking command in '/home/thomas/tfgazebourdf_ws/build/rb_description': CMAKE_PREFIX_PATH=${CMAKE_PREFIX_PATH}:/home/thomas/concepts_ws/install/py_actions:/home/thomas/mobilrobot_ws/install/mobilrobot_py_examples:/opt/ros/jazzy DEBUGINFOD_URLS=https://debuginfod.ubuntu.com /usr/bin/cmake --build /home/thomas/tfgazebourdf_ws/build/rb_description -- -j4 -l4
[0.065s] -- Found ament_cmake: 2.5.4 (/opt/ros/jazzy/share/ament_cmake/cmake)
[0.396s] -- Override CMake install command with custom implementation using symlinks instead of copying resources
[0.454s] -- Found rclcpp: 28.1.9 (/opt/ros/jazzy/share/rclcpp/cmake)
[0.555s] -- Found rosidl_generator_c: 4.6.5 (/opt/ros/jazzy/share/rosidl_generator_c/cmake)
[0.583s] -- Found rosidl_generator_cpp: 4.6.5 (/opt/ros/jazzy/share/rosidl_generator_cpp/cmake)
[0.622s] -- Using all available rosidl_typesupport_c: rosidl_typesupport_fastrtps_c;rosidl_typesupport_introspection_c
[0.660s] -- Using all available rosidl_typesupport_cpp: rosidl_typesupport_fastrtps_cpp;rosidl_typesupport_introspection_cpp
[0.808s] -- Found rmw_implementation_cmake: 7.3.2 (/opt/ros/jazzy/share/rmw_implementation_cmake/cmake)
[0.817s] -- Found rmw_fastrtps_cpp: 8.4.2 (/opt/ros/jazzy/share/rmw_fastrtps_cpp/cmake)
[0.970s] -- Found OpenSSL: /usr/lib/x86_64-linux-gnu/libcrypto.so (found version "3.0.13")  
[0.997s] -- Found FastRTPS: /opt/ros/jazzy/include (Required is at least version "2.13") 
[1.025s] -- Using RMW implementation 'rmw_fastrtps_cpp' as default
[1.166s] -- Found urdf: 2.10.0 (/opt/ros/jazzy/share/urdf/cmake)
[1.233s] -- Found xacro: 2.0.13 (/opt/ros/jazzy/share/xacro/cmake)
[1.241s] -- Found ros_gz_sim: 1.0.11 (/opt/ros/jazzy/share/ros_gz_sim/cmake)
[1.365s] -- Configuring done (1.3s)
[1.376s] -- Generating done (0.0s)
[1.380s] -- Build files have been written to: /home/thomas/tfgazebourdf_ws/build/rb_description
[1.415s] Invoked command in '/home/thomas/tfgazebourdf_ws/build/rb_description' returned '0': CMAKE_PREFIX_PATH=${CMAKE_PREFIX_PATH}:/home/thomas/concepts_ws/install/py_actions:/home/thomas/mobilrobot_ws/install/mobilrobot_py_examples:/opt/ros/jazzy DEBUGINFOD_URLS=https://debuginfod.ubuntu.com /usr/bin/cmake --build /home/thomas/tfgazebourdf_ws/build/rb_description -- -j4 -l4
[1.417s] Invoking command in '/home/thomas/tfgazebourdf_ws/build/rb_description': CMAKE_PREFIX_PATH=${CMAKE_PREFIX_PATH}:/home/thomas/concepts_ws/install/py_actions:/home/thomas/mobilrobot_ws/install/mobilrobot_py_examples:/opt/ros/jazzy DEBUGINFOD_URLS=https://debuginfod.ubuntu.com /usr/bin/cmake --install /home/thomas/tfgazebourdf_ws/build/rb_description
[1.428s] -- Install configuration: ""
[1.429s] -- Execute custom install script
[1.429s] -- Up-to-date symlink: /home/thomas/tfgazebourdf_ws/install/rb_description/share/rb_description//urdf/arm.xacro
[1.430s] -- Up-to-date symlink: /home/thomas/tfgazebourdf_ws/install/rb_description/share/rb_description//urdf/camera.xacro
[1.430s] -- Up-to-date symlink: /home/thomas/tfgazebourdf_ws/install/rb_description/share/rb_description//urdf/commonproperties.urdf.xacro
[1.431s] -- Up-to-date symlink: /home/thomas/tfgazebourdf_ws/install/rb_description/share/rb_description//urdf/gazebo.xacro
[1.431s] -- Up-to-date symlink: /home/thomas/tfgazebourdf_ws/install/rb_description/share/rb_description//urdf/lidar.xacro
[1.431s] -- Up-to-date symlink: /home/thomas/tfgazebourdf_ws/install/rb_description/share/rb_description//urdf/mobilrobot.urdf.xacro
[1.432s] -- Up-to-date symlink: /home/thomas/tfgazebourdf_ws/install/rb_description/share/rb_description//urdf/myrobot.urdf.xacro
[1.432s] -- Up-to-date symlink: /home/thomas/tfgazebourdf_ws/install/rb_description/share/rb_description//rviz/rviz_config.rviz
[1.433s] -- Up-to-date symlink: /home/thomas/tfgazebourdf_ws/install/rb_description/share/ament_index/resource_index/package_run_dependencies/rb_description
[1.433s] -- Up-to-date symlink: /home/thomas/tfgazebourdf_ws/install/rb_description/share/ament_index/resource_index/parent_prefix_path/rb_description
[1.434s] -- Up-to-date symlink: /home/thomas/tfgazebourdf_ws/install/rb_description/share/rb_description/environment/ament_prefix_path.sh
[1.434s] -- Up-to-date symlink: /home/thomas/tfgazebourdf_ws/install/rb_description/share/rb_description/environment/ament_prefix_path.dsv
[1.435s] -- Up-to-date symlink: /home/thomas/tfgazebourdf_ws/install/rb_description/share/rb_description/environment/path.sh
[1.435s] -- Up-to-date symlink: /home/thomas/tfgazebourdf_ws/install/rb_description/share/rb_description/environment/path.dsv
[1.436s] -- Up-to-date symlink: /home/thomas/tfgazebourdf_ws/install/rb_description/share/rb_description/local_setup.bash
[1.436s] -- Up-to-date symlink: /home/thomas/tfgazebourdf_ws/install/rb_description/share/rb_description/local_setup.sh
[1.436s] -- Up-to-date symlink: /home/thomas/tfgazebourdf_ws/install/rb_description/share/rb_description/local_setup.zsh
[1.437s] -- Up-to-date symlink: /home/thomas/tfgazebourdf_ws/install/rb_description/share/rb_description/local_setup.dsv
[1.437s] -- Symlinking: /home/thomas/tfgazebourdf_ws/install/rb_description/share/rb_description/package.dsv
[1.449s] -- Up-to-date symlink: /home/thomas/tfgazebourdf_ws/install/rb_description/share/ament_index/resource_index/packages/rb_description
[1.449s] -- Up-to-date symlink: /home/thomas/tfgazebourdf_ws/install/rb_description/share/rb_description/cmake/rb_descriptionConfig.cmake
[1.450s] -- Up-to-date symlink: /home/thomas/tfgazebourdf_ws/install/rb_description/share/rb_description/cmake/rb_descriptionConfig-version.cmake
[1.450s] -- Up-to-date symlink: /home/thomas/tfgazebourdf_ws/install/rb_description/share/rb_description/package.xml
[1.453s] Invoked command in '/home/thomas/tfgazebourdf_ws/build/rb_description' returned '0': CMAKE_PREFIX_PATH=${CMAKE_PREFIX_PATH}:/home/thomas/concepts_ws/install/py_actions:/home/thomas/mobilrobot_ws/install/mobilrobot_py_examples:/opt/ros/jazzy DEBUGINFOD_URLS=https://debuginfod.ubuntu.com /usr/bin/cmake --install /home/thomas/tfgazebourdf_ws/build/rb_description
