[0.502s] DEBUG:colcon:Command line arguments: ['/usr/bin/colcon', 'build']
[0.502s] DEBUG:colcon:Parsed command line arguments: Namespace(log_base=None, log_level=None, verb_name='build', build_base='build', install_base='install', merge_install=False, symlink_install=False, test_result_base=None, continue_on_error=False, executor='parallel', parallel_workers=4, event_handlers=None, ignore_user_meta=False, metas=['./colcon.meta'], base_paths=['.'], packages_ignore=None, packages_ignore_regex=None, paths=None, packages_up_to=None, packages_up_to_regex=None, packages_above=None, packages_above_and_dependencies=None, packages_above_depth=None, packages_select_by_dep=None, packages_skip_by_dep=None, packages_skip_up_to=None, packages_select_build_failed=False, packages_skip_build_finished=False, packages_select_test_failures=False, packages_skip_test_passed=False, packages_select=None, packages_skip=None, packages_select_regex=None, packages_skip_regex=None, packages_start=None, packages_end=None, allow_overriding=[], cmake_args=None, cmake_target=None, cmake_target_skip_unavailable=False, cmake_clean_cache=False, cmake_clean_first=False, cmake_force_configure=False, ament_cmake_args=None, catkin_cmake_args=None, catkin_skip_building_tests=False, mixin_files=None, mixin=None, verb_parser=<colcon_mixin.mixin.mixin_argument.MixinArgumentDecorator object at 0x7e268008e300>, verb_extension=<colcon_core.verb.build.BuildVerb object at 0x7e268008e000>, main=<bound method BuildVerb.main of <colcon_core.verb.build.BuildVerb object at 0x7e268008e000>>, mixin_verb=('build',))
[0.572s] Level 1:colcon.colcon_core.package_discovery:discover_packages(colcon_meta) check parameters
[0.573s] Level 1:colcon.colcon_core.package_discovery:discover_packages(recursive) check parameters
[0.573s] Level 1:colcon.colcon_core.package_discovery:discover_packages(ignore) check parameters
[0.573s] Level 1:colcon.colcon_core.package_discovery:discover_packages(path) check parameters
[0.573s] Level 1:colcon.colcon_core.package_discovery:discover_packages(colcon_meta) discover
[0.573s] Level 1:colcon.colcon_core.package_discovery:discover_packages(recursive) discover
[0.573s] INFO:colcon.colcon_core.package_discovery:Crawling recursively for packages in '/home/thomas/tfgazebourdf_ws'
[0.573s] Level 1:colcon.colcon_core.package_identification:_identify(.) by extensions ['ignore', 'ignore_ament_install']
[0.573s] Level 1:colcon.colcon_core.package_identification:_identify(.) by extension 'ignore'
[0.573s] Level 1:colcon.colcon_core.package_identification:_identify(.) by extension 'ignore_ament_install'
[0.573s] Level 1:colcon.colcon_core.package_identification:_identify(.) by extensions ['colcon_pkg']
[0.573s] Level 1:colcon.colcon_core.package_identification:_identify(.) by extension 'colcon_pkg'
[0.573s] Level 1:colcon.colcon_core.package_identification:_identify(.) by extensions ['colcon_meta']
[0.573s] Level 1:colcon.colcon_core.package_identification:_identify(.) by extension 'colcon_meta'
[0.573s] Level 1:colcon.colcon_core.package_identification:_identify(.) by extensions ['ros']
[0.573s] Level 1:colcon.colcon_core.package_identification:_identify(.) by extension 'ros'
[0.617s] Level 1:colcon.colcon_core.package_identification:_identify(.) by extensions ['cmake', 'python']
[0.617s] Level 1:colcon.colcon_core.package_identification:_identify(.) by extension 'cmake'
[0.617s] Level 1:colcon.colcon_core.package_identification:_identify(.) by extension 'python'
[0.617s] Level 1:colcon.colcon_core.package_identification:_identify(.) by extensions ['python_setup_py']
[0.617s] Level 1:colcon.colcon_core.package_identification:_identify(.) by extension 'python_setup_py'
[0.617s] Level 1:colcon.colcon_core.package_identification:_identify(build) by extensions ['ignore', 'ignore_ament_install']
[0.617s] Level 1:colcon.colcon_core.package_identification:_identify(build) by extension 'ignore'
[0.617s] Level 1:colcon.colcon_core.package_identification:_identify(build) ignored
[0.618s] Level 1:colcon.colcon_core.package_identification:_identify(install) by extensions ['ignore', 'ignore_ament_install']
[0.618s] Level 1:colcon.colcon_core.package_identification:_identify(install) by extension 'ignore'
[0.618s] Level 1:colcon.colcon_core.package_identification:_identify(install) ignored
[0.619s] Level 1:colcon.colcon_core.package_identification:_identify(log) by extensions ['ignore', 'ignore_ament_install']
[0.619s] Level 1:colcon.colcon_core.package_identification:_identify(log) by extension 'ignore'
[0.619s] Level 1:colcon.colcon_core.package_identification:_identify(log) ignored
[0.619s] Level 1:colcon.colcon_core.package_identification:_identify(src) by extensions ['ignore', 'ignore_ament_install']
[0.619s] Level 1:colcon.colcon_core.package_identification:_identify(src) by extension 'ignore'
[0.619s] Level 1:colcon.colcon_core.package_identification:_identify(src) by extension 'ignore_ament_install'
[0.619s] Level 1:colcon.colcon_core.package_identification:_identify(src) by extensions ['colcon_pkg']
[0.619s] Level 1:colcon.colcon_core.package_identification:_identify(src) by extension 'colcon_pkg'
[0.619s] Level 1:colcon.colcon_core.package_identification:_identify(src) by extensions ['colcon_meta']
[0.619s] Level 1:colcon.colcon_core.package_identification:_identify(src) by extension 'colcon_meta'
[0.619s] Level 1:colcon.colcon_core.package_identification:_identify(src) by extensions ['ros']
[0.619s] Level 1:colcon.colcon_core.package_identification:_identify(src) by extension 'ros'
[0.620s] Level 1:colcon.colcon_core.package_identification:_identify(src) by extensions ['cmake', 'python']
[0.620s] Level 1:colcon.colcon_core.package_identification:_identify(src) by extension 'cmake'
[0.620s] Level 1:colcon.colcon_core.package_identification:_identify(src) by extension 'python'
[0.620s] Level 1:colcon.colcon_core.package_identification:_identify(src) by extensions ['python_setup_py']
[0.620s] Level 1:colcon.colcon_core.package_identification:_identify(src) by extension 'python_setup_py'
[0.620s] Level 1:colcon.colcon_core.package_identification:_identify(src/my_robot_bringup) by extensions ['ignore', 'ignore_ament_install']
[0.620s] Level 1:colcon.colcon_core.package_identification:_identify(src/my_robot_bringup) by extension 'ignore'
[0.620s] Level 1:colcon.colcon_core.package_identification:_identify(src/my_robot_bringup) by extension 'ignore_ament_install'
[0.620s] Level 1:colcon.colcon_core.package_identification:_identify(src/my_robot_bringup) by extensions ['colcon_pkg']
[0.620s] Level 1:colcon.colcon_core.package_identification:_identify(src/my_robot_bringup) by extension 'colcon_pkg'
[0.620s] Level 1:colcon.colcon_core.package_identification:_identify(src/my_robot_bringup) by extensions ['colcon_meta']
[0.620s] Level 1:colcon.colcon_core.package_identification:_identify(src/my_robot_bringup) by extension 'colcon_meta'
[0.620s] Level 1:colcon.colcon_core.package_identification:_identify(src/my_robot_bringup) by extensions ['ros']
[0.620s] Level 1:colcon.colcon_core.package_identification:_identify(src/my_robot_bringup) by extension 'ros'
[0.623s] DEBUG:colcon.colcon_core.package_identification:Package 'src/my_robot_bringup' with type 'ros.ament_cmake' and name 'my_robot_bringup'
[0.623s] Level 1:colcon.colcon_core.package_identification:_identify(src/rb_description) by extensions ['ignore', 'ignore_ament_install']
[0.624s] Level 1:colcon.colcon_core.package_identification:_identify(src/rb_description) by extension 'ignore'
[0.624s] Level 1:colcon.colcon_core.package_identification:_identify(src/rb_description) by extension 'ignore_ament_install'
[0.624s] Level 1:colcon.colcon_core.package_identification:_identify(src/rb_description) by extensions ['colcon_pkg']
[0.624s] Level 1:colcon.colcon_core.package_identification:_identify(src/rb_description) by extension 'colcon_pkg'
[0.624s] Level 1:colcon.colcon_core.package_identification:_identify(src/rb_description) by extensions ['colcon_meta']
[0.624s] Level 1:colcon.colcon_core.package_identification:_identify(src/rb_description) by extension 'colcon_meta'
[0.624s] Level 1:colcon.colcon_core.package_identification:_identify(src/rb_description) by extensions ['ros']
[0.624s] Level 1:colcon.colcon_core.package_identification:_identify(src/rb_description) by extension 'ros'
[0.625s] DEBUG:colcon.colcon_core.package_identification:Package 'src/rb_description' with type 'ros.ament_cmake' and name 'rb_description'
[0.625s] Level 1:colcon.colcon_core.package_discovery:discover_packages(recursive) using defaults
[0.625s] Level 1:colcon.colcon_core.package_discovery:discover_packages(ignore) discover
[0.625s] Level 1:colcon.colcon_core.package_discovery:discover_packages(ignore) using defaults
[0.625s] Level 1:colcon.colcon_core.package_discovery:discover_packages(path) discover
[0.625s] Level 1:colcon.colcon_core.package_discovery:discover_packages(path) using defaults
[0.655s] Level 1:colcon.colcon_core.package_discovery:discover_packages(prefix_path) check parameters
[0.655s] Level 1:colcon.colcon_core.package_discovery:discover_packages(prefix_path) discover
[0.679s] DEBUG:colcon.colcon_installed_package_information.package_discovery:Found 1 installed packages in /home/thomas/actionslcnodeexecutor_ws/install
[0.681s] DEBUG:colcon.colcon_installed_package_information.package_discovery:Found 2 installed packages in /home/thomas/tfgazebourdf_ws/install
[0.689s] DEBUG:colcon.colcon_installed_package_information.package_discovery:Found 4 installed packages in /home/thomas/concepts_ws/install
[0.699s] DEBUG:colcon.colcon_installed_package_information.package_discovery:Found 5 installed packages in /home/thomas/mobilrobot_ws/install
[0.705s] DEBUG:colcon.colcon_installed_package_information.package_discovery:Found 399 installed packages in /opt/ros/jazzy
[0.707s] Level 1:colcon.colcon_core.package_discovery:discover_packages(prefix_path) using defaults
[0.935s] Level 5:colcon.colcon_core.verb:set package 'my_robot_bringup' build argument 'cmake_args' from command line to 'None'
[0.935s] Level 5:colcon.colcon_core.verb:set package 'my_robot_bringup' build argument 'cmake_target' from command line to 'None'
[0.935s] Level 5:colcon.colcon_core.verb:set package 'my_robot_bringup' build argument 'cmake_target_skip_unavailable' from command line to 'False'
[0.935s] Level 5:colcon.colcon_core.verb:set package 'my_robot_bringup' build argument 'cmake_clean_cache' from command line to 'False'
[0.935s] Level 5:colcon.colcon_core.verb:set package 'my_robot_bringup' build argument 'cmake_clean_first' from command line to 'False'
[0.935s] Level 5:colcon.colcon_core.verb:set package 'my_robot_bringup' build argument 'cmake_force_configure' from command line to 'False'
[0.935s] Level 5:colcon.colcon_core.verb:set package 'my_robot_bringup' build argument 'ament_cmake_args' from command line to 'None'
[0.935s] Level 5:colcon.colcon_core.verb:set package 'my_robot_bringup' build argument 'catkin_cmake_args' from command line to 'None'
[0.935s] Level 5:colcon.colcon_core.verb:set package 'my_robot_bringup' build argument 'catkin_skip_building_tests' from command line to 'False'
[0.935s] DEBUG:colcon.colcon_core.verb:Building package 'my_robot_bringup' with the following arguments: {'ament_cmake_args': None, 'build_base': '/home/thomas/tfgazebourdf_ws/build/my_robot_bringup', 'catkin_cmake_args': None, 'catkin_skip_building_tests': False, 'cmake_args': None, 'cmake_clean_cache': False, 'cmake_clean_first': False, 'cmake_force_configure': False, 'cmake_target': None, 'cmake_target_skip_unavailable': False, 'install_base': '/home/thomas/tfgazebourdf_ws/install/my_robot_bringup', 'merge_install': False, 'path': '/home/thomas/tfgazebourdf_ws/src/my_robot_bringup', 'symlink_install': False, 'test_result_base': None}
[0.936s] Level 5:colcon.colcon_core.verb:set package 'rb_description' build argument 'cmake_args' from command line to 'None'
[0.936s] Level 5:colcon.colcon_core.verb:set package 'rb_description' build argument 'cmake_target' from command line to 'None'
[0.936s] Level 5:colcon.colcon_core.verb:set package 'rb_description' build argument 'cmake_target_skip_unavailable' from command line to 'False'
[0.936s] Level 5:colcon.colcon_core.verb:set package 'rb_description' build argument 'cmake_clean_cache' from command line to 'False'
[0.936s] Level 5:colcon.colcon_core.verb:set package 'rb_description' build argument 'cmake_clean_first' from command line to 'False'
[0.936s] Level 5:colcon.colcon_core.verb:set package 'rb_description' build argument 'cmake_force_configure' from command line to 'False'
[0.936s] Level 5:colcon.colcon_core.verb:set package 'rb_description' build argument 'ament_cmake_args' from command line to 'None'
[0.936s] Level 5:colcon.colcon_core.verb:set package 'rb_description' build argument 'catkin_cmake_args' from command line to 'None'
[0.936s] Level 5:colcon.colcon_core.verb:set package 'rb_description' build argument 'catkin_skip_building_tests' from command line to 'False'
[0.936s] DEBUG:colcon.colcon_core.verb:Building package 'rb_description' with the following arguments: {'ament_cmake_args': None, 'build_base': '/home/thomas/tfgazebourdf_ws/build/rb_description', 'catkin_cmake_args': None, 'catkin_skip_building_tests': False, 'cmake_args': None, 'cmake_clean_cache': False, 'cmake_clean_first': False, 'cmake_force_configure': False, 'cmake_target': None, 'cmake_target_skip_unavailable': False, 'install_base': '/home/thomas/tfgazebourdf_ws/install/rb_description', 'merge_install': False, 'path': '/home/thomas/tfgazebourdf_ws/src/rb_description', 'symlink_install': False, 'test_result_base': None}
[0.936s] INFO:colcon.colcon_core.executor:Executing jobs using 'parallel' executor
[0.937s] DEBUG:colcon.colcon_parallel_executor.executor.parallel:run_until_complete
[0.938s] INFO:colcon.colcon_ros.task.ament_cmake.build:Building ROS package in '/home/thomas/tfgazebourdf_ws/src/my_robot_bringup' with build type 'ament_cmake'
[0.938s] INFO:colcon.colcon_cmake.task.cmake.build:Building CMake package in '/home/thomas/tfgazebourdf_ws/src/my_robot_bringup'
[0.945s] INFO:colcon.colcon_core.plugin_system:Skipping extension 'colcon_core.shell.bat': Not used on non-Windows systems
[0.945s] INFO:colcon.colcon_core.shell:Skip shell extension 'powershell' for command environment: Not usable outside of PowerShell
[0.945s] DEBUG:colcon.colcon_core.shell:Skip shell extension 'dsv' for command environment
[0.952s] INFO:colcon.colcon_ros.task.ament_cmake.build:Building ROS package in '/home/thomas/tfgazebourdf_ws/src/rb_description' with build type 'ament_cmake'
[0.952s] INFO:colcon.colcon_cmake.task.cmake.build:Building CMake package in '/home/thomas/tfgazebourdf_ws/src/rb_description'
[0.952s] INFO:colcon.colcon_core.shell:Skip shell extension 'powershell' for command environment: Not usable outside of PowerShell
[0.952s] DEBUG:colcon.colcon_core.shell:Skip shell extension 'dsv' for command environment
[0.963s] DEBUG:colcon.colcon_core.event_handler.log_command:Invoking command in '/home/thomas/tfgazebourdf_ws/build/my_robot_bringup': CMAKE_PREFIX_PATH=${CMAKE_PREFIX_PATH}:/home/thomas/concepts_ws/install/py_actions:/home/thomas/mobilrobot_ws/install/mobilrobot_py_examples:/opt/ros/jazzy DEBUGINFOD_URLS=https://debuginfod.ubuntu.com /usr/bin/cmake --build /home/thomas/tfgazebourdf_ws/build/my_robot_bringup -- -j4 -l4
[0.973s] DEBUG:colcon.colcon_core.event_handler.log_command:Invoking command in '/home/thomas/tfgazebourdf_ws/build/rb_description': CMAKE_PREFIX_PATH=${CMAKE_PREFIX_PATH}:/home/thomas/concepts_ws/install/py_actions:/home/thomas/mobilrobot_ws/install/mobilrobot_py_examples:/opt/ros/jazzy DEBUGINFOD_URLS=https://debuginfod.ubuntu.com /usr/bin/cmake --build /home/thomas/tfgazebourdf_ws/build/rb_description -- -j4 -l4
[1.056s] DEBUG:colcon.colcon_core.event_handler.log_command:Invoked command in '/home/thomas/tfgazebourdf_ws/build/my_robot_bringup' returned '0': CMAKE_PREFIX_PATH=${CMAKE_PREFIX_PATH}:/home/thomas/concepts_ws/install/py_actions:/home/thomas/mobilrobot_ws/install/mobilrobot_py_examples:/opt/ros/jazzy DEBUGINFOD_URLS=https://debuginfod.ubuntu.com /usr/bin/cmake --build /home/thomas/tfgazebourdf_ws/build/my_robot_bringup -- -j4 -l4
[1.069s] DEBUG:colcon.colcon_core.event_handler.log_command:Invoking command in '/home/thomas/tfgazebourdf_ws/build/my_robot_bringup': CMAKE_PREFIX_PATH=${CMAKE_PREFIX_PATH}:/home/thomas/concepts_ws/install/py_actions:/home/thomas/mobilrobot_ws/install/mobilrobot_py_examples:/opt/ros/jazzy DEBUGINFOD_URLS=https://debuginfod.ubuntu.com /usr/bin/cmake --install /home/thomas/tfgazebourdf_ws/build/my_robot_bringup
[1.070s] DEBUG:colcon.colcon_core.event_handler.log_command:Invoked command in '/home/thomas/tfgazebourdf_ws/build/rb_description' returned '0': CMAKE_PREFIX_PATH=${CMAKE_PREFIX_PATH}:/home/thomas/concepts_ws/install/py_actions:/home/thomas/mobilrobot_ws/install/mobilrobot_py_examples:/opt/ros/jazzy DEBUGINFOD_URLS=https://debuginfod.ubuntu.com /usr/bin/cmake --build /home/thomas/tfgazebourdf_ws/build/rb_description -- -j4 -l4
[1.072s] DEBUG:colcon.colcon_core.event_handler.log_command:Invoking command in '/home/thomas/tfgazebourdf_ws/build/rb_description': CMAKE_PREFIX_PATH=${CMAKE_PREFIX_PATH}:/home/thomas/concepts_ws/install/py_actions:/home/thomas/mobilrobot_ws/install/mobilrobot_py_examples:/opt/ros/jazzy DEBUGINFOD_URLS=https://debuginfod.ubuntu.com /usr/bin/cmake --install /home/thomas/tfgazebourdf_ws/build/rb_description
[1.122s] Level 1:colcon.colcon_core.environment:create_environment_scripts_only(rb_description)
[1.125s] DEBUG:colcon.colcon_core.event_handler.log_command:Invoked command in '/home/thomas/tfgazebourdf_ws/build/rb_description' returned '0': CMAKE_PREFIX_PATH=${CMAKE_PREFIX_PATH}:/home/thomas/concepts_ws/install/py_actions:/home/thomas/mobilrobot_ws/install/mobilrobot_py_examples:/opt/ros/jazzy DEBUGINFOD_URLS=https://debuginfod.ubuntu.com /usr/bin/cmake --install /home/thomas/tfgazebourdf_ws/build/rb_description
[1.134s] Level 1:colcon.colcon_core.environment:checking '/home/thomas/tfgazebourdf_ws/install/rb_description' for CMake module files
[1.135s] Level 1:colcon.colcon_core.environment:checking '/home/thomas/tfgazebourdf_ws/install/rb_description' for CMake config files
[1.136s] Level 1:colcon.colcon_core.shell:create_environment_hook('rb_description', 'cmake_prefix_path')
[1.137s] INFO:colcon.colcon_core.shell:Creating environment hook '/home/thomas/tfgazebourdf_ws/install/rb_description/share/rb_description/hook/cmake_prefix_path.ps1'
[1.138s] INFO:colcon.colcon_core.shell:Creating environment descriptor '/home/thomas/tfgazebourdf_ws/install/rb_description/share/rb_description/hook/cmake_prefix_path.dsv'
[1.139s] INFO:colcon.colcon_core.shell:Creating environment hook '/home/thomas/tfgazebourdf_ws/install/rb_description/share/rb_description/hook/cmake_prefix_path.sh'
[1.141s] Level 1:colcon.colcon_core.environment:checking '/home/thomas/tfgazebourdf_ws/install/rb_description/bin'
[1.141s] Level 1:colcon.colcon_core.environment:checking '/home/thomas/tfgazebourdf_ws/install/rb_description/lib/pkgconfig/rb_description.pc'
[1.141s] Level 1:colcon.colcon_core.environment:checking '/home/thomas/tfgazebourdf_ws/install/rb_description/lib/python3.12/site-packages'
[1.142s] Level 1:colcon.colcon_core.environment:checking '/home/thomas/tfgazebourdf_ws/install/rb_description/bin'
[1.142s] INFO:colcon.colcon_core.shell:Creating package script '/home/thomas/tfgazebourdf_ws/install/rb_description/share/rb_description/package.ps1'
[1.143s] INFO:colcon.colcon_core.shell:Creating package descriptor '/home/thomas/tfgazebourdf_ws/install/rb_description/share/rb_description/package.dsv'
[1.143s] INFO:colcon.colcon_core.shell:Creating package script '/home/thomas/tfgazebourdf_ws/install/rb_description/share/rb_description/package.sh'
[1.144s] INFO:colcon.colcon_core.shell:Creating package script '/home/thomas/tfgazebourdf_ws/install/rb_description/share/rb_description/package.bash'
[1.145s] INFO:colcon.colcon_core.shell:Creating package script '/home/thomas/tfgazebourdf_ws/install/rb_description/share/rb_description/package.zsh'
[1.146s] Level 1:colcon.colcon_core.environment:create_file_with_runtime_dependencies(/home/thomas/tfgazebourdf_ws/install/rb_description/share/colcon-core/packages/rb_description)
[1.147s] Level 1:colcon.colcon_core.environment:create_environment_scripts_only(rb_description)
[1.147s] Level 1:colcon.colcon_core.environment:checking '/home/thomas/tfgazebourdf_ws/install/rb_description' for CMake module files
[1.148s] Level 1:colcon.colcon_core.environment:checking '/home/thomas/tfgazebourdf_ws/install/rb_description' for CMake config files
[1.149s] Level 1:colcon.colcon_core.shell:create_environment_hook('rb_description', 'cmake_prefix_path')
[1.149s] INFO:colcon.colcon_core.shell:Creating environment hook '/home/thomas/tfgazebourdf_ws/install/rb_description/share/rb_description/hook/cmake_prefix_path.ps1'
[1.150s] INFO:colcon.colcon_core.shell:Creating environment descriptor '/home/thomas/tfgazebourdf_ws/install/rb_description/share/rb_description/hook/cmake_prefix_path.dsv'
[1.150s] INFO:colcon.colcon_core.shell:Creating environment hook '/home/thomas/tfgazebourdf_ws/install/rb_description/share/rb_description/hook/cmake_prefix_path.sh'
[1.151s] Level 1:colcon.colcon_core.environment:checking '/home/thomas/tfgazebourdf_ws/install/rb_description/bin'
[1.151s] Level 1:colcon.colcon_core.environment:checking '/home/thomas/tfgazebourdf_ws/install/rb_description/lib/pkgconfig/rb_description.pc'
[1.152s] Level 1:colcon.colcon_core.environment:checking '/home/thomas/tfgazebourdf_ws/install/rb_description/lib/python3.12/site-packages'
[1.152s] Level 1:colcon.colcon_core.environment:checking '/home/thomas/tfgazebourdf_ws/install/rb_description/bin'
[1.152s] INFO:colcon.colcon_core.shell:Creating package script '/home/thomas/tfgazebourdf_ws/install/rb_description/share/rb_description/package.ps1'
[1.153s] INFO:colcon.colcon_core.shell:Creating package descriptor '/home/thomas/tfgazebourdf_ws/install/rb_description/share/rb_description/package.dsv'
[1.154s] INFO:colcon.colcon_core.shell:Creating package script '/home/thomas/tfgazebourdf_ws/install/rb_description/share/rb_description/package.sh'
[1.154s] INFO:colcon.colcon_core.shell:Creating package script '/home/thomas/tfgazebourdf_ws/install/rb_description/share/rb_description/package.bash'
[1.155s] INFO:colcon.colcon_core.shell:Creating package script '/home/thomas/tfgazebourdf_ws/install/rb_description/share/rb_description/package.zsh'
[1.155s] Level 1:colcon.colcon_core.environment:create_file_with_runtime_dependencies(/home/thomas/tfgazebourdf_ws/install/rb_description/share/colcon-core/packages/rb_description)
[1.157s] Level 1:colcon.colcon_core.environment:create_environment_scripts_only(my_robot_bringup)
[1.157s] Level 1:colcon.colcon_core.environment:checking '/home/thomas/tfgazebourdf_ws/install/my_robot_bringup' for CMake module files
[1.158s] DEBUG:colcon.colcon_core.event_handler.log_command:Invoked command in '/home/thomas/tfgazebourdf_ws/build/my_robot_bringup' returned '0': CMAKE_PREFIX_PATH=${CMAKE_PREFIX_PATH}:/home/thomas/concepts_ws/install/py_actions:/home/thomas/mobilrobot_ws/install/mobilrobot_py_examples:/opt/ros/jazzy DEBUGINFOD_URLS=https://debuginfod.ubuntu.com /usr/bin/cmake --install /home/thomas/tfgazebourdf_ws/build/my_robot_bringup
[1.159s] Level 1:colcon.colcon_core.environment:checking '/home/thomas/tfgazebourdf_ws/install/my_robot_bringup' for CMake config files
[1.159s] Level 1:colcon.colcon_core.shell:create_environment_hook('my_robot_bringup', 'cmake_prefix_path')
[1.160s] INFO:colcon.colcon_core.shell:Creating environment hook '/home/thomas/tfgazebourdf_ws/install/my_robot_bringup/share/my_robot_bringup/hook/cmake_prefix_path.ps1'
[1.160s] INFO:colcon.colcon_core.shell:Creating environment descriptor '/home/thomas/tfgazebourdf_ws/install/my_robot_bringup/share/my_robot_bringup/hook/cmake_prefix_path.dsv'
[1.161s] INFO:colcon.colcon_core.shell:Creating environment hook '/home/thomas/tfgazebourdf_ws/install/my_robot_bringup/share/my_robot_bringup/hook/cmake_prefix_path.sh'
[1.162s] Level 1:colcon.colcon_core.environment:checking '/home/thomas/tfgazebourdf_ws/install/my_robot_bringup/bin'
[1.162s] Level 1:colcon.colcon_core.environment:checking '/home/thomas/tfgazebourdf_ws/install/my_robot_bringup/lib/pkgconfig/my_robot_bringup.pc'
[1.162s] Level 1:colcon.colcon_core.environment:checking '/home/thomas/tfgazebourdf_ws/install/my_robot_bringup/lib/python3.12/site-packages'
[1.163s] Level 1:colcon.colcon_core.environment:checking '/home/thomas/tfgazebourdf_ws/install/my_robot_bringup/bin'
[1.163s] INFO:colcon.colcon_core.shell:Creating package script '/home/thomas/tfgazebourdf_ws/install/my_robot_bringup/share/my_robot_bringup/package.ps1'
[1.164s] INFO:colcon.colcon_core.shell:Creating package descriptor '/home/thomas/tfgazebourdf_ws/install/my_robot_bringup/share/my_robot_bringup/package.dsv'
[1.164s] INFO:colcon.colcon_core.shell:Creating package script '/home/thomas/tfgazebourdf_ws/install/my_robot_bringup/share/my_robot_bringup/package.sh'
[1.165s] INFO:colcon.colcon_core.shell:Creating package script '/home/thomas/tfgazebourdf_ws/install/my_robot_bringup/share/my_robot_bringup/package.bash'
[1.165s] INFO:colcon.colcon_core.shell:Creating package script '/home/thomas/tfgazebourdf_ws/install/my_robot_bringup/share/my_robot_bringup/package.zsh'
[1.165s] Level 1:colcon.colcon_core.environment:create_file_with_runtime_dependencies(/home/thomas/tfgazebourdf_ws/install/my_robot_bringup/share/colcon-core/packages/my_robot_bringup)
[1.166s] Level 1:colcon.colcon_core.environment:create_environment_scripts_only(my_robot_bringup)
[1.166s] Level 1:colcon.colcon_core.environment:checking '/home/thomas/tfgazebourdf_ws/install/my_robot_bringup' for CMake module files
[1.167s] Level 1:colcon.colcon_core.environment:checking '/home/thomas/tfgazebourdf_ws/install/my_robot_bringup' for CMake config files
[1.167s] Level 1:colcon.colcon_core.shell:create_environment_hook('my_robot_bringup', 'cmake_prefix_path')
[1.168s] INFO:colcon.colcon_core.shell:Creating environment hook '/home/thomas/tfgazebourdf_ws/install/my_robot_bringup/share/my_robot_bringup/hook/cmake_prefix_path.ps1'
[1.168s] INFO:colcon.colcon_core.shell:Creating environment descriptor '/home/thomas/tfgazebourdf_ws/install/my_robot_bringup/share/my_robot_bringup/hook/cmake_prefix_path.dsv'
[1.168s] INFO:colcon.colcon_core.shell:Creating environment hook '/home/thomas/tfgazebourdf_ws/install/my_robot_bringup/share/my_robot_bringup/hook/cmake_prefix_path.sh'
[1.169s] Level 1:colcon.colcon_core.environment:checking '/home/thomas/tfgazebourdf_ws/install/my_robot_bringup/bin'
[1.169s] Level 1:colcon.colcon_core.environment:checking '/home/thomas/tfgazebourdf_ws/install/my_robot_bringup/lib/pkgconfig/my_robot_bringup.pc'
[1.169s] Level 1:colcon.colcon_core.environment:checking '/home/thomas/tfgazebourdf_ws/install/my_robot_bringup/lib/python3.12/site-packages'
[1.170s] Level 1:colcon.colcon_core.environment:checking '/home/thomas/tfgazebourdf_ws/install/my_robot_bringup/bin'
[1.170s] INFO:colcon.colcon_core.shell:Creating package script '/home/thomas/tfgazebourdf_ws/install/my_robot_bringup/share/my_robot_bringup/package.ps1'
[1.170s] INFO:colcon.colcon_core.shell:Creating package descriptor '/home/thomas/tfgazebourdf_ws/install/my_robot_bringup/share/my_robot_bringup/package.dsv'
[1.171s] INFO:colcon.colcon_core.shell:Creating package script '/home/thomas/tfgazebourdf_ws/install/my_robot_bringup/share/my_robot_bringup/package.sh'
[1.171s] INFO:colcon.colcon_core.shell:Creating package script '/home/thomas/tfgazebourdf_ws/install/my_robot_bringup/share/my_robot_bringup/package.bash'
[1.172s] INFO:colcon.colcon_core.shell:Creating package script '/home/thomas/tfgazebourdf_ws/install/my_robot_bringup/share/my_robot_bringup/package.zsh'
[1.172s] Level 1:colcon.colcon_core.environment:create_file_with_runtime_dependencies(/home/thomas/tfgazebourdf_ws/install/my_robot_bringup/share/colcon-core/packages/my_robot_bringup)
[1.173s] DEBUG:colcon.colcon_parallel_executor.executor.parallel:closing loop
[1.173s] DEBUG:colcon.colcon_parallel_executor.executor.parallel:loop closed
[1.173s] DEBUG:colcon.colcon_parallel_executor.executor.parallel:run_until_complete finished with '0'
[1.173s] DEBUG:colcon.colcon_core.event_reactor:joining thread
[1.187s] INFO:colcon.colcon_core.plugin_system:Skipping extension 'colcon_notification.desktop_notification.terminal_notifier': Not used on non-Darwin systems
[1.187s] INFO:colcon.colcon_core.plugin_system:Skipping extension 'colcon_notification.desktop_notification.win32': Not used on non-Windows systems
[1.187s] INFO:colcon.colcon_notification.desktop_notification:Sending desktop notification using 'notify2'
[1.253s] DEBUG:colcon.colcon_core.event_reactor:joined thread
[1.254s] INFO:colcon.colcon_core.shell:Creating prefix script '/home/thomas/tfgazebourdf_ws/install/local_setup.ps1'
[1.255s] INFO:colcon.colcon_core.shell:Creating prefix util module '/home/thomas/tfgazebourdf_ws/install/_local_setup_util_ps1.py'
[1.256s] INFO:colcon.colcon_core.shell:Creating prefix chain script '/home/thomas/tfgazebourdf_ws/install/setup.ps1'
[1.258s] INFO:colcon.colcon_core.shell:Creating prefix script '/home/thomas/tfgazebourdf_ws/install/local_setup.sh'
[1.259s] INFO:colcon.colcon_core.shell:Creating prefix util module '/home/thomas/tfgazebourdf_ws/install/_local_setup_util_sh.py'
[1.259s] INFO:colcon.colcon_core.shell:Creating prefix chain script '/home/thomas/tfgazebourdf_ws/install/setup.sh'
[1.261s] INFO:colcon.colcon_core.shell:Creating prefix script '/home/thomas/tfgazebourdf_ws/install/local_setup.bash'
[1.262s] INFO:colcon.colcon_core.shell:Creating prefix chain script '/home/thomas/tfgazebourdf_ws/install/setup.bash'
[1.264s] INFO:colcon.colcon_core.shell:Creating prefix script '/home/thomas/tfgazebourdf_ws/install/local_setup.zsh'
[1.264s] INFO:colcon.colcon_core.shell:Creating prefix chain script '/home/thomas/tfgazebourdf_ws/install/setup.zsh'
