[0.127s] DEBUG:colcon:Command line arguments: ['/usr/bin/colcon', 'build']
[0.127s] DEBUG:colcon:Parsed command line arguments: Namespace(log_base=None, log_level=None, verb_name='build', build_base='build', install_base='install', merge_install=False, symlink_install=False, test_result_base=None, continue_on_error=False, executor='parallel', parallel_workers=4, event_handlers=None, ignore_user_meta=False, metas=['./colcon.meta'], base_paths=['.'], packages_ignore=None, packages_ignore_regex=None, paths=None, packages_up_to=None, packages_up_to_regex=None, packages_above=None, packages_above_and_dependencies=None, packages_above_depth=None, packages_select_by_dep=None, packages_skip_by_dep=None, packages_skip_up_to=None, packages_select_build_failed=False, packages_skip_build_finished=False, packages_select_test_failures=False, packages_skip_test_passed=False, packages_select=None, packages_skip=None, packages_select_regex=None, packages_skip_regex=None, packages_start=None, packages_end=None, allow_overriding=[], cmake_args=None, cmake_target=None, cmake_target_skip_unavailable=False, cmake_clean_cache=False, cmake_clean_first=False, cmake_force_configure=False, ament_cmake_args=None, catkin_cmake_args=None, catkin_skip_building_tests=False, mixin_files=None, mixin=None, verb_parser=<colcon_mixin.mixin.mixin_argument.MixinArgumentDecorator object at 0x7597d4aa5fa0>, verb_extension=<colcon_core.verb.build.BuildVerb object at 0x7597d4aa5c70>, main=<bound method BuildVerb.main of <colcon_core.verb.build.BuildVerb object at 0x7597d4aa5c70>>, mixin_verb=('build',))
[0.171s] Level 1:colcon.colcon_core.package_discovery:discover_packages(colcon_meta) check parameters
[0.171s] Level 1:colcon.colcon_core.package_discovery:discover_packages(recursive) check parameters
[0.171s] Level 1:colcon.colcon_core.package_discovery:discover_packages(ignore) check parameters
[0.171s] Level 1:colcon.colcon_core.package_discovery:discover_packages(path) check parameters
[0.171s] Level 1:colcon.colcon_core.package_discovery:discover_packages(colcon_meta) discover
[0.171s] Level 1:colcon.colcon_core.package_discovery:discover_packages(recursive) discover
[0.171s] INFO:colcon.colcon_core.package_discovery:Crawling recursively for packages in '/home/thomas/tfgazebourdf_ws'
[0.171s] Level 1:colcon.colcon_core.package_identification:_identify(.) by extensions ['ignore', 'ignore_ament_install']
[0.171s] Level 1:colcon.colcon_core.package_identification:_identify(.) by extension 'ignore'
[0.171s] Level 1:colcon.colcon_core.package_identification:_identify(.) by extension 'ignore_ament_install'
[0.171s] Level 1:colcon.colcon_core.package_identification:_identify(.) by extensions ['colcon_pkg']
[0.171s] Level 1:colcon.colcon_core.package_identification:_identify(.) by extension 'colcon_pkg'
[0.172s] Level 1:colcon.colcon_core.package_identification:_identify(.) by extensions ['colcon_meta']
[0.172s] Level 1:colcon.colcon_core.package_identification:_identify(.) by extension 'colcon_meta'
[0.172s] Level 1:colcon.colcon_core.package_identification:_identify(.) by extensions ['ros']
[0.172s] Level 1:colcon.colcon_core.package_identification:_identify(.) by extension 'ros'
[0.201s] Level 1:colcon.colcon_core.package_identification:_identify(.) by extensions ['cmake', 'python']
[0.201s] Level 1:colcon.colcon_core.package_identification:_identify(.) by extension 'cmake'
[0.201s] Level 1:colcon.colcon_core.package_identification:_identify(.) by extension 'python'
[0.201s] Level 1:colcon.colcon_core.package_identification:_identify(.) by extensions ['python_setup_py']
[0.201s] Level 1:colcon.colcon_core.package_identification:_identify(.) by extension 'python_setup_py'
[0.202s] Level 1:colcon.colcon_core.package_identification:_identify(build) by extensions ['ignore', 'ignore_ament_install']
[0.202s] Level 1:colcon.colcon_core.package_identification:_identify(build) by extension 'ignore'
[0.202s] Level 1:colcon.colcon_core.package_identification:_identify(build) ignored
[0.202s] Level 1:colcon.colcon_core.package_identification:_identify(install) by extensions ['ignore', 'ignore_ament_install']
[0.202s] Level 1:colcon.colcon_core.package_identification:_identify(install) by extension 'ignore'
[0.202s] Level 1:colcon.colcon_core.package_identification:_identify(install) ignored
[0.202s] Level 1:colcon.colcon_core.package_identification:_identify(log) by extensions ['ignore', 'ignore_ament_install']
[0.202s] Level 1:colcon.colcon_core.package_identification:_identify(log) by extension 'ignore'
[0.202s] Level 1:colcon.colcon_core.package_identification:_identify(log) ignored
[0.202s] Level 1:colcon.colcon_core.package_identification:_identify(src) by extensions ['ignore', 'ignore_ament_install']
[0.202s] Level 1:colcon.colcon_core.package_identification:_identify(src) by extension 'ignore'
[0.202s] Level 1:colcon.colcon_core.package_identification:_identify(src) by extension 'ignore_ament_install'
[0.202s] Level 1:colcon.colcon_core.package_identification:_identify(src) by extensions ['colcon_pkg']
[0.203s] Level 1:colcon.colcon_core.package_identification:_identify(src) by extension 'colcon_pkg'
[0.203s] Level 1:colcon.colcon_core.package_identification:_identify(src) by extensions ['colcon_meta']
[0.203s] Level 1:colcon.colcon_core.package_identification:_identify(src) by extension 'colcon_meta'
[0.203s] Level 1:colcon.colcon_core.package_identification:_identify(src) by extensions ['ros']
[0.203s] Level 1:colcon.colcon_core.package_identification:_identify(src) by extension 'ros'
[0.203s] Level 1:colcon.colcon_core.package_identification:_identify(src) by extensions ['cmake', 'python']
[0.203s] Level 1:colcon.colcon_core.package_identification:_identify(src) by extension 'cmake'
[0.203s] Level 1:colcon.colcon_core.package_identification:_identify(src) by extension 'python'
[0.203s] Level 1:colcon.colcon_core.package_identification:_identify(src) by extensions ['python_setup_py']
[0.203s] Level 1:colcon.colcon_core.package_identification:_identify(src) by extension 'python_setup_py'
[0.203s] Level 1:colcon.colcon_core.package_identification:_identify(src/my_robot_bringup) by extensions ['ignore', 'ignore_ament_install']
[0.203s] Level 1:colcon.colcon_core.package_identification:_identify(src/my_robot_bringup) by extension 'ignore'
[0.203s] Level 1:colcon.colcon_core.package_identification:_identify(src/my_robot_bringup) by extension 'ignore_ament_install'
[0.203s] Level 1:colcon.colcon_core.package_identification:_identify(src/my_robot_bringup) by extensions ['colcon_pkg']
[0.203s] Level 1:colcon.colcon_core.package_identification:_identify(src/my_robot_bringup) by extension 'colcon_pkg'
[0.203s] Level 1:colcon.colcon_core.package_identification:_identify(src/my_robot_bringup) by extensions ['colcon_meta']
[0.203s] Level 1:colcon.colcon_core.package_identification:_identify(src/my_robot_bringup) by extension 'colcon_meta'
[0.203s] Level 1:colcon.colcon_core.package_identification:_identify(src/my_robot_bringup) by extensions ['ros']
[0.203s] Level 1:colcon.colcon_core.package_identification:_identify(src/my_robot_bringup) by extension 'ros'
[0.206s] DEBUG:colcon.colcon_core.package_identification:Package 'src/my_robot_bringup' with type 'ros.ament_cmake' and name 'my_robot_bringup'
[0.206s] Level 1:colcon.colcon_core.package_identification:_identify(src/rb_description) by extensions ['ignore', 'ignore_ament_install']
[0.206s] Level 1:colcon.colcon_core.package_identification:_identify(src/rb_description) by extension 'ignore'
[0.206s] Level 1:colcon.colcon_core.package_identification:_identify(src/rb_description) by extension 'ignore_ament_install'
[0.206s] Level 1:colcon.colcon_core.package_identification:_identify(src/rb_description) by extensions ['colcon_pkg']
[0.206s] Level 1:colcon.colcon_core.package_identification:_identify(src/rb_description) by extension 'colcon_pkg'
[0.206s] Level 1:colcon.colcon_core.package_identification:_identify(src/rb_description) by extensions ['colcon_meta']
[0.206s] Level 1:colcon.colcon_core.package_identification:_identify(src/rb_description) by extension 'colcon_meta'
[0.206s] Level 1:colcon.colcon_core.package_identification:_identify(src/rb_description) by extensions ['ros']
[0.206s] Level 1:colcon.colcon_core.package_identification:_identify(src/rb_description) by extension 'ros'
[0.207s] DEBUG:colcon.colcon_core.package_identification:Package 'src/rb_description' with type 'ros.ament_cmake' and name 'rb_description'
[0.207s] Level 1:colcon.colcon_core.package_discovery:discover_packages(recursive) using defaults
[0.207s] Level 1:colcon.colcon_core.package_discovery:discover_packages(ignore) discover
[0.207s] Level 1:colcon.colcon_core.package_discovery:discover_packages(ignore) using defaults
[0.207s] Level 1:colcon.colcon_core.package_discovery:discover_packages(path) discover
[0.207s] Level 1:colcon.colcon_core.package_discovery:discover_packages(path) using defaults
[0.226s] Level 1:colcon.colcon_core.package_discovery:discover_packages(prefix_path) check parameters
[0.226s] Level 1:colcon.colcon_core.package_discovery:discover_packages(prefix_path) discover
[0.228s] DEBUG:colcon.colcon_installed_package_information.package_discovery:Found 2 installed packages in /home/thomas/tfgazebourdf_ws/install
[0.229s] DEBUG:colcon.colcon_installed_package_information.package_discovery:Found 4 installed packages in /home/thomas/concepts_ws/install
[0.229s] DEBUG:colcon.colcon_installed_package_information.package_discovery:Found 5 installed packages in /home/thomas/mobilrobot_ws/install
[0.232s] DEBUG:colcon.colcon_installed_package_information.package_discovery:Found 398 installed packages in /opt/ros/jazzy
[0.233s] Level 1:colcon.colcon_core.package_discovery:discover_packages(prefix_path) using defaults
[0.300s] Level 5:colcon.colcon_core.verb:set package 'my_robot_bringup' build argument 'cmake_args' from command line to 'None'
[0.300s] Level 5:colcon.colcon_core.verb:set package 'my_robot_bringup' build argument 'cmake_target' from command line to 'None'
[0.300s] Level 5:colcon.colcon_core.verb:set package 'my_robot_bringup' build argument 'cmake_target_skip_unavailable' from command line to 'False'
[0.300s] Level 5:colcon.colcon_core.verb:set package 'my_robot_bringup' build argument 'cmake_clean_cache' from command line to 'False'
[0.301s] Level 5:colcon.colcon_core.verb:set package 'my_robot_bringup' build argument 'cmake_clean_first' from command line to 'False'
[0.301s] Level 5:colcon.colcon_core.verb:set package 'my_robot_bringup' build argument 'cmake_force_configure' from command line to 'False'
[0.301s] Level 5:colcon.colcon_core.verb:set package 'my_robot_bringup' build argument 'ament_cmake_args' from command line to 'None'
[0.301s] Level 5:colcon.colcon_core.verb:set package 'my_robot_bringup' build argument 'catkin_cmake_args' from command line to 'None'
[0.301s] Level 5:colcon.colcon_core.verb:set package 'my_robot_bringup' build argument 'catkin_skip_building_tests' from command line to 'False'
[0.301s] DEBUG:colcon.colcon_core.verb:Building package 'my_robot_bringup' with the following arguments: {'ament_cmake_args': None, 'build_base': '/home/thomas/tfgazebourdf_ws/build/my_robot_bringup', 'catkin_cmake_args': None, 'catkin_skip_building_tests': False, 'cmake_args': None, 'cmake_clean_cache': False, 'cmake_clean_first': False, 'cmake_force_configure': False, 'cmake_target': None, 'cmake_target_skip_unavailable': False, 'install_base': '/home/thomas/tfgazebourdf_ws/install/my_robot_bringup', 'merge_install': False, 'path': '/home/thomas/tfgazebourdf_ws/src/my_robot_bringup', 'symlink_install': False, 'test_result_base': None}
[0.301s] Level 5:colcon.colcon_core.verb:set package 'rb_description' build argument 'cmake_args' from command line to 'None'
[0.301s] Level 5:colcon.colcon_core.verb:set package 'rb_description' build argument 'cmake_target' from command line to 'None'
[0.301s] Level 5:colcon.colcon_core.verb:set package 'rb_description' build argument 'cmake_target_skip_unavailable' from command line to 'False'
[0.301s] Level 5:colcon.colcon_core.verb:set package 'rb_description' build argument 'cmake_clean_cache' from command line to 'False'
[0.301s] Level 5:colcon.colcon_core.verb:set package 'rb_description' build argument 'cmake_clean_first' from command line to 'False'
[0.301s] Level 5:colcon.colcon_core.verb:set package 'rb_description' build argument 'cmake_force_configure' from command line to 'False'
[0.301s] Level 5:colcon.colcon_core.verb:set package 'rb_description' build argument 'ament_cmake_args' from command line to 'None'
[0.301s] Level 5:colcon.colcon_core.verb:set package 'rb_description' build argument 'catkin_cmake_args' from command line to 'None'
[0.301s] Level 5:colcon.colcon_core.verb:set package 'rb_description' build argument 'catkin_skip_building_tests' from command line to 'False'
[0.301s] DEBUG:colcon.colcon_core.verb:Building package 'rb_description' with the following arguments: {'ament_cmake_args': None, 'build_base': '/home/thomas/tfgazebourdf_ws/build/rb_description', 'catkin_cmake_args': None, 'catkin_skip_building_tests': False, 'cmake_args': None, 'cmake_clean_cache': False, 'cmake_clean_first': False, 'cmake_force_configure': False, 'cmake_target': None, 'cmake_target_skip_unavailable': False, 'install_base': '/home/thomas/tfgazebourdf_ws/install/rb_description', 'merge_install': False, 'path': '/home/thomas/tfgazebourdf_ws/src/rb_description', 'symlink_install': False, 'test_result_base': None}
[0.301s] INFO:colcon.colcon_core.executor:Executing jobs using 'parallel' executor
[0.302s] DEBUG:colcon.colcon_parallel_executor.executor.parallel:run_until_complete
[0.302s] INFO:colcon.colcon_ros.task.ament_cmake.build:Building ROS package in '/home/thomas/tfgazebourdf_ws/src/my_robot_bringup' with build type 'ament_cmake'
[0.302s] INFO:colcon.colcon_cmake.task.cmake.build:Building CMake package in '/home/thomas/tfgazebourdf_ws/src/my_robot_bringup'
[0.305s] INFO:colcon.colcon_core.plugin_system:Skipping extension 'colcon_core.shell.bat': Not used on non-Windows systems
[0.306s] INFO:colcon.colcon_core.shell:Skip shell extension 'powershell' for command environment: Not usable outside of PowerShell
[0.306s] DEBUG:colcon.colcon_core.shell:Skip shell extension 'dsv' for command environment
[0.313s] INFO:colcon.colcon_ros.task.ament_cmake.build:Building ROS package in '/home/thomas/tfgazebourdf_ws/src/rb_description' with build type 'ament_cmake'
[0.313s] INFO:colcon.colcon_cmake.task.cmake.build:Building CMake package in '/home/thomas/tfgazebourdf_ws/src/rb_description'
[0.314s] INFO:colcon.colcon_core.shell:Skip shell extension 'powershell' for command environment: Not usable outside of PowerShell
[0.314s] DEBUG:colcon.colcon_core.shell:Skip shell extension 'dsv' for command environment
[0.324s] DEBUG:colcon.colcon_core.event_handler.log_command:Invoking command in '/home/thomas/tfgazebourdf_ws/build/my_robot_bringup': CMAKE_PREFIX_PATH=${CMAKE_PREFIX_PATH}:/home/thomas/concepts_ws/install/py_actions:/home/thomas/mobilrobot_ws/install/mobilrobot_py_examples:/opt/ros/jazzy DEBUGINFOD_URLS=https://debuginfod.ubuntu.com /usr/bin/cmake --build /home/thomas/tfgazebourdf_ws/build/my_robot_bringup -- -j4 -l4
[0.329s] DEBUG:colcon.colcon_core.event_handler.log_command:Invoking command in '/home/thomas/tfgazebourdf_ws/build/rb_description': CMAKE_PREFIX_PATH=${CMAKE_PREFIX_PATH}:/home/thomas/concepts_ws/install/py_actions:/home/thomas/mobilrobot_ws/install/mobilrobot_py_examples:/opt/ros/jazzy DEBUGINFOD_URLS=https://debuginfod.ubuntu.com /usr/bin/cmake --build /home/thomas/tfgazebourdf_ws/build/rb_description -- -j4 -l4
[0.380s] DEBUG:colcon.colcon_core.event_handler.log_command:Invoked command in '/home/thomas/tfgazebourdf_ws/build/rb_description' returned '0': CMAKE_PREFIX_PATH=${CMAKE_PREFIX_PATH}:/home/thomas/concepts_ws/install/py_actions:/home/thomas/mobilrobot_ws/install/mobilrobot_py_examples:/opt/ros/jazzy DEBUGINFOD_URLS=https://debuginfod.ubuntu.com /usr/bin/cmake --build /home/thomas/tfgazebourdf_ws/build/rb_description -- -j4 -l4
[0.392s] DEBUG:colcon.colcon_core.event_handler.log_command:Invoking command in '/home/thomas/tfgazebourdf_ws/build/rb_description': CMAKE_PREFIX_PATH=${CMAKE_PREFIX_PATH}:/home/thomas/concepts_ws/install/py_actions:/home/thomas/mobilrobot_ws/install/mobilrobot_py_examples:/opt/ros/jazzy DEBUGINFOD_URLS=https://debuginfod.ubuntu.com /usr/bin/cmake --install /home/thomas/tfgazebourdf_ws/build/rb_description
[0.392s] DEBUG:colcon.colcon_core.event_handler.log_command:Invoked command in '/home/thomas/tfgazebourdf_ws/build/my_robot_bringup' returned '0': CMAKE_PREFIX_PATH=${CMAKE_PREFIX_PATH}:/home/thomas/concepts_ws/install/py_actions:/home/thomas/mobilrobot_ws/install/mobilrobot_py_examples:/opt/ros/jazzy DEBUGINFOD_URLS=https://debuginfod.ubuntu.com /usr/bin/cmake --build /home/thomas/tfgazebourdf_ws/build/my_robot_bringup -- -j4 -l4
[0.394s] DEBUG:colcon.colcon_core.event_handler.log_command:Invoking command in '/home/thomas/tfgazebourdf_ws/build/my_robot_bringup': CMAKE_PREFIX_PATH=${CMAKE_PREFIX_PATH}:/home/thomas/concepts_ws/install/py_actions:/home/thomas/mobilrobot_ws/install/mobilrobot_py_examples:/opt/ros/jazzy DEBUGINFOD_URLS=https://debuginfod.ubuntu.com /usr/bin/cmake --install /home/thomas/tfgazebourdf_ws/build/my_robot_bringup
[0.414s] Level 1:colcon.colcon_core.environment:create_environment_scripts_only(my_robot_bringup)
[0.417s] DEBUG:colcon.colcon_core.event_handler.log_command:Invoked command in '/home/thomas/tfgazebourdf_ws/build/my_robot_bringup' returned '0': CMAKE_PREFIX_PATH=${CMAKE_PREFIX_PATH}:/home/thomas/concepts_ws/install/py_actions:/home/thomas/mobilrobot_ws/install/mobilrobot_py_examples:/opt/ros/jazzy DEBUGINFOD_URLS=https://debuginfod.ubuntu.com /usr/bin/cmake --install /home/thomas/tfgazebourdf_ws/build/my_robot_bringup
[0.419s] Level 1:colcon.colcon_core.environment:checking '/home/thomas/tfgazebourdf_ws/install/my_robot_bringup' for CMake module files
[0.419s] Level 1:colcon.colcon_core.environment:checking '/home/thomas/tfgazebourdf_ws/install/my_robot_bringup' for CMake config files
[0.419s] Level 1:colcon.colcon_core.shell:create_environment_hook('my_robot_bringup', 'cmake_prefix_path')
[0.420s] INFO:colcon.colcon_core.shell:Creating environment hook '/home/thomas/tfgazebourdf_ws/install/my_robot_bringup/share/my_robot_bringup/hook/cmake_prefix_path.ps1'
[0.420s] INFO:colcon.colcon_core.shell:Creating environment descriptor '/home/thomas/tfgazebourdf_ws/install/my_robot_bringup/share/my_robot_bringup/hook/cmake_prefix_path.dsv'
[0.421s] INFO:colcon.colcon_core.shell:Creating environment hook '/home/thomas/tfgazebourdf_ws/install/my_robot_bringup/share/my_robot_bringup/hook/cmake_prefix_path.sh'
[0.422s] Level 1:colcon.colcon_core.environment:checking '/home/thomas/tfgazebourdf_ws/install/my_robot_bringup/bin'
[0.422s] Level 1:colcon.colcon_core.environment:checking '/home/thomas/tfgazebourdf_ws/install/my_robot_bringup/lib/pkgconfig/my_robot_bringup.pc'
[0.422s] Level 1:colcon.colcon_core.environment:checking '/home/thomas/tfgazebourdf_ws/install/my_robot_bringup/lib/python3.12/site-packages'
[0.422s] Level 1:colcon.colcon_core.environment:checking '/home/thomas/tfgazebourdf_ws/install/my_robot_bringup/bin'
[0.422s] INFO:colcon.colcon_core.shell:Creating package script '/home/thomas/tfgazebourdf_ws/install/my_robot_bringup/share/my_robot_bringup/package.ps1'
[0.423s] INFO:colcon.colcon_core.shell:Creating package descriptor '/home/thomas/tfgazebourdf_ws/install/my_robot_bringup/share/my_robot_bringup/package.dsv'
[0.424s] INFO:colcon.colcon_core.shell:Creating package script '/home/thomas/tfgazebourdf_ws/install/my_robot_bringup/share/my_robot_bringup/package.sh'
[0.426s] INFO:colcon.colcon_core.shell:Creating package script '/home/thomas/tfgazebourdf_ws/install/my_robot_bringup/share/my_robot_bringup/package.bash'
[0.427s] INFO:colcon.colcon_core.shell:Creating package script '/home/thomas/tfgazebourdf_ws/install/my_robot_bringup/share/my_robot_bringup/package.zsh'
[0.427s] Level 1:colcon.colcon_core.environment:create_file_with_runtime_dependencies(/home/thomas/tfgazebourdf_ws/install/my_robot_bringup/share/colcon-core/packages/my_robot_bringup)
[0.428s] Level 1:colcon.colcon_core.environment:create_environment_scripts_only(my_robot_bringup)
[0.428s] Level 1:colcon.colcon_core.environment:checking '/home/thomas/tfgazebourdf_ws/install/my_robot_bringup' for CMake module files
[0.429s] Level 1:colcon.colcon_core.environment:checking '/home/thomas/tfgazebourdf_ws/install/my_robot_bringup' for CMake config files
[0.429s] Level 1:colcon.colcon_core.shell:create_environment_hook('my_robot_bringup', 'cmake_prefix_path')
[0.429s] INFO:colcon.colcon_core.shell:Creating environment hook '/home/thomas/tfgazebourdf_ws/install/my_robot_bringup/share/my_robot_bringup/hook/cmake_prefix_path.ps1'
[0.430s] INFO:colcon.colcon_core.shell:Creating environment descriptor '/home/thomas/tfgazebourdf_ws/install/my_robot_bringup/share/my_robot_bringup/hook/cmake_prefix_path.dsv'
[0.430s] INFO:colcon.colcon_core.shell:Creating environment hook '/home/thomas/tfgazebourdf_ws/install/my_robot_bringup/share/my_robot_bringup/hook/cmake_prefix_path.sh'
[0.431s] Level 1:colcon.colcon_core.environment:checking '/home/thomas/tfgazebourdf_ws/install/my_robot_bringup/bin'
[0.431s] Level 1:colcon.colcon_core.environment:checking '/home/thomas/tfgazebourdf_ws/install/my_robot_bringup/lib/pkgconfig/my_robot_bringup.pc'
[0.431s] Level 1:colcon.colcon_core.environment:checking '/home/thomas/tfgazebourdf_ws/install/my_robot_bringup/lib/python3.12/site-packages'
[0.431s] Level 1:colcon.colcon_core.environment:checking '/home/thomas/tfgazebourdf_ws/install/my_robot_bringup/bin'
[0.432s] INFO:colcon.colcon_core.shell:Creating package script '/home/thomas/tfgazebourdf_ws/install/my_robot_bringup/share/my_robot_bringup/package.ps1'
[0.432s] INFO:colcon.colcon_core.shell:Creating package descriptor '/home/thomas/tfgazebourdf_ws/install/my_robot_bringup/share/my_robot_bringup/package.dsv'
[0.433s] INFO:colcon.colcon_core.shell:Creating package script '/home/thomas/tfgazebourdf_ws/install/my_robot_bringup/share/my_robot_bringup/package.sh'
[0.433s] INFO:colcon.colcon_core.shell:Creating package script '/home/thomas/tfgazebourdf_ws/install/my_robot_bringup/share/my_robot_bringup/package.bash'
[0.433s] INFO:colcon.colcon_core.shell:Creating package script '/home/thomas/tfgazebourdf_ws/install/my_robot_bringup/share/my_robot_bringup/package.zsh'
[0.434s] Level 1:colcon.colcon_core.environment:create_file_with_runtime_dependencies(/home/thomas/tfgazebourdf_ws/install/my_robot_bringup/share/colcon-core/packages/my_robot_bringup)
[0.435s] Level 1:colcon.colcon_core.environment:create_environment_scripts_only(rb_description)
[0.435s] Level 1:colcon.colcon_core.environment:checking '/home/thomas/tfgazebourdf_ws/install/rb_description' for CMake module files
[0.436s] DEBUG:colcon.colcon_core.event_handler.log_command:Invoked command in '/home/thomas/tfgazebourdf_ws/build/rb_description' returned '0': CMAKE_PREFIX_PATH=${CMAKE_PREFIX_PATH}:/home/thomas/concepts_ws/install/py_actions:/home/thomas/mobilrobot_ws/install/mobilrobot_py_examples:/opt/ros/jazzy DEBUGINFOD_URLS=https://debuginfod.ubuntu.com /usr/bin/cmake --install /home/thomas/tfgazebourdf_ws/build/rb_description
[0.437s] Level 1:colcon.colcon_core.environment:checking '/home/thomas/tfgazebourdf_ws/install/rb_description' for CMake config files
[0.438s] Level 1:colcon.colcon_core.shell:create_environment_hook('rb_description', 'cmake_prefix_path')
[0.438s] INFO:colcon.colcon_core.shell:Creating environment hook '/home/thomas/tfgazebourdf_ws/install/rb_description/share/rb_description/hook/cmake_prefix_path.ps1'
[0.439s] INFO:colcon.colcon_core.shell:Creating environment descriptor '/home/thomas/tfgazebourdf_ws/install/rb_description/share/rb_description/hook/cmake_prefix_path.dsv'
[0.439s] INFO:colcon.colcon_core.shell:Creating environment hook '/home/thomas/tfgazebourdf_ws/install/rb_description/share/rb_description/hook/cmake_prefix_path.sh'
[0.440s] Level 1:colcon.colcon_core.environment:checking '/home/thomas/tfgazebourdf_ws/install/rb_description/bin'
[0.441s] Level 1:colcon.colcon_core.environment:checking '/home/thomas/tfgazebourdf_ws/install/rb_description/lib/pkgconfig/rb_description.pc'
[0.441s] Level 1:colcon.colcon_core.environment:checking '/home/thomas/tfgazebourdf_ws/install/rb_description/lib/python3.12/site-packages'
[0.441s] Level 1:colcon.colcon_core.environment:checking '/home/thomas/tfgazebourdf_ws/install/rb_description/bin'
[0.442s] INFO:colcon.colcon_core.shell:Creating package script '/home/thomas/tfgazebourdf_ws/install/rb_description/share/rb_description/package.ps1'
[0.442s] INFO:colcon.colcon_core.shell:Creating package descriptor '/home/thomas/tfgazebourdf_ws/install/rb_description/share/rb_description/package.dsv'
[0.443s] INFO:colcon.colcon_core.shell:Creating package script '/home/thomas/tfgazebourdf_ws/install/rb_description/share/rb_description/package.sh'
[0.443s] INFO:colcon.colcon_core.shell:Creating package script '/home/thomas/tfgazebourdf_ws/install/rb_description/share/rb_description/package.bash'
[0.444s] INFO:colcon.colcon_core.shell:Creating package script '/home/thomas/tfgazebourdf_ws/install/rb_description/share/rb_description/package.zsh'
[0.444s] Level 1:colcon.colcon_core.environment:create_file_with_runtime_dependencies(/home/thomas/tfgazebourdf_ws/install/rb_description/share/colcon-core/packages/rb_description)
[0.444s] Level 1:colcon.colcon_core.environment:create_environment_scripts_only(rb_description)
[0.444s] Level 1:colcon.colcon_core.environment:checking '/home/thomas/tfgazebourdf_ws/install/rb_description' for CMake module files
[0.445s] Level 1:colcon.colcon_core.environment:checking '/home/thomas/tfgazebourdf_ws/install/rb_description' for CMake config files
[0.445s] Level 1:colcon.colcon_core.shell:create_environment_hook('rb_description', 'cmake_prefix_path')
[0.446s] INFO:colcon.colcon_core.shell:Creating environment hook '/home/thomas/tfgazebourdf_ws/install/rb_description/share/rb_description/hook/cmake_prefix_path.ps1'
[0.446s] INFO:colcon.colcon_core.shell:Creating environment descriptor '/home/thomas/tfgazebourdf_ws/install/rb_description/share/rb_description/hook/cmake_prefix_path.dsv'
[0.446s] INFO:colcon.colcon_core.shell:Creating environment hook '/home/thomas/tfgazebourdf_ws/install/rb_description/share/rb_description/hook/cmake_prefix_path.sh'
[0.447s] Level 1:colcon.colcon_core.environment:checking '/home/thomas/tfgazebourdf_ws/install/rb_description/bin'
[0.447s] Level 1:colcon.colcon_core.environment:checking '/home/thomas/tfgazebourdf_ws/install/rb_description/lib/pkgconfig/rb_description.pc'
[0.447s] Level 1:colcon.colcon_core.environment:checking '/home/thomas/tfgazebourdf_ws/install/rb_description/lib/python3.12/site-packages'
[0.448s] Level 1:colcon.colcon_core.environment:checking '/home/thomas/tfgazebourdf_ws/install/rb_description/bin'
[0.448s] INFO:colcon.colcon_core.shell:Creating package script '/home/thomas/tfgazebourdf_ws/install/rb_description/share/rb_description/package.ps1'
[0.448s] INFO:colcon.colcon_core.shell:Creating package descriptor '/home/thomas/tfgazebourdf_ws/install/rb_description/share/rb_description/package.dsv'
[0.449s] INFO:colcon.colcon_core.shell:Creating package script '/home/thomas/tfgazebourdf_ws/install/rb_description/share/rb_description/package.sh'
[0.449s] INFO:colcon.colcon_core.shell:Creating package script '/home/thomas/tfgazebourdf_ws/install/rb_description/share/rb_description/package.bash'
[0.450s] INFO:colcon.colcon_core.shell:Creating package script '/home/thomas/tfgazebourdf_ws/install/rb_description/share/rb_description/package.zsh'
[0.450s] Level 1:colcon.colcon_core.environment:create_file_with_runtime_dependencies(/home/thomas/tfgazebourdf_ws/install/rb_description/share/colcon-core/packages/rb_description)
[0.451s] DEBUG:colcon.colcon_parallel_executor.executor.parallel:closing loop
[0.451s] DEBUG:colcon.colcon_parallel_executor.executor.parallel:loop closed
[0.451s] DEBUG:colcon.colcon_parallel_executor.executor.parallel:run_until_complete finished with '0'
[0.451s] DEBUG:colcon.colcon_core.event_reactor:joining thread
[0.457s] INFO:colcon.colcon_core.plugin_system:Skipping extension 'colcon_notification.desktop_notification.terminal_notifier': Not used on non-Darwin systems
[0.457s] INFO:colcon.colcon_core.plugin_system:Skipping extension 'colcon_notification.desktop_notification.win32': Not used on non-Windows systems
[0.457s] INFO:colcon.colcon_notification.desktop_notification:Sending desktop notification using 'notify2'
[0.469s] DEBUG:colcon.colcon_core.event_reactor:joined thread
[0.469s] INFO:colcon.colcon_core.shell:Creating prefix script '/home/thomas/tfgazebourdf_ws/install/local_setup.ps1'
[0.470s] INFO:colcon.colcon_core.shell:Creating prefix util module '/home/thomas/tfgazebourdf_ws/install/_local_setup_util_ps1.py'
[0.471s] INFO:colcon.colcon_core.shell:Creating prefix chain script '/home/thomas/tfgazebourdf_ws/install/setup.ps1'
[0.473s] INFO:colcon.colcon_core.shell:Creating prefix script '/home/thomas/tfgazebourdf_ws/install/local_setup.sh'
[0.473s] INFO:colcon.colcon_core.shell:Creating prefix util module '/home/thomas/tfgazebourdf_ws/install/_local_setup_util_sh.py'
[0.474s] INFO:colcon.colcon_core.shell:Creating prefix chain script '/home/thomas/tfgazebourdf_ws/install/setup.sh'
[0.475s] INFO:colcon.colcon_core.shell:Creating prefix script '/home/thomas/tfgazebourdf_ws/install/local_setup.bash'
[0.476s] INFO:colcon.colcon_core.shell:Creating prefix chain script '/home/thomas/tfgazebourdf_ws/install/setup.bash'
[0.478s] INFO:colcon.colcon_core.shell:Creating prefix script '/home/thomas/tfgazebourdf_ws/install/local_setup.zsh'
[0.478s] INFO:colcon.colcon_core.shell:Creating prefix chain script '/home/thomas/tfgazebourdf_ws/install/setup.zsh'
