[0.020s] Invoking command in '/home/thomas/tfgazebourdf_ws/build/rb_description': CMAKE_PREFIX_PATH=${CMAKE_PREFIX_PATH}:/home/thomas/concepts_ws/install/py_actions:/home/thomas/mobilrobot_ws/install/mobilrobot_py_examples:/opt/ros/jazzy DEBUGINFOD_URLS=https://debuginfod.ubuntu.com /usr/bin/cmake --build /home/thomas/tfgazebourdf_ws/build/rb_description -- -j4 -l4
[0.123s] Invoked command in '/home/thomas/tfgazebourdf_ws/build/rb_description' returned '0': CMAKE_PREFIX_PATH=${CMAKE_PREFIX_PATH}:/home/thomas/concepts_ws/install/py_actions:/home/thomas/mobilrobot_ws/install/mobilrobot_py_examples:/opt/ros/jazzy DEBUGINFOD_URLS=https://debuginfod.ubuntu.com /usr/bin/cmake --build /home/thomas/tfgazebourdf_ws/build/rb_description -- -j4 -l4
[0.135s] Invoking command in '/home/thomas/tfgazebourdf_ws/build/rb_description': CMAKE_PREFIX_PATH=${CMAKE_PREFIX_PATH}:/home/thomas/concepts_ws/install/py_actions:/home/thomas/mobilrobot_ws/install/mobilrobot_py_examples:/opt/ros/jazzy DEBUGINFOD_URLS=https://debuginfod.ubuntu.com /usr/bin/cmake --install /home/thomas/tfgazebourdf_ws/build/rb_description
[0.149s] -- Install configuration: ""
[0.150s] -- Execute custom install script
[0.152s] -- Up-to-date symlink: /home/thomas/tfgazebourdf_ws/install/rb_description/share/rb_description//urdf/arm.xacro
[0.153s] -- Up-to-date symlink: /home/thomas/tfgazebourdf_ws/install/rb_description/share/rb_description//urdf/camera.xacro
[0.154s] -- Up-to-date symlink: /home/thomas/tfgazebourdf_ws/install/rb_description/share/rb_description//urdf/commonproperties.urdf.xacro
[0.154s] -- Up-to-date symlink: /home/thomas/tfgazebourdf_ws/install/rb_description/share/rb_description//urdf/gazebo.xacro
[0.155s] -- Up-to-date symlink: /home/thomas/tfgazebourdf_ws/install/rb_description/share/rb_description//urdf/lidar.xacro
[0.155s] -- Up-to-date symlink: /home/thomas/tfgazebourdf_ws/install/rb_description/share/rb_description//urdf/mobilrobot.urdf.xacro
[0.155s] -- Up-to-date symlink: /home/thomas/tfgazebourdf_ws/install/rb_description/share/rb_description//urdf/myrobot.urdf.xacro
[0.156s] -- Up-to-date symlink: /home/thomas/tfgazebourdf_ws/install/rb_description/share/rb_description//rviz/rviz_config.rviz
[0.156s] -- Up-to-date symlink: /home/thomas/tfgazebourdf_ws/install/rb_description/share/ament_index/resource_index/package_run_dependencies/rb_description
[0.157s] -- Up-to-date symlink: /home/thomas/tfgazebourdf_ws/install/rb_description/share/ament_index/resource_index/parent_prefix_path/rb_description
[0.158s] -- Up-to-date symlink: /home/thomas/tfgazebourdf_ws/install/rb_description/share/rb_description/environment/ament_prefix_path.sh
[0.158s] -- Up-to-date symlink: /home/thomas/tfgazebourdf_ws/install/rb_description/share/rb_description/environment/ament_prefix_path.dsv
[0.159s] -- Up-to-date symlink: /home/thomas/tfgazebourdf_ws/install/rb_description/share/rb_description/environment/path.sh
[0.160s] -- Up-to-date symlink: /home/thomas/tfgazebourdf_ws/install/rb_description/share/rb_description/environment/path.dsv
[0.163s] -- Up-to-date symlink: /home/thomas/tfgazebourdf_ws/install/rb_description/share/rb_description/local_setup.bash
[0.164s] -- Up-to-date symlink: /home/thomas/tfgazebourdf_ws/install/rb_description/share/rb_description/local_setup.sh
[0.164s] -- Up-to-date symlink: /home/thomas/tfgazebourdf_ws/install/rb_description/share/rb_description/local_setup.zsh
[0.164s] -- Up-to-date symlink: /home/thomas/tfgazebourdf_ws/install/rb_description/share/rb_description/local_setup.dsv
[0.164s] -- Symlinking: /home/thomas/tfgazebourdf_ws/install/rb_description/share/rb_description/package.dsv
[0.182s] -- Up-to-date symlink: /home/thomas/tfgazebourdf_ws/install/rb_description/share/ament_index/resource_index/packages/rb_description
[0.183s] -- Up-to-date symlink: /home/thomas/tfgazebourdf_ws/install/rb_description/share/rb_description/cmake/rb_descriptionConfig.cmake
[0.184s] -- Up-to-date symlink: /home/thomas/tfgazebourdf_ws/install/rb_description/share/rb_description/cmake/rb_descriptionConfig-version.cmake
[0.184s] -- Up-to-date symlink: /home/thomas/tfgazebourdf_ws/install/rb_description/share/rb_description/package.xml
[0.187s] Invoked command in '/home/thomas/tfgazebourdf_ws/build/rb_description' returned '0': CMAKE_PREFIX_PATH=${CMAKE_PREFIX_PATH}:/home/thomas/concepts_ws/install/py_actions:/home/thomas/mobilrobot_ws/install/mobilrobot_py_examples:/opt/ros/jazzy DEBUGINFOD_URLS=https://debuginfod.ubuntu.com /usr/bin/cmake --install /home/thomas/tfgazebourdf_ws/build/rb_description
