[0.230s] DEBUG:colcon:Command line arguments: ['/usr/bin/colcon', 'build']
[0.230s] DEBUG:colcon:Parsed command line arguments: Namespace(log_base=None, log_level=None, verb_name='build', build_base='build', install_base='install', merge_install=False, symlink_install=False, test_result_base=None, continue_on_error=False, executor='parallel', parallel_workers=4, event_handlers=None, ignore_user_meta=False, metas=['./colcon.meta'], base_paths=['.'], packages_ignore=None, packages_ignore_regex=None, paths=None, packages_up_to=None, packages_up_to_regex=None, packages_above=None, packages_above_and_dependencies=None, packages_above_depth=None, packages_select_by_dep=None, packages_skip_by_dep=None, packages_skip_up_to=None, packages_select_build_failed=False, packages_skip_build_finished=False, packages_select_test_failures=False, packages_skip_test_passed=False, packages_select=None, packages_skip=None, packages_select_regex=None, packages_skip_regex=None, packages_start=None, packages_end=None, allow_overriding=[], cmake_args=None, cmake_target=None, cmake_target_skip_unavailable=False, cmake_clean_cache=False, cmake_clean_first=False, cmake_force_configure=False, ament_cmake_args=None, catkin_cmake_args=None, catkin_skip_building_tests=False, mixin_files=None, mixin=None, verb_parser=<colcon_mixin.mixin.mixin_argument.MixinArgumentDecorator object at 0x7505fe4aa2d0>, verb_extension=<colcon_core.verb.build.BuildVerb object at 0x7505fe4aa030>, main=<bound method BuildVerb.main of <colcon_core.verb.build.BuildVerb object at 0x7505fe4aa030>>, mixin_verb=('build',))
[0.310s] Level 1:colcon.colcon_core.package_discovery:discover_packages(colcon_meta) check parameters
[0.310s] Level 1:colcon.colcon_core.package_discovery:discover_packages(recursive) check parameters
[0.310s] Level 1:colcon.colcon_core.package_discovery:discover_packages(ignore) check parameters
[0.310s] Level 1:colcon.colcon_core.package_discovery:discover_packages(path) check parameters
[0.310s] Level 1:colcon.colcon_core.package_discovery:discover_packages(colcon_meta) discover
[0.310s] Level 1:colcon.colcon_core.package_discovery:discover_packages(recursive) discover
[0.310s] INFO:colcon.colcon_core.package_discovery:Crawling recursively for packages in '/home/thomas/tfgazebourdf_ws'
[0.310s] Level 1:colcon.colcon_core.package_identification:_identify(.) by extensions ['ignore', 'ignore_ament_install']
[0.310s] Level 1:colcon.colcon_core.package_identification:_identify(.) by extension 'ignore'
[0.310s] Level 1:colcon.colcon_core.package_identification:_identify(.) by extension 'ignore_ament_install'
[0.310s] Level 1:colcon.colcon_core.package_identification:_identify(.) by extensions ['colcon_pkg']
[0.310s] Level 1:colcon.colcon_core.package_identification:_identify(.) by extension 'colcon_pkg'
[0.311s] Level 1:colcon.colcon_core.package_identification:_identify(.) by extensions ['colcon_meta']
[0.311s] Level 1:colcon.colcon_core.package_identification:_identify(.) by extension 'colcon_meta'
[0.311s] Level 1:colcon.colcon_core.package_identification:_identify(.) by extensions ['ros']
[0.311s] Level 1:colcon.colcon_core.package_identification:_identify(.) by extension 'ros'
[0.358s] Level 1:colcon.colcon_core.package_identification:_identify(.) by extensions ['cmake', 'python']
[0.358s] Level 1:colcon.colcon_core.package_identification:_identify(.) by extension 'cmake'
[0.358s] Level 1:colcon.colcon_core.package_identification:_identify(.) by extension 'python'
[0.359s] Level 1:colcon.colcon_core.package_identification:_identify(.) by extensions ['python_setup_py']
[0.359s] Level 1:colcon.colcon_core.package_identification:_identify(.) by extension 'python_setup_py'
[0.359s] Level 1:colcon.colcon_core.package_identification:_identify(build) by extensions ['ignore', 'ignore_ament_install']
[0.359s] Level 1:colcon.colcon_core.package_identification:_identify(build) by extension 'ignore'
[0.359s] Level 1:colcon.colcon_core.package_identification:_identify(build) ignored
[0.359s] Level 1:colcon.colcon_core.package_identification:_identify(install) by extensions ['ignore', 'ignore_ament_install']
[0.359s] Level 1:colcon.colcon_core.package_identification:_identify(install) by extension 'ignore'
[0.359s] Level 1:colcon.colcon_core.package_identification:_identify(install) ignored
[0.360s] Level 1:colcon.colcon_core.package_identification:_identify(log) by extensions ['ignore', 'ignore_ament_install']
[0.360s] Level 1:colcon.colcon_core.package_identification:_identify(log) by extension 'ignore'
[0.360s] Level 1:colcon.colcon_core.package_identification:_identify(log) ignored
[0.360s] Level 1:colcon.colcon_core.package_identification:_identify(src) by extensions ['ignore', 'ignore_ament_install']
[0.360s] Level 1:colcon.colcon_core.package_identification:_identify(src) by extension 'ignore'
[0.360s] Level 1:colcon.colcon_core.package_identification:_identify(src) by extension 'ignore_ament_install'
[0.360s] Level 1:colcon.colcon_core.package_identification:_identify(src) by extensions ['colcon_pkg']
[0.360s] Level 1:colcon.colcon_core.package_identification:_identify(src) by extension 'colcon_pkg'
[0.360s] Level 1:colcon.colcon_core.package_identification:_identify(src) by extensions ['colcon_meta']
[0.360s] Level 1:colcon.colcon_core.package_identification:_identify(src) by extension 'colcon_meta'
[0.360s] Level 1:colcon.colcon_core.package_identification:_identify(src) by extensions ['ros']
[0.360s] Level 1:colcon.colcon_core.package_identification:_identify(src) by extension 'ros'
[0.360s] Level 1:colcon.colcon_core.package_identification:_identify(src) by extensions ['cmake', 'python']
[0.360s] Level 1:colcon.colcon_core.package_identification:_identify(src) by extension 'cmake'
[0.360s] Level 1:colcon.colcon_core.package_identification:_identify(src) by extension 'python'
[0.360s] Level 1:colcon.colcon_core.package_identification:_identify(src) by extensions ['python_setup_py']
[0.360s] Level 1:colcon.colcon_core.package_identification:_identify(src) by extension 'python_setup_py'
[0.361s] Level 1:colcon.colcon_core.package_identification:_identify(src/my_robot_bringup) by extensions ['ignore', 'ignore_ament_install']
[0.361s] Level 1:colcon.colcon_core.package_identification:_identify(src/my_robot_bringup) by extension 'ignore'
[0.361s] Level 1:colcon.colcon_core.package_identification:_identify(src/my_robot_bringup) by extension 'ignore_ament_install'
[0.361s] Level 1:colcon.colcon_core.package_identification:_identify(src/my_robot_bringup) by extensions ['colcon_pkg']
[0.361s] Level 1:colcon.colcon_core.package_identification:_identify(src/my_robot_bringup) by extension 'colcon_pkg'
[0.361s] Level 1:colcon.colcon_core.package_identification:_identify(src/my_robot_bringup) by extensions ['colcon_meta']
[0.361s] Level 1:colcon.colcon_core.package_identification:_identify(src/my_robot_bringup) by extension 'colcon_meta'
[0.361s] Level 1:colcon.colcon_core.package_identification:_identify(src/my_robot_bringup) by extensions ['ros']
[0.361s] Level 1:colcon.colcon_core.package_identification:_identify(src/my_robot_bringup) by extension 'ros'
[0.364s] DEBUG:colcon.colcon_core.package_identification:Package 'src/my_robot_bringup' with type 'ros.ament_cmake' and name 'my_robot_bringup'
[0.364s] Level 1:colcon.colcon_core.package_identification:_identify(src/rb_description) by extensions ['ignore', 'ignore_ament_install']
[0.364s] Level 1:colcon.colcon_core.package_identification:_identify(src/rb_description) by extension 'ignore'
[0.364s] Level 1:colcon.colcon_core.package_identification:_identify(src/rb_description) by extension 'ignore_ament_install'
[0.364s] Level 1:colcon.colcon_core.package_identification:_identify(src/rb_description) by extensions ['colcon_pkg']
[0.364s] Level 1:colcon.colcon_core.package_identification:_identify(src/rb_description) by extension 'colcon_pkg'
[0.364s] Level 1:colcon.colcon_core.package_identification:_identify(src/rb_description) by extensions ['colcon_meta']
[0.364s] Level 1:colcon.colcon_core.package_identification:_identify(src/rb_description) by extension 'colcon_meta'
[0.364s] Level 1:colcon.colcon_core.package_identification:_identify(src/rb_description) by extensions ['ros']
[0.364s] Level 1:colcon.colcon_core.package_identification:_identify(src/rb_description) by extension 'ros'
[0.365s] DEBUG:colcon.colcon_core.package_identification:Package 'src/rb_description' with type 'ros.ament_cmake' and name 'rb_description'
[0.366s] Level 1:colcon.colcon_core.package_discovery:discover_packages(recursive) using defaults
[0.366s] Level 1:colcon.colcon_core.package_discovery:discover_packages(ignore) discover
[0.366s] Level 1:colcon.colcon_core.package_discovery:discover_packages(ignore) using defaults
[0.366s] Level 1:colcon.colcon_core.package_discovery:discover_packages(path) discover
[0.366s] Level 1:colcon.colcon_core.package_discovery:discover_packages(path) using defaults
[0.402s] Level 1:colcon.colcon_core.package_discovery:discover_packages(prefix_path) check parameters
[0.402s] Level 1:colcon.colcon_core.package_discovery:discover_packages(prefix_path) discover
[0.407s] DEBUG:colcon.colcon_installed_package_information.package_discovery:Found 2 installed packages in /home/thomas/tfgazebourdf_ws/install
[0.408s] DEBUG:colcon.colcon_installed_package_information.package_discovery:Found 4 installed packages in /home/thomas/concepts_ws/install
[0.409s] DEBUG:colcon.colcon_installed_package_information.package_discovery:Found 5 installed packages in /home/thomas/mobilrobot_ws/install
[0.412s] DEBUG:colcon.colcon_installed_package_information.package_discovery:Found 398 installed packages in /opt/ros/jazzy
[0.415s] Level 1:colcon.colcon_core.package_discovery:discover_packages(prefix_path) using defaults
[0.538s] Level 5:colcon.colcon_core.verb:set package 'my_robot_bringup' build argument 'cmake_args' from command line to 'None'
[0.538s] Level 5:colcon.colcon_core.verb:set package 'my_robot_bringup' build argument 'cmake_target' from command line to 'None'
[0.538s] Level 5:colcon.colcon_core.verb:set package 'my_robot_bringup' build argument 'cmake_target_skip_unavailable' from command line to 'False'
[0.538s] Level 5:colcon.colcon_core.verb:set package 'my_robot_bringup' build argument 'cmake_clean_cache' from command line to 'False'
[0.538s] Level 5:colcon.colcon_core.verb:set package 'my_robot_bringup' build argument 'cmake_clean_first' from command line to 'False'
[0.538s] Level 5:colcon.colcon_core.verb:set package 'my_robot_bringup' build argument 'cmake_force_configure' from command line to 'False'
[0.538s] Level 5:colcon.colcon_core.verb:set package 'my_robot_bringup' build argument 'ament_cmake_args' from command line to 'None'
[0.538s] Level 5:colcon.colcon_core.verb:set package 'my_robot_bringup' build argument 'catkin_cmake_args' from command line to 'None'
[0.538s] Level 5:colcon.colcon_core.verb:set package 'my_robot_bringup' build argument 'catkin_skip_building_tests' from command line to 'False'
[0.538s] DEBUG:colcon.colcon_core.verb:Building package 'my_robot_bringup' with the following arguments: {'ament_cmake_args': None, 'build_base': '/home/thomas/tfgazebourdf_ws/build/my_robot_bringup', 'catkin_cmake_args': None, 'catkin_skip_building_tests': False, 'cmake_args': None, 'cmake_clean_cache': False, 'cmake_clean_first': False, 'cmake_force_configure': False, 'cmake_target': None, 'cmake_target_skip_unavailable': False, 'install_base': '/home/thomas/tfgazebourdf_ws/install/my_robot_bringup', 'merge_install': False, 'path': '/home/thomas/tfgazebourdf_ws/src/my_robot_bringup', 'symlink_install': False, 'test_result_base': None}
[0.540s] Level 5:colcon.colcon_core.verb:set package 'rb_description' build argument 'cmake_args' from command line to 'None'
[0.540s] Level 5:colcon.colcon_core.verb:set package 'rb_description' build argument 'cmake_target' from command line to 'None'
[0.541s] Level 5:colcon.colcon_core.verb:set package 'rb_description' build argument 'cmake_target_skip_unavailable' from command line to 'False'
[0.541s] Level 5:colcon.colcon_core.verb:set package 'rb_description' build argument 'cmake_clean_cache' from command line to 'False'
[0.541s] Level 5:colcon.colcon_core.verb:set package 'rb_description' build argument 'cmake_clean_first' from command line to 'False'
[0.541s] Level 5:colcon.colcon_core.verb:set package 'rb_description' build argument 'cmake_force_configure' from command line to 'False'
[0.541s] Level 5:colcon.colcon_core.verb:set package 'rb_description' build argument 'ament_cmake_args' from command line to 'None'
[0.541s] Level 5:colcon.colcon_core.verb:set package 'rb_description' build argument 'catkin_cmake_args' from command line to 'None'
[0.541s] Level 5:colcon.colcon_core.verb:set package 'rb_description' build argument 'catkin_skip_building_tests' from command line to 'False'
[0.541s] DEBUG:colcon.colcon_core.verb:Building package 'rb_description' with the following arguments: {'ament_cmake_args': None, 'build_base': '/home/thomas/tfgazebourdf_ws/build/rb_description', 'catkin_cmake_args': None, 'catkin_skip_building_tests': False, 'cmake_args': None, 'cmake_clean_cache': False, 'cmake_clean_first': False, 'cmake_force_configure': False, 'cmake_target': None, 'cmake_target_skip_unavailable': False, 'install_base': '/home/thomas/tfgazebourdf_ws/install/rb_description', 'merge_install': False, 'path': '/home/thomas/tfgazebourdf_ws/src/rb_description', 'symlink_install': False, 'test_result_base': None}
[0.541s] INFO:colcon.colcon_core.executor:Executing jobs using 'parallel' executor
[0.543s] DEBUG:colcon.colcon_parallel_executor.executor.parallel:run_until_complete
[0.544s] INFO:colcon.colcon_ros.task.ament_cmake.build:Building ROS package in '/home/thomas/tfgazebourdf_ws/src/my_robot_bringup' with build type 'ament_cmake'
[0.544s] INFO:colcon.colcon_cmake.task.cmake.build:Building CMake package in '/home/thomas/tfgazebourdf_ws/src/my_robot_bringup'
[0.553s] INFO:colcon.colcon_core.plugin_system:Skipping extension 'colcon_core.shell.bat': Not used on non-Windows systems
[0.553s] INFO:colcon.colcon_core.shell:Skip shell extension 'powershell' for command environment: Not usable outside of PowerShell
[0.553s] DEBUG:colcon.colcon_core.shell:Skip shell extension 'dsv' for command environment
[0.564s] INFO:colcon.colcon_ros.task.ament_cmake.build:Building ROS package in '/home/thomas/tfgazebourdf_ws/src/rb_description' with build type 'ament_cmake'
[0.564s] INFO:colcon.colcon_cmake.task.cmake.build:Building CMake package in '/home/thomas/tfgazebourdf_ws/src/rb_description'
[0.565s] INFO:colcon.colcon_core.shell:Skip shell extension 'powershell' for command environment: Not usable outside of PowerShell
[0.565s] DEBUG:colcon.colcon_core.shell:Skip shell extension 'dsv' for command environment
[0.585s] DEBUG:colcon.colcon_core.event_handler.log_command:Invoking command in '/home/thomas/tfgazebourdf_ws/build/my_robot_bringup': CMAKE_PREFIX_PATH=${CMAKE_PREFIX_PATH}:/home/thomas/concepts_ws/install/py_actions:/home/thomas/mobilrobot_ws/install/mobilrobot_py_examples:/opt/ros/jazzy DEBUGINFOD_URLS=https://debuginfod.ubuntu.com /usr/bin/cmake --build /home/thomas/tfgazebourdf_ws/build/my_robot_bringup -- -j4 -l4
[0.600s] DEBUG:colcon.colcon_core.event_handler.log_command:Invoking command in '/home/thomas/tfgazebourdf_ws/build/rb_description': CMAKE_PREFIX_PATH=${CMAKE_PREFIX_PATH}:/home/thomas/concepts_ws/install/py_actions:/home/thomas/mobilrobot_ws/install/mobilrobot_py_examples:/opt/ros/jazzy DEBUGINFOD_URLS=https://debuginfod.ubuntu.com /usr/bin/cmake --build /home/thomas/tfgazebourdf_ws/build/rb_description -- -j4 -l4
[0.678s] DEBUG:colcon.colcon_core.event_handler.log_command:Invoked command in '/home/thomas/tfgazebourdf_ws/build/my_robot_bringup' returned '0': CMAKE_PREFIX_PATH=${CMAKE_PREFIX_PATH}:/home/thomas/concepts_ws/install/py_actions:/home/thomas/mobilrobot_ws/install/mobilrobot_py_examples:/opt/ros/jazzy DEBUGINFOD_URLS=https://debuginfod.ubuntu.com /usr/bin/cmake --build /home/thomas/tfgazebourdf_ws/build/my_robot_bringup -- -j4 -l4
[0.698s] DEBUG:colcon.colcon_core.event_handler.log_command:Invoking command in '/home/thomas/tfgazebourdf_ws/build/my_robot_bringup': CMAKE_PREFIX_PATH=${CMAKE_PREFIX_PATH}:/home/thomas/concepts_ws/install/py_actions:/home/thomas/mobilrobot_ws/install/mobilrobot_py_examples:/opt/ros/jazzy DEBUGINFOD_URLS=https://debuginfod.ubuntu.com /usr/bin/cmake --install /home/thomas/tfgazebourdf_ws/build/my_robot_bringup
[0.704s] DEBUG:colcon.colcon_core.event_handler.log_command:Invoked command in '/home/thomas/tfgazebourdf_ws/build/rb_description' returned '0': CMAKE_PREFIX_PATH=${CMAKE_PREFIX_PATH}:/home/thomas/concepts_ws/install/py_actions:/home/thomas/mobilrobot_ws/install/mobilrobot_py_examples:/opt/ros/jazzy DEBUGINFOD_URLS=https://debuginfod.ubuntu.com /usr/bin/cmake --build /home/thomas/tfgazebourdf_ws/build/rb_description -- -j4 -l4
[0.707s] DEBUG:colcon.colcon_core.event_handler.log_command:Invoking command in '/home/thomas/tfgazebourdf_ws/build/rb_description': CMAKE_PREFIX_PATH=${CMAKE_PREFIX_PATH}:/home/thomas/concepts_ws/install/py_actions:/home/thomas/mobilrobot_ws/install/mobilrobot_py_examples:/opt/ros/jazzy DEBUGINFOD_URLS=https://debuginfod.ubuntu.com /usr/bin/cmake --install /home/thomas/tfgazebourdf_ws/build/rb_description
[0.731s] Level 1:colcon.colcon_core.environment:create_environment_scripts_only(my_robot_bringup)
[0.733s] DEBUG:colcon.colcon_core.event_handler.log_command:Invoked command in '/home/thomas/tfgazebourdf_ws/build/my_robot_bringup' returned '0': CMAKE_PREFIX_PATH=${CMAKE_PREFIX_PATH}:/home/thomas/concepts_ws/install/py_actions:/home/thomas/mobilrobot_ws/install/mobilrobot_py_examples:/opt/ros/jazzy DEBUGINFOD_URLS=https://debuginfod.ubuntu.com /usr/bin/cmake --install /home/thomas/tfgazebourdf_ws/build/my_robot_bringup
[0.741s] Level 1:colcon.colcon_core.environment:checking '/home/thomas/tfgazebourdf_ws/install/my_robot_bringup' for CMake module files
[0.742s] Level 1:colcon.colcon_core.environment:checking '/home/thomas/tfgazebourdf_ws/install/my_robot_bringup' for CMake config files
[0.744s] Level 1:colcon.colcon_core.shell:create_environment_hook('my_robot_bringup', 'cmake_prefix_path')
[0.745s] INFO:colcon.colcon_core.shell:Creating environment hook '/home/thomas/tfgazebourdf_ws/install/my_robot_bringup/share/my_robot_bringup/hook/cmake_prefix_path.ps1'
[0.747s] INFO:colcon.colcon_core.shell:Creating environment descriptor '/home/thomas/tfgazebourdf_ws/install/my_robot_bringup/share/my_robot_bringup/hook/cmake_prefix_path.dsv'
[0.748s] INFO:colcon.colcon_core.shell:Creating environment hook '/home/thomas/tfgazebourdf_ws/install/my_robot_bringup/share/my_robot_bringup/hook/cmake_prefix_path.sh'
[0.751s] Level 1:colcon.colcon_core.environment:checking '/home/thomas/tfgazebourdf_ws/install/my_robot_bringup/bin'
[0.751s] Level 1:colcon.colcon_core.environment:checking '/home/thomas/tfgazebourdf_ws/install/my_robot_bringup/lib/pkgconfig/my_robot_bringup.pc'
[0.751s] Level 1:colcon.colcon_core.environment:checking '/home/thomas/tfgazebourdf_ws/install/my_robot_bringup/lib/python3.12/site-packages'
[0.752s] Level 1:colcon.colcon_core.environment:checking '/home/thomas/tfgazebourdf_ws/install/my_robot_bringup/bin'
[0.752s] INFO:colcon.colcon_core.shell:Creating package script '/home/thomas/tfgazebourdf_ws/install/my_robot_bringup/share/my_robot_bringup/package.ps1'
[0.754s] INFO:colcon.colcon_core.shell:Creating package descriptor '/home/thomas/tfgazebourdf_ws/install/my_robot_bringup/share/my_robot_bringup/package.dsv'
[0.755s] INFO:colcon.colcon_core.shell:Creating package script '/home/thomas/tfgazebourdf_ws/install/my_robot_bringup/share/my_robot_bringup/package.sh'
[0.756s] INFO:colcon.colcon_core.shell:Creating package script '/home/thomas/tfgazebourdf_ws/install/my_robot_bringup/share/my_robot_bringup/package.bash'
[0.759s] INFO:colcon.colcon_core.shell:Creating package script '/home/thomas/tfgazebourdf_ws/install/my_robot_bringup/share/my_robot_bringup/package.zsh'
[0.761s] Level 1:colcon.colcon_core.environment:create_file_with_runtime_dependencies(/home/thomas/tfgazebourdf_ws/install/my_robot_bringup/share/colcon-core/packages/my_robot_bringup)
[0.762s] Level 1:colcon.colcon_core.environment:create_environment_scripts_only(my_robot_bringup)
[0.763s] Level 1:colcon.colcon_core.environment:checking '/home/thomas/tfgazebourdf_ws/install/my_robot_bringup' for CMake module files
[0.764s] Level 1:colcon.colcon_core.environment:checking '/home/thomas/tfgazebourdf_ws/install/my_robot_bringup' for CMake config files
[0.765s] Level 1:colcon.colcon_core.shell:create_environment_hook('my_robot_bringup', 'cmake_prefix_path')
[0.765s] INFO:colcon.colcon_core.shell:Creating environment hook '/home/thomas/tfgazebourdf_ws/install/my_robot_bringup/share/my_robot_bringup/hook/cmake_prefix_path.ps1'
[0.765s] INFO:colcon.colcon_core.shell:Creating environment descriptor '/home/thomas/tfgazebourdf_ws/install/my_robot_bringup/share/my_robot_bringup/hook/cmake_prefix_path.dsv'
[0.766s] INFO:colcon.colcon_core.shell:Creating environment hook '/home/thomas/tfgazebourdf_ws/install/my_robot_bringup/share/my_robot_bringup/hook/cmake_prefix_path.sh'
[0.767s] Level 1:colcon.colcon_core.environment:checking '/home/thomas/tfgazebourdf_ws/install/my_robot_bringup/bin'
[0.767s] Level 1:colcon.colcon_core.environment:checking '/home/thomas/tfgazebourdf_ws/install/my_robot_bringup/lib/pkgconfig/my_robot_bringup.pc'
[0.767s] Level 1:colcon.colcon_core.environment:checking '/home/thomas/tfgazebourdf_ws/install/my_robot_bringup/lib/python3.12/site-packages'
[0.768s] Level 1:colcon.colcon_core.environment:checking '/home/thomas/tfgazebourdf_ws/install/my_robot_bringup/bin'
[0.768s] INFO:colcon.colcon_core.shell:Creating package script '/home/thomas/tfgazebourdf_ws/install/my_robot_bringup/share/my_robot_bringup/package.ps1'
[0.769s] INFO:colcon.colcon_core.shell:Creating package descriptor '/home/thomas/tfgazebourdf_ws/install/my_robot_bringup/share/my_robot_bringup/package.dsv'
[0.770s] INFO:colcon.colcon_core.shell:Creating package script '/home/thomas/tfgazebourdf_ws/install/my_robot_bringup/share/my_robot_bringup/package.sh'
[0.771s] INFO:colcon.colcon_core.shell:Creating package script '/home/thomas/tfgazebourdf_ws/install/my_robot_bringup/share/my_robot_bringup/package.bash'
[0.772s] INFO:colcon.colcon_core.shell:Creating package script '/home/thomas/tfgazebourdf_ws/install/my_robot_bringup/share/my_robot_bringup/package.zsh'
[0.773s] Level 1:colcon.colcon_core.environment:create_file_with_runtime_dependencies(/home/thomas/tfgazebourdf_ws/install/my_robot_bringup/share/colcon-core/packages/my_robot_bringup)
[0.776s] Level 1:colcon.colcon_core.environment:create_environment_scripts_only(rb_description)
[0.777s] Level 1:colcon.colcon_core.environment:checking '/home/thomas/tfgazebourdf_ws/install/rb_description' for CMake module files
[0.778s] DEBUG:colcon.colcon_core.event_handler.log_command:Invoked command in '/home/thomas/tfgazebourdf_ws/build/rb_description' returned '0': CMAKE_PREFIX_PATH=${CMAKE_PREFIX_PATH}:/home/thomas/concepts_ws/install/py_actions:/home/thomas/mobilrobot_ws/install/mobilrobot_py_examples:/opt/ros/jazzy DEBUGINFOD_URLS=https://debuginfod.ubuntu.com /usr/bin/cmake --install /home/thomas/tfgazebourdf_ws/build/rb_description
[0.779s] Level 1:colcon.colcon_core.environment:checking '/home/thomas/tfgazebourdf_ws/install/rb_description' for CMake config files
[0.780s] Level 1:colcon.colcon_core.shell:create_environment_hook('rb_description', 'cmake_prefix_path')
[0.780s] INFO:colcon.colcon_core.shell:Creating environment hook '/home/thomas/tfgazebourdf_ws/install/rb_description/share/rb_description/hook/cmake_prefix_path.ps1'
[0.781s] INFO:colcon.colcon_core.shell:Creating environment descriptor '/home/thomas/tfgazebourdf_ws/install/rb_description/share/rb_description/hook/cmake_prefix_path.dsv'
[0.782s] INFO:colcon.colcon_core.shell:Creating environment hook '/home/thomas/tfgazebourdf_ws/install/rb_description/share/rb_description/hook/cmake_prefix_path.sh'
[0.783s] Level 1:colcon.colcon_core.environment:checking '/home/thomas/tfgazebourdf_ws/install/rb_description/bin'
[0.784s] Level 1:colcon.colcon_core.environment:checking '/home/thomas/tfgazebourdf_ws/install/rb_description/lib/pkgconfig/rb_description.pc'
[0.784s] Level 1:colcon.colcon_core.environment:checking '/home/thomas/tfgazebourdf_ws/install/rb_description/lib/python3.12/site-packages'
[0.784s] Level 1:colcon.colcon_core.environment:checking '/home/thomas/tfgazebourdf_ws/install/rb_description/bin'
[0.785s] INFO:colcon.colcon_core.shell:Creating package script '/home/thomas/tfgazebourdf_ws/install/rb_description/share/rb_description/package.ps1'
[0.786s] INFO:colcon.colcon_core.shell:Creating package descriptor '/home/thomas/tfgazebourdf_ws/install/rb_description/share/rb_description/package.dsv'
[0.787s] INFO:colcon.colcon_core.shell:Creating package script '/home/thomas/tfgazebourdf_ws/install/rb_description/share/rb_description/package.sh'
[0.788s] INFO:colcon.colcon_core.shell:Creating package script '/home/thomas/tfgazebourdf_ws/install/rb_description/share/rb_description/package.bash'
[0.789s] INFO:colcon.colcon_core.shell:Creating package script '/home/thomas/tfgazebourdf_ws/install/rb_description/share/rb_description/package.zsh'
[0.789s] Level 1:colcon.colcon_core.environment:create_file_with_runtime_dependencies(/home/thomas/tfgazebourdf_ws/install/rb_description/share/colcon-core/packages/rb_description)
[0.790s] Level 1:colcon.colcon_core.environment:create_environment_scripts_only(rb_description)
[0.790s] Level 1:colcon.colcon_core.environment:checking '/home/thomas/tfgazebourdf_ws/install/rb_description' for CMake module files
[0.791s] Level 1:colcon.colcon_core.environment:checking '/home/thomas/tfgazebourdf_ws/install/rb_description' for CMake config files
[0.792s] Level 1:colcon.colcon_core.shell:create_environment_hook('rb_description', 'cmake_prefix_path')
[0.792s] INFO:colcon.colcon_core.shell:Creating environment hook '/home/thomas/tfgazebourdf_ws/install/rb_description/share/rb_description/hook/cmake_prefix_path.ps1'
[0.793s] INFO:colcon.colcon_core.shell:Creating environment descriptor '/home/thomas/tfgazebourdf_ws/install/rb_description/share/rb_description/hook/cmake_prefix_path.dsv'
[0.793s] INFO:colcon.colcon_core.shell:Creating environment hook '/home/thomas/tfgazebourdf_ws/install/rb_description/share/rb_description/hook/cmake_prefix_path.sh'
[0.794s] Level 1:colcon.colcon_core.environment:checking '/home/thomas/tfgazebourdf_ws/install/rb_description/bin'
[0.794s] Level 1:colcon.colcon_core.environment:checking '/home/thomas/tfgazebourdf_ws/install/rb_description/lib/pkgconfig/rb_description.pc'
[0.795s] Level 1:colcon.colcon_core.environment:checking '/home/thomas/tfgazebourdf_ws/install/rb_description/lib/python3.12/site-packages'
[0.795s] Level 1:colcon.colcon_core.environment:checking '/home/thomas/tfgazebourdf_ws/install/rb_description/bin'
[0.795s] INFO:colcon.colcon_core.shell:Creating package script '/home/thomas/tfgazebourdf_ws/install/rb_description/share/rb_description/package.ps1'
[0.796s] INFO:colcon.colcon_core.shell:Creating package descriptor '/home/thomas/tfgazebourdf_ws/install/rb_description/share/rb_description/package.dsv'
[0.798s] INFO:colcon.colcon_core.shell:Creating package script '/home/thomas/tfgazebourdf_ws/install/rb_description/share/rb_description/package.sh'
[0.799s] INFO:colcon.colcon_core.shell:Creating package script '/home/thomas/tfgazebourdf_ws/install/rb_description/share/rb_description/package.bash'
[0.799s] INFO:colcon.colcon_core.shell:Creating package script '/home/thomas/tfgazebourdf_ws/install/rb_description/share/rb_description/package.zsh'
[0.800s] Level 1:colcon.colcon_core.environment:create_file_with_runtime_dependencies(/home/thomas/tfgazebourdf_ws/install/rb_description/share/colcon-core/packages/rb_description)
[0.801s] DEBUG:colcon.colcon_parallel_executor.executor.parallel:closing loop
[0.802s] DEBUG:colcon.colcon_parallel_executor.executor.parallel:loop closed
[0.802s] DEBUG:colcon.colcon_parallel_executor.executor.parallel:run_until_complete finished with '0'
[0.802s] DEBUG:colcon.colcon_core.event_reactor:joining thread
[0.811s] INFO:colcon.colcon_core.plugin_system:Skipping extension 'colcon_notification.desktop_notification.terminal_notifier': Not used on non-Darwin systems
[0.811s] INFO:colcon.colcon_core.plugin_system:Skipping extension 'colcon_notification.desktop_notification.win32': Not used on non-Windows systems
[0.811s] INFO:colcon.colcon_notification.desktop_notification:Sending desktop notification using 'notify2'
[0.834s] DEBUG:colcon.colcon_core.event_reactor:joined thread
[0.835s] INFO:colcon.colcon_core.shell:Creating prefix script '/home/thomas/tfgazebourdf_ws/install/local_setup.ps1'
[0.836s] INFO:colcon.colcon_core.shell:Creating prefix util module '/home/thomas/tfgazebourdf_ws/install/_local_setup_util_ps1.py'
[0.839s] INFO:colcon.colcon_core.shell:Creating prefix chain script '/home/thomas/tfgazebourdf_ws/install/setup.ps1'
[0.841s] INFO:colcon.colcon_core.shell:Creating prefix script '/home/thomas/tfgazebourdf_ws/install/local_setup.sh'
[0.842s] INFO:colcon.colcon_core.shell:Creating prefix util module '/home/thomas/tfgazebourdf_ws/install/_local_setup_util_sh.py'
[0.843s] INFO:colcon.colcon_core.shell:Creating prefix chain script '/home/thomas/tfgazebourdf_ws/install/setup.sh'
[0.846s] INFO:colcon.colcon_core.shell:Creating prefix script '/home/thomas/tfgazebourdf_ws/install/local_setup.bash'
[0.847s] INFO:colcon.colcon_core.shell:Creating prefix chain script '/home/thomas/tfgazebourdf_ws/install/setup.bash'
[0.850s] INFO:colcon.colcon_core.shell:Creating prefix script '/home/thomas/tfgazebourdf_ws/install/local_setup.zsh'
[0.851s] INFO:colcon.colcon_core.shell:Creating prefix chain script '/home/thomas/tfgazebourdf_ws/install/setup.zsh'
