[2.787s] DEBUG:colcon:Command line arguments: ['/usr/bin/colcon', 'build']
[2.787s] DEBUG:colcon:Parsed command line arguments: Namespace(log_base=None, log_level=None, verb_name='build', build_base='build', install_base='install', merge_install=False, symlink_install=False, test_result_base=None, continue_on_error=False, executor='parallel', parallel_workers=4, event_handlers=None, ignore_user_meta=False, metas=['./colcon.meta'], base_paths=['.'], packages_ignore=None, packages_ignore_regex=None, paths=None, packages_up_to=None, packages_up_to_regex=None, packages_above=None, packages_above_and_dependencies=None, packages_above_depth=None, packages_select_by_dep=None, packages_skip_by_dep=None, packages_skip_up_to=None, packages_select_build_failed=False, packages_skip_build_finished=False, packages_select_test_failures=False, packages_skip_test_passed=False, packages_select=None, packages_skip=None, packages_select_regex=None, packages_skip_regex=None, packages_start=None, packages_end=None, allow_overriding=[], cmake_args=None, cmake_target=None, cmake_target_skip_unavailable=False, cmake_clean_cache=False, cmake_clean_first=False, cmake_force_configure=False, ament_cmake_args=None, catkin_cmake_args=None, catkin_skip_building_tests=False, mixin_files=None, mixin=None, verb_parser=<colcon_mixin.mixin.mixin_argument.MixinArgumentDecorator object at 0x723e6e5a20f0>, verb_extension=<colcon_core.verb.build.BuildVerb object at 0x723e6e5a1dc0>, main=<bound method BuildVerb.main of <colcon_core.verb.build.BuildVerb object at 0x723e6e5a1dc0>>, mixin_verb=('build',))
[2.993s] Level 1:colcon.colcon_core.package_discovery:discover_packages(colcon_meta) check parameters
[2.993s] Level 1:colcon.colcon_core.package_discovery:discover_packages(recursive) check parameters
[2.993s] Level 1:colcon.colcon_core.package_discovery:discover_packages(ignore) check parameters
[2.993s] Level 1:colcon.colcon_core.package_discovery:discover_packages(path) check parameters
[2.993s] Level 1:colcon.colcon_core.package_discovery:discover_packages(colcon_meta) discover
[2.994s] Level 1:colcon.colcon_core.package_discovery:discover_packages(recursive) discover
[2.994s] INFO:colcon.colcon_core.package_discovery:Crawling recursively for packages in '/home/thomas/tfgazebourdf_ws'
[2.994s] Level 1:colcon.colcon_core.package_identification:_identify(.) by extensions ['ignore', 'ignore_ament_install']
[2.994s] Level 1:colcon.colcon_core.package_identification:_identify(.) by extension 'ignore'
[2.994s] Level 1:colcon.colcon_core.package_identification:_identify(.) by extension 'ignore_ament_install'
[2.994s] Level 1:colcon.colcon_core.package_identification:_identify(.) by extensions ['colcon_pkg']
[2.994s] Level 1:colcon.colcon_core.package_identification:_identify(.) by extension 'colcon_pkg'
[2.994s] Level 1:colcon.colcon_core.package_identification:_identify(.) by extensions ['colcon_meta']
[2.995s] Level 1:colcon.colcon_core.package_identification:_identify(.) by extension 'colcon_meta'
[2.995s] Level 1:colcon.colcon_core.package_identification:_identify(.) by extensions ['ros']
[2.995s] Level 1:colcon.colcon_core.package_identification:_identify(.) by extension 'ros'
[3.119s] Level 1:colcon.colcon_core.package_identification:_identify(.) by extensions ['cmake', 'python']
[3.119s] Level 1:colcon.colcon_core.package_identification:_identify(.) by extension 'cmake'
[3.119s] Level 1:colcon.colcon_core.package_identification:_identify(.) by extension 'python'
[3.120s] Level 1:colcon.colcon_core.package_identification:_identify(.) by extensions ['python_setup_py']
[3.120s] Level 1:colcon.colcon_core.package_identification:_identify(.) by extension 'python_setup_py'
[3.120s] Level 1:colcon.colcon_core.package_identification:_identify(build) by extensions ['ignore', 'ignore_ament_install']
[3.120s] Level 1:colcon.colcon_core.package_identification:_identify(build) by extension 'ignore'
[3.120s] Level 1:colcon.colcon_core.package_identification:_identify(build) ignored
[3.120s] Level 1:colcon.colcon_core.package_identification:_identify(install) by extensions ['ignore', 'ignore_ament_install']
[3.121s] Level 1:colcon.colcon_core.package_identification:_identify(install) by extension 'ignore'
[3.121s] Level 1:colcon.colcon_core.package_identification:_identify(install) ignored
[3.122s] Level 1:colcon.colcon_core.package_identification:_identify(log) by extensions ['ignore', 'ignore_ament_install']
[3.123s] Level 1:colcon.colcon_core.package_identification:_identify(log) by extension 'ignore'
[3.123s] Level 1:colcon.colcon_core.package_identification:_identify(log) ignored
[3.123s] Level 1:colcon.colcon_core.package_identification:_identify(src) by extensions ['ignore', 'ignore_ament_install']
[3.123s] Level 1:colcon.colcon_core.package_identification:_identify(src) by extension 'ignore'
[3.123s] Level 1:colcon.colcon_core.package_identification:_identify(src) by extension 'ignore_ament_install'
[3.123s] Level 1:colcon.colcon_core.package_identification:_identify(src) by extensions ['colcon_pkg']
[3.123s] Level 1:colcon.colcon_core.package_identification:_identify(src) by extension 'colcon_pkg'
[3.123s] Level 1:colcon.colcon_core.package_identification:_identify(src) by extensions ['colcon_meta']
[3.124s] Level 1:colcon.colcon_core.package_identification:_identify(src) by extension 'colcon_meta'
[3.124s] Level 1:colcon.colcon_core.package_identification:_identify(src) by extensions ['ros']
[3.124s] Level 1:colcon.colcon_core.package_identification:_identify(src) by extension 'ros'
[3.124s] Level 1:colcon.colcon_core.package_identification:_identify(src) by extensions ['cmake', 'python']
[3.124s] Level 1:colcon.colcon_core.package_identification:_identify(src) by extension 'cmake'
[3.124s] Level 1:colcon.colcon_core.package_identification:_identify(src) by extension 'python'
[3.124s] Level 1:colcon.colcon_core.package_identification:_identify(src) by extensions ['python_setup_py']
[3.124s] Level 1:colcon.colcon_core.package_identification:_identify(src) by extension 'python_setup_py'
[3.124s] Level 1:colcon.colcon_core.package_identification:_identify(src/my_robot_bringup) by extensions ['ignore', 'ignore_ament_install']
[3.125s] Level 1:colcon.colcon_core.package_identification:_identify(src/my_robot_bringup) by extension 'ignore'
[3.125s] Level 1:colcon.colcon_core.package_identification:_identify(src/my_robot_bringup) by extension 'ignore_ament_install'
[3.125s] Level 1:colcon.colcon_core.package_identification:_identify(src/my_robot_bringup) by extensions ['colcon_pkg']
[3.125s] Level 1:colcon.colcon_core.package_identification:_identify(src/my_robot_bringup) by extension 'colcon_pkg'
[3.125s] Level 1:colcon.colcon_core.package_identification:_identify(src/my_robot_bringup) by extensions ['colcon_meta']
[3.125s] Level 1:colcon.colcon_core.package_identification:_identify(src/my_robot_bringup) by extension 'colcon_meta'
[3.125s] Level 1:colcon.colcon_core.package_identification:_identify(src/my_robot_bringup) by extensions ['ros']
[3.125s] Level 1:colcon.colcon_core.package_identification:_identify(src/my_robot_bringup) by extension 'ros'
[3.132s] DEBUG:colcon.colcon_core.package_identification:Package 'src/my_robot_bringup' with type 'ros.ament_cmake' and name 'my_robot_bringup'
[3.132s] Level 1:colcon.colcon_core.package_identification:_identify(src/rb_description) by extensions ['ignore', 'ignore_ament_install']
[3.132s] Level 1:colcon.colcon_core.package_identification:_identify(src/rb_description) by extension 'ignore'
[3.133s] Level 1:colcon.colcon_core.package_identification:_identify(src/rb_description) by extension 'ignore_ament_install'
[3.133s] Level 1:colcon.colcon_core.package_identification:_identify(src/rb_description) by extensions ['colcon_pkg']
[3.133s] Level 1:colcon.colcon_core.package_identification:_identify(src/rb_description) by extension 'colcon_pkg'
[3.133s] Level 1:colcon.colcon_core.package_identification:_identify(src/rb_description) by extensions ['colcon_meta']
[3.133s] Level 1:colcon.colcon_core.package_identification:_identify(src/rb_description) by extension 'colcon_meta'
[3.134s] Level 1:colcon.colcon_core.package_identification:_identify(src/rb_description) by extensions ['ros']
[3.134s] Level 1:colcon.colcon_core.package_identification:_identify(src/rb_description) by extension 'ros'
[3.144s] DEBUG:colcon.colcon_core.package_identification:Package 'src/rb_description' with type 'ros.ament_cmake' and name 'rb_description'
[3.144s] Level 1:colcon.colcon_core.package_discovery:discover_packages(recursive) using defaults
[3.144s] Level 1:colcon.colcon_core.package_discovery:discover_packages(ignore) discover
[3.145s] Level 1:colcon.colcon_core.package_discovery:discover_packages(ignore) using defaults
[3.145s] Level 1:colcon.colcon_core.package_discovery:discover_packages(path) discover
[3.145s] Level 1:colcon.colcon_core.package_discovery:discover_packages(path) using defaults
[3.223s] Level 1:colcon.colcon_core.package_discovery:discover_packages(prefix_path) check parameters
[3.223s] Level 1:colcon.colcon_core.package_discovery:discover_packages(prefix_path) discover
[3.243s] DEBUG:colcon.colcon_installed_package_information.package_discovery:Found 2 installed packages in /home/thomas/tfgazebourdf_ws/install
[3.246s] DEBUG:colcon.colcon_installed_package_information.package_discovery:Found 4 installed packages in /home/thomas/concepts_ws/install
[3.254s] DEBUG:colcon.colcon_installed_package_information.package_discovery:Found 5 installed packages in /home/thomas/mobilrobot_ws/install
[3.266s] DEBUG:colcon.colcon_installed_package_information.package_discovery:Found 398 installed packages in /opt/ros/jazzy
[3.273s] Level 1:colcon.colcon_core.package_discovery:discover_packages(prefix_path) using defaults
[3.613s] Level 5:colcon.colcon_core.verb:set package 'my_robot_bringup' build argument 'cmake_args' from command line to 'None'
[3.613s] Level 5:colcon.colcon_core.verb:set package 'my_robot_bringup' build argument 'cmake_target' from command line to 'None'
[3.613s] Level 5:colcon.colcon_core.verb:set package 'my_robot_bringup' build argument 'cmake_target_skip_unavailable' from command line to 'False'
[3.613s] Level 5:colcon.colcon_core.verb:set package 'my_robot_bringup' build argument 'cmake_clean_cache' from command line to 'False'
[3.613s] Level 5:colcon.colcon_core.verb:set package 'my_robot_bringup' build argument 'cmake_clean_first' from command line to 'False'
[3.613s] Level 5:colcon.colcon_core.verb:set package 'my_robot_bringup' build argument 'cmake_force_configure' from command line to 'False'
[3.614s] Level 5:colcon.colcon_core.verb:set package 'my_robot_bringup' build argument 'ament_cmake_args' from command line to 'None'
[3.614s] Level 5:colcon.colcon_core.verb:set package 'my_robot_bringup' build argument 'catkin_cmake_args' from command line to 'None'
[3.614s] Level 5:colcon.colcon_core.verb:set package 'my_robot_bringup' build argument 'catkin_skip_building_tests' from command line to 'False'
[3.614s] DEBUG:colcon.colcon_core.verb:Building package 'my_robot_bringup' with the following arguments: {'ament_cmake_args': None, 'build_base': '/home/thomas/tfgazebourdf_ws/build/my_robot_bringup', 'catkin_cmake_args': None, 'catkin_skip_building_tests': False, 'cmake_args': None, 'cmake_clean_cache': False, 'cmake_clean_first': False, 'cmake_force_configure': False, 'cmake_target': None, 'cmake_target_skip_unavailable': False, 'install_base': '/home/thomas/tfgazebourdf_ws/install/my_robot_bringup', 'merge_install': False, 'path': '/home/thomas/tfgazebourdf_ws/src/my_robot_bringup', 'symlink_install': False, 'test_result_base': None}
[3.614s] Level 5:colcon.colcon_core.verb:set package 'rb_description' build argument 'cmake_args' from command line to 'None'
[3.615s] Level 5:colcon.colcon_core.verb:set package 'rb_description' build argument 'cmake_target' from command line to 'None'
[3.615s] Level 5:colcon.colcon_core.verb:set package 'rb_description' build argument 'cmake_target_skip_unavailable' from command line to 'False'
[3.615s] Level 5:colcon.colcon_core.verb:set package 'rb_description' build argument 'cmake_clean_cache' from command line to 'False'
[3.615s] Level 5:colcon.colcon_core.verb:set package 'rb_description' build argument 'cmake_clean_first' from command line to 'False'
[3.615s] Level 5:colcon.colcon_core.verb:set package 'rb_description' build argument 'cmake_force_configure' from command line to 'False'
[3.615s] Level 5:colcon.colcon_core.verb:set package 'rb_description' build argument 'ament_cmake_args' from command line to 'None'
[3.615s] Level 5:colcon.colcon_core.verb:set package 'rb_description' build argument 'catkin_cmake_args' from command line to 'None'
[3.615s] Level 5:colcon.colcon_core.verb:set package 'rb_description' build argument 'catkin_skip_building_tests' from command line to 'False'
[3.615s] DEBUG:colcon.colcon_core.verb:Building package 'rb_description' with the following arguments: {'ament_cmake_args': None, 'build_base': '/home/thomas/tfgazebourdf_ws/build/rb_description', 'catkin_cmake_args': None, 'catkin_skip_building_tests': False, 'cmake_args': None, 'cmake_clean_cache': False, 'cmake_clean_first': False, 'cmake_force_configure': False, 'cmake_target': None, 'cmake_target_skip_unavailable': False, 'install_base': '/home/thomas/tfgazebourdf_ws/install/rb_description', 'merge_install': False, 'path': '/home/thomas/tfgazebourdf_ws/src/rb_description', 'symlink_install': False, 'test_result_base': None}
[3.615s] INFO:colcon.colcon_core.executor:Executing jobs using 'parallel' executor
[3.623s] DEBUG:colcon.colcon_parallel_executor.executor.parallel:run_until_complete
[3.623s] INFO:colcon.colcon_ros.task.ament_cmake.build:Building ROS package in '/home/thomas/tfgazebourdf_ws/src/my_robot_bringup' with build type 'ament_cmake'
[3.623s] INFO:colcon.colcon_cmake.task.cmake.build:Building CMake package in '/home/thomas/tfgazebourdf_ws/src/my_robot_bringup'
[3.638s] INFO:colcon.colcon_core.plugin_system:Skipping extension 'colcon_core.shell.bat': Not used on non-Windows systems
[3.638s] INFO:colcon.colcon_core.shell:Skip shell extension 'powershell' for command environment: Not usable outside of PowerShell
[3.638s] DEBUG:colcon.colcon_core.shell:Skip shell extension 'dsv' for command environment
[3.657s] INFO:colcon.colcon_ros.task.ament_cmake.build:Building ROS package in '/home/thomas/tfgazebourdf_ws/src/rb_description' with build type 'ament_cmake'
[3.657s] INFO:colcon.colcon_cmake.task.cmake.build:Building CMake package in '/home/thomas/tfgazebourdf_ws/src/rb_description'
[3.658s] INFO:colcon.colcon_core.shell:Skip shell extension 'powershell' for command environment: Not usable outside of PowerShell
[3.658s] DEBUG:colcon.colcon_core.shell:Skip shell extension 'dsv' for command environment
[3.692s] DEBUG:colcon.colcon_core.event_handler.log_command:Invoking command in '/home/thomas/tfgazebourdf_ws/build/my_robot_bringup': CMAKE_PREFIX_PATH=${CMAKE_PREFIX_PATH}:/home/thomas/concepts_ws/install/py_actions:/home/thomas/mobilrobot_ws/install/mobilrobot_py_examples:/opt/ros/jazzy DEBUGINFOD_URLS=https://debuginfod.ubuntu.com /usr/bin/cmake --build /home/thomas/tfgazebourdf_ws/build/my_robot_bringup -- -j4 -l4
[3.709s] DEBUG:colcon.colcon_core.event_handler.log_command:Invoking command in '/home/thomas/tfgazebourdf_ws/build/rb_description': CMAKE_PREFIX_PATH=${CMAKE_PREFIX_PATH}:/home/thomas/concepts_ws/install/py_actions:/home/thomas/mobilrobot_ws/install/mobilrobot_py_examples:/opt/ros/jazzy DEBUGINFOD_URLS=https://debuginfod.ubuntu.com /usr/bin/cmake --build /home/thomas/tfgazebourdf_ws/build/rb_description -- -j4 -l4
[3.917s] DEBUG:colcon.colcon_core.event_handler.log_command:Invoked command in '/home/thomas/tfgazebourdf_ws/build/rb_description' returned '0': CMAKE_PREFIX_PATH=${CMAKE_PREFIX_PATH}:/home/thomas/concepts_ws/install/py_actions:/home/thomas/mobilrobot_ws/install/mobilrobot_py_examples:/opt/ros/jazzy DEBUGINFOD_URLS=https://debuginfod.ubuntu.com /usr/bin/cmake --build /home/thomas/tfgazebourdf_ws/build/rb_description -- -j4 -l4
[3.946s] DEBUG:colcon.colcon_core.event_handler.log_command:Invoking command in '/home/thomas/tfgazebourdf_ws/build/rb_description': CMAKE_PREFIX_PATH=${CMAKE_PREFIX_PATH}:/home/thomas/concepts_ws/install/py_actions:/home/thomas/mobilrobot_ws/install/mobilrobot_py_examples:/opt/ros/jazzy DEBUGINFOD_URLS=https://debuginfod.ubuntu.com /usr/bin/cmake --install /home/thomas/tfgazebourdf_ws/build/rb_description
[3.950s] DEBUG:colcon.colcon_core.event_handler.log_command:Invoked command in '/home/thomas/tfgazebourdf_ws/build/my_robot_bringup' returned '0': CMAKE_PREFIX_PATH=${CMAKE_PREFIX_PATH}:/home/thomas/concepts_ws/install/py_actions:/home/thomas/mobilrobot_ws/install/mobilrobot_py_examples:/opt/ros/jazzy DEBUGINFOD_URLS=https://debuginfod.ubuntu.com /usr/bin/cmake --build /home/thomas/tfgazebourdf_ws/build/my_robot_bringup -- -j4 -l4
[3.955s] DEBUG:colcon.colcon_core.event_handler.log_command:Invoking command in '/home/thomas/tfgazebourdf_ws/build/my_robot_bringup': CMAKE_PREFIX_PATH=${CMAKE_PREFIX_PATH}:/home/thomas/concepts_ws/install/py_actions:/home/thomas/mobilrobot_ws/install/mobilrobot_py_examples:/opt/ros/jazzy DEBUGINFOD_URLS=https://debuginfod.ubuntu.com /usr/bin/cmake --install /home/thomas/tfgazebourdf_ws/build/my_robot_bringup
[4.005s] Level 1:colcon.colcon_core.environment:create_environment_scripts_only(my_robot_bringup)
[4.012s] DEBUG:colcon.colcon_core.event_handler.log_command:Invoked command in '/home/thomas/tfgazebourdf_ws/build/my_robot_bringup' returned '0': CMAKE_PREFIX_PATH=${CMAKE_PREFIX_PATH}:/home/thomas/concepts_ws/install/py_actions:/home/thomas/mobilrobot_ws/install/mobilrobot_py_examples:/opt/ros/jazzy DEBUGINFOD_URLS=https://debuginfod.ubuntu.com /usr/bin/cmake --install /home/thomas/tfgazebourdf_ws/build/my_robot_bringup
[4.017s] Level 1:colcon.colcon_core.environment:checking '/home/thomas/tfgazebourdf_ws/install/my_robot_bringup' for CMake module files
[4.018s] Level 1:colcon.colcon_core.environment:checking '/home/thomas/tfgazebourdf_ws/install/my_robot_bringup' for CMake config files
[4.018s] Level 1:colcon.colcon_core.shell:create_environment_hook('my_robot_bringup', 'cmake_prefix_path')
[4.019s] INFO:colcon.colcon_core.shell:Creating environment hook '/home/thomas/tfgazebourdf_ws/install/my_robot_bringup/share/my_robot_bringup/hook/cmake_prefix_path.ps1'
[4.022s] INFO:colcon.colcon_core.shell:Creating environment descriptor '/home/thomas/tfgazebourdf_ws/install/my_robot_bringup/share/my_robot_bringup/hook/cmake_prefix_path.dsv'
[4.023s] INFO:colcon.colcon_core.shell:Creating environment hook '/home/thomas/tfgazebourdf_ws/install/my_robot_bringup/share/my_robot_bringup/hook/cmake_prefix_path.sh'
[4.027s] Level 1:colcon.colcon_core.environment:checking '/home/thomas/tfgazebourdf_ws/install/my_robot_bringup/bin'
[4.027s] Level 1:colcon.colcon_core.environment:checking '/home/thomas/tfgazebourdf_ws/install/my_robot_bringup/lib/pkgconfig/my_robot_bringup.pc'
[4.028s] Level 1:colcon.colcon_core.environment:checking '/home/thomas/tfgazebourdf_ws/install/my_robot_bringup/lib/python3.12/site-packages'
[4.029s] Level 1:colcon.colcon_core.environment:checking '/home/thomas/tfgazebourdf_ws/install/my_robot_bringup/bin'
[4.029s] INFO:colcon.colcon_core.shell:Creating package script '/home/thomas/tfgazebourdf_ws/install/my_robot_bringup/share/my_robot_bringup/package.ps1'
[4.035s] INFO:colcon.colcon_core.shell:Creating package descriptor '/home/thomas/tfgazebourdf_ws/install/my_robot_bringup/share/my_robot_bringup/package.dsv'
[4.038s] INFO:colcon.colcon_core.shell:Creating package script '/home/thomas/tfgazebourdf_ws/install/my_robot_bringup/share/my_robot_bringup/package.sh'
[4.044s] INFO:colcon.colcon_core.shell:Creating package script '/home/thomas/tfgazebourdf_ws/install/my_robot_bringup/share/my_robot_bringup/package.bash'
[4.046s] INFO:colcon.colcon_core.shell:Creating package script '/home/thomas/tfgazebourdf_ws/install/my_robot_bringup/share/my_robot_bringup/package.zsh'
[4.050s] Level 1:colcon.colcon_core.environment:create_file_with_runtime_dependencies(/home/thomas/tfgazebourdf_ws/install/my_robot_bringup/share/colcon-core/packages/my_robot_bringup)
[4.051s] Level 1:colcon.colcon_core.environment:create_environment_scripts_only(my_robot_bringup)
[4.052s] Level 1:colcon.colcon_core.environment:checking '/home/thomas/tfgazebourdf_ws/install/my_robot_bringup' for CMake module files
[4.056s] Level 1:colcon.colcon_core.environment:checking '/home/thomas/tfgazebourdf_ws/install/my_robot_bringup' for CMake config files
[4.056s] Level 1:colcon.colcon_core.shell:create_environment_hook('my_robot_bringup', 'cmake_prefix_path')
[4.057s] INFO:colcon.colcon_core.shell:Creating environment hook '/home/thomas/tfgazebourdf_ws/install/my_robot_bringup/share/my_robot_bringup/hook/cmake_prefix_path.ps1'
[4.058s] INFO:colcon.colcon_core.shell:Creating environment descriptor '/home/thomas/tfgazebourdf_ws/install/my_robot_bringup/share/my_robot_bringup/hook/cmake_prefix_path.dsv'
[4.061s] INFO:colcon.colcon_core.shell:Creating environment hook '/home/thomas/tfgazebourdf_ws/install/my_robot_bringup/share/my_robot_bringup/hook/cmake_prefix_path.sh'
[4.062s] Level 1:colcon.colcon_core.environment:checking '/home/thomas/tfgazebourdf_ws/install/my_robot_bringup/bin'
[4.062s] Level 1:colcon.colcon_core.environment:checking '/home/thomas/tfgazebourdf_ws/install/my_robot_bringup/lib/pkgconfig/my_robot_bringup.pc'
[4.062s] Level 1:colcon.colcon_core.environment:checking '/home/thomas/tfgazebourdf_ws/install/my_robot_bringup/lib/python3.12/site-packages'
[4.062s] Level 1:colcon.colcon_core.environment:checking '/home/thomas/tfgazebourdf_ws/install/my_robot_bringup/bin'
[4.063s] INFO:colcon.colcon_core.shell:Creating package script '/home/thomas/tfgazebourdf_ws/install/my_robot_bringup/share/my_robot_bringup/package.ps1'
[4.064s] INFO:colcon.colcon_core.shell:Creating package descriptor '/home/thomas/tfgazebourdf_ws/install/my_robot_bringup/share/my_robot_bringup/package.dsv'
[4.065s] INFO:colcon.colcon_core.shell:Creating package script '/home/thomas/tfgazebourdf_ws/install/my_robot_bringup/share/my_robot_bringup/package.sh'
[4.066s] INFO:colcon.colcon_core.shell:Creating package script '/home/thomas/tfgazebourdf_ws/install/my_robot_bringup/share/my_robot_bringup/package.bash'
[4.067s] INFO:colcon.colcon_core.shell:Creating package script '/home/thomas/tfgazebourdf_ws/install/my_robot_bringup/share/my_robot_bringup/package.zsh'
[4.068s] Level 1:colcon.colcon_core.environment:create_file_with_runtime_dependencies(/home/thomas/tfgazebourdf_ws/install/my_robot_bringup/share/colcon-core/packages/my_robot_bringup)
[4.069s] Level 1:colcon.colcon_core.environment:create_environment_scripts_only(rb_description)
[4.069s] Level 1:colcon.colcon_core.environment:checking '/home/thomas/tfgazebourdf_ws/install/rb_description' for CMake module files
[4.071s] Level 1:colcon.colcon_core.environment:checking '/home/thomas/tfgazebourdf_ws/install/rb_description' for CMake config files
[4.072s] DEBUG:colcon.colcon_core.event_handler.log_command:Invoked command in '/home/thomas/tfgazebourdf_ws/build/rb_description' returned '0': CMAKE_PREFIX_PATH=${CMAKE_PREFIX_PATH}:/home/thomas/concepts_ws/install/py_actions:/home/thomas/mobilrobot_ws/install/mobilrobot_py_examples:/opt/ros/jazzy DEBUGINFOD_URLS=https://debuginfod.ubuntu.com /usr/bin/cmake --install /home/thomas/tfgazebourdf_ws/build/rb_description
[4.077s] Level 1:colcon.colcon_core.shell:create_environment_hook('rb_description', 'cmake_prefix_path')
[4.077s] INFO:colcon.colcon_core.shell:Creating environment hook '/home/thomas/tfgazebourdf_ws/install/rb_description/share/rb_description/hook/cmake_prefix_path.ps1'
[4.078s] INFO:colcon.colcon_core.shell:Creating environment descriptor '/home/thomas/tfgazebourdf_ws/install/rb_description/share/rb_description/hook/cmake_prefix_path.dsv'
[4.079s] INFO:colcon.colcon_core.shell:Creating environment hook '/home/thomas/tfgazebourdf_ws/install/rb_description/share/rb_description/hook/cmake_prefix_path.sh'
[4.080s] Level 1:colcon.colcon_core.environment:checking '/home/thomas/tfgazebourdf_ws/install/rb_description/bin'
[4.080s] Level 1:colcon.colcon_core.environment:checking '/home/thomas/tfgazebourdf_ws/install/rb_description/lib/pkgconfig/rb_description.pc'
[4.080s] Level 1:colcon.colcon_core.environment:checking '/home/thomas/tfgazebourdf_ws/install/rb_description/lib/python3.12/site-packages'
[4.081s] Level 1:colcon.colcon_core.environment:checking '/home/thomas/tfgazebourdf_ws/install/rb_description/bin'
[4.081s] INFO:colcon.colcon_core.shell:Creating package script '/home/thomas/tfgazebourdf_ws/install/rb_description/share/rb_description/package.ps1'
[4.082s] INFO:colcon.colcon_core.shell:Creating package descriptor '/home/thomas/tfgazebourdf_ws/install/rb_description/share/rb_description/package.dsv'
[4.083s] INFO:colcon.colcon_core.shell:Creating package script '/home/thomas/tfgazebourdf_ws/install/rb_description/share/rb_description/package.sh'
[4.083s] INFO:colcon.colcon_core.shell:Creating package script '/home/thomas/tfgazebourdf_ws/install/rb_description/share/rb_description/package.bash'
[4.084s] INFO:colcon.colcon_core.shell:Creating package script '/home/thomas/tfgazebourdf_ws/install/rb_description/share/rb_description/package.zsh'
[4.084s] Level 1:colcon.colcon_core.environment:create_file_with_runtime_dependencies(/home/thomas/tfgazebourdf_ws/install/rb_description/share/colcon-core/packages/rb_description)
[4.085s] Level 1:colcon.colcon_core.environment:create_environment_scripts_only(rb_description)
[4.085s] Level 1:colcon.colcon_core.environment:checking '/home/thomas/tfgazebourdf_ws/install/rb_description' for CMake module files
[4.087s] Level 1:colcon.colcon_core.environment:checking '/home/thomas/tfgazebourdf_ws/install/rb_description' for CMake config files
[4.087s] Level 1:colcon.colcon_core.shell:create_environment_hook('rb_description', 'cmake_prefix_path')
[4.088s] INFO:colcon.colcon_core.shell:Creating environment hook '/home/thomas/tfgazebourdf_ws/install/rb_description/share/rb_description/hook/cmake_prefix_path.ps1'
[4.088s] INFO:colcon.colcon_core.shell:Creating environment descriptor '/home/thomas/tfgazebourdf_ws/install/rb_description/share/rb_description/hook/cmake_prefix_path.dsv'
[4.089s] INFO:colcon.colcon_core.shell:Creating environment hook '/home/thomas/tfgazebourdf_ws/install/rb_description/share/rb_description/hook/cmake_prefix_path.sh'
[4.093s] Level 1:colcon.colcon_core.environment:checking '/home/thomas/tfgazebourdf_ws/install/rb_description/bin'
[4.093s] Level 1:colcon.colcon_core.environment:checking '/home/thomas/tfgazebourdf_ws/install/rb_description/lib/pkgconfig/rb_description.pc'
[4.094s] Level 1:colcon.colcon_core.environment:checking '/home/thomas/tfgazebourdf_ws/install/rb_description/lib/python3.12/site-packages'
[4.094s] Level 1:colcon.colcon_core.environment:checking '/home/thomas/tfgazebourdf_ws/install/rb_description/bin'
[4.095s] INFO:colcon.colcon_core.shell:Creating package script '/home/thomas/tfgazebourdf_ws/install/rb_description/share/rb_description/package.ps1'
[4.096s] INFO:colcon.colcon_core.shell:Creating package descriptor '/home/thomas/tfgazebourdf_ws/install/rb_description/share/rb_description/package.dsv'
[4.097s] INFO:colcon.colcon_core.shell:Creating package script '/home/thomas/tfgazebourdf_ws/install/rb_description/share/rb_description/package.sh'
[4.098s] INFO:colcon.colcon_core.shell:Creating package script '/home/thomas/tfgazebourdf_ws/install/rb_description/share/rb_description/package.bash'
[4.099s] INFO:colcon.colcon_core.shell:Creating package script '/home/thomas/tfgazebourdf_ws/install/rb_description/share/rb_description/package.zsh'
[4.100s] Level 1:colcon.colcon_core.environment:create_file_with_runtime_dependencies(/home/thomas/tfgazebourdf_ws/install/rb_description/share/colcon-core/packages/rb_description)
[4.101s] DEBUG:colcon.colcon_parallel_executor.executor.parallel:closing loop
[4.102s] DEBUG:colcon.colcon_parallel_executor.executor.parallel:loop closed
[4.102s] DEBUG:colcon.colcon_parallel_executor.executor.parallel:run_until_complete finished with '0'
[4.102s] DEBUG:colcon.colcon_core.event_reactor:joining thread
[4.130s] INFO:colcon.colcon_core.plugin_system:Skipping extension 'colcon_notification.desktop_notification.terminal_notifier': Not used on non-Darwin systems
[4.130s] INFO:colcon.colcon_core.plugin_system:Skipping extension 'colcon_notification.desktop_notification.win32': Not used on non-Windows systems
[4.131s] INFO:colcon.colcon_notification.desktop_notification:Sending desktop notification using 'notify2'
[4.204s] DEBUG:colcon.colcon_core.event_reactor:joined thread
[4.204s] INFO:colcon.colcon_core.shell:Creating prefix script '/home/thomas/tfgazebourdf_ws/install/local_setup.ps1'
[4.207s] INFO:colcon.colcon_core.shell:Creating prefix util module '/home/thomas/tfgazebourdf_ws/install/_local_setup_util_ps1.py'
[4.211s] INFO:colcon.colcon_core.shell:Creating prefix chain script '/home/thomas/tfgazebourdf_ws/install/setup.ps1'
[4.217s] INFO:colcon.colcon_core.shell:Creating prefix script '/home/thomas/tfgazebourdf_ws/install/local_setup.sh'
[4.220s] INFO:colcon.colcon_core.shell:Creating prefix util module '/home/thomas/tfgazebourdf_ws/install/_local_setup_util_sh.py'
[4.221s] INFO:colcon.colcon_core.shell:Creating prefix chain script '/home/thomas/tfgazebourdf_ws/install/setup.sh'
[4.224s] INFO:colcon.colcon_core.shell:Creating prefix script '/home/thomas/tfgazebourdf_ws/install/local_setup.bash'
[4.225s] INFO:colcon.colcon_core.shell:Creating prefix chain script '/home/thomas/tfgazebourdf_ws/install/setup.bash'
[4.228s] INFO:colcon.colcon_core.shell:Creating prefix script '/home/thomas/tfgazebourdf_ws/install/local_setup.zsh'
[4.229s] INFO:colcon.colcon_core.shell:Creating prefix chain script '/home/thomas/tfgazebourdf_ws/install/setup.zsh'
