[0.019s] Invoking command in '/home/thomas/tfgazebourdf_ws/build/rb_description': CMAKE_PREFIX_PATH=${CMAKE_PREFIX_PATH}:/home/thomas/concepts_ws/install/py_actions:/home/thomas/mobilrobot_ws/install/mobilrobot_py_examples:/opt/ros/jazzy DEBUGINFOD_URLS=https://debuginfod.ubuntu.com /usr/bin/cmake --build /home/thomas/tfgazebourdf_ws/build/rb_description -- -j4 -l4
[0.065s] -- Found ament_cmake: 2.5.4 (/opt/ros/jazzy/share/ament_cmake/cmake)
[0.356s] -- Override CMake install command with custom implementation using symlinks instead of copying resources
[0.537s] -- Configuring done (0.5s)
[0.543s] -- Generating done (0.0s)
[0.545s] -- Build files have been written to: /home/thomas/tfgazebourdf_ws/build/rb_description
[0.572s] Invoked command in '/home/thomas/tfgazebourdf_ws/build/rb_description' returned '0': CMAKE_PREFIX_PATH=${CMAKE_PREFIX_PATH}:/home/thomas/concepts_ws/install/py_actions:/home/thomas/mobilrobot_ws/install/mobilrobot_py_examples:/opt/ros/jazzy DEBUGINFOD_URLS=https://debuginfod.ubuntu.com /usr/bin/cmake --build /home/thomas/tfgazebourdf_ws/build/rb_description -- -j4 -l4
[0.585s] Invoking command in '/home/thomas/tfgazebourdf_ws/build/rb_description': CMAKE_PREFIX_PATH=${CMAKE_PREFIX_PATH}:/home/thomas/concepts_ws/install/py_actions:/home/thomas/mobilrobot_ws/install/mobilrobot_py_examples:/opt/ros/jazzy DEBUGINFOD_URLS=https://debuginfod.ubuntu.com /usr/bin/cmake --install /home/thomas/tfgazebourdf_ws/build/rb_description
[0.597s] -- Install configuration: ""
[0.598s] -- Execute custom install script
[0.599s] -- Up-to-date symlink: /home/thomas/tfgazebourdf_ws/install/rb_description/share/rb_description//urdf/arm.xacro
[0.599s] -- Up-to-date symlink: /home/thomas/tfgazebourdf_ws/install/rb_description/share/rb_description//urdf/camera.xacro
[0.600s] -- Up-to-date symlink: /home/thomas/tfgazebourdf_ws/install/rb_description/share/rb_description//urdf/commonproperties.urdf.xacro
[0.600s] -- Up-to-date symlink: /home/thomas/tfgazebourdf_ws/install/rb_description/share/rb_description//urdf/gazebo.xacro
[0.600s] -- Symlinking: /home/thomas/tfgazebourdf_ws/install/rb_description/share/rb_description//urdf/lidar.xacro
[0.616s] -- Up-to-date symlink: /home/thomas/tfgazebourdf_ws/install/rb_description/share/rb_description//urdf/mobilrobot.urdf.xacro
[0.616s] -- Up-to-date symlink: /home/thomas/tfgazebourdf_ws/install/rb_description/share/rb_description//urdf/myrobot.urdf.xacro
[0.617s] -- Up-to-date symlink: /home/thomas/tfgazebourdf_ws/install/rb_description/share/rb_description//rviz/rviz_config.rviz
[0.618s] -- Up-to-date symlink: /home/thomas/tfgazebourdf_ws/install/rb_description/share/ament_index/resource_index/package_run_dependencies/rb_description
[0.619s] -- Up-to-date symlink: /home/thomas/tfgazebourdf_ws/install/rb_description/share/ament_index/resource_index/parent_prefix_path/rb_description
[0.621s] -- Up-to-date symlink: /home/thomas/tfgazebourdf_ws/install/rb_description/share/rb_description/environment/ament_prefix_path.sh
[0.621s] -- Up-to-date symlink: /home/thomas/tfgazebourdf_ws/install/rb_description/share/rb_description/environment/ament_prefix_path.dsv
[0.621s] -- Up-to-date symlink: /home/thomas/tfgazebourdf_ws/install/rb_description/share/rb_description/environment/path.sh
[0.621s] -- Up-to-date symlink: /home/thomas/tfgazebourdf_ws/install/rb_description/share/rb_description/environment/path.dsv
[0.622s] -- Up-to-date symlink: /home/thomas/tfgazebourdf_ws/install/rb_description/share/rb_description/local_setup.bash
[0.623s] -- Up-to-date symlink: /home/thomas/tfgazebourdf_ws/install/rb_description/share/rb_description/local_setup.sh
[0.623s] -- Up-to-date symlink: /home/thomas/tfgazebourdf_ws/install/rb_description/share/rb_description/local_setup.zsh
[0.623s] -- Up-to-date symlink: /home/thomas/tfgazebourdf_ws/install/rb_description/share/rb_description/local_setup.dsv
[0.624s] -- Symlinking: /home/thomas/tfgazebourdf_ws/install/rb_description/share/rb_description/package.dsv
[0.638s] -- Up-to-date symlink: /home/thomas/tfgazebourdf_ws/install/rb_description/share/ament_index/resource_index/packages/rb_description
[0.639s] -- Up-to-date symlink: /home/thomas/tfgazebourdf_ws/install/rb_description/share/rb_description/cmake/rb_descriptionConfig.cmake
[0.639s] -- Up-to-date symlink: /home/thomas/tfgazebourdf_ws/install/rb_description/share/rb_description/cmake/rb_descriptionConfig-version.cmake
[0.639s] -- Up-to-date symlink: /home/thomas/tfgazebourdf_ws/install/rb_description/share/rb_description/package.xml
[0.642s] Invoked command in '/home/thomas/tfgazebourdf_ws/build/rb_description' returned '0': CMAKE_PREFIX_PATH=${CMAKE_PREFIX_PATH}:/home/thomas/concepts_ws/install/py_actions:/home/thomas/mobilrobot_ws/install/mobilrobot_py_examples:/opt/ros/jazzy DEBUGINFOD_URLS=https://debuginfod.ubuntu.com /usr/bin/cmake --install /home/thomas/tfgazebourdf_ws/build/rb_description
