[0.024s] Invoking command in '/home/thomas/tfgazebourdf_ws/build/my_robot_bringup': CMAKE_PREFIX_PATH=${CMAKE_PREFIX_PATH}:/home/thomas/concepts_ws/install/py_actions:/home/thomas/mobilrobot_ws/install/mobilrobot_py_examples:/opt/ros/jazzy DEBUGINFOD_URLS=https://debuginfod.ubuntu.com /usr/bin/cmake /home/thomas/tfgazebourdf_ws/src/my_robot_bringup -DCMAKE_INSTALL_PREFIX=/home/thomas/tfgazebourdf_ws/install/my_robot_bringup
[0.043s] -- Found ament_cmake: 2.5.4 (/opt/ros/jazzy/share/ament_cmake/cmake)
[0.308s] -- Override CMake install command with custom implementation using symlinks instead of copying resources
[0.460s] -- Configuring done (0.4s)
[0.464s] -- Generating done (0.0s)
[0.466s] -- Build files have been written to: /home/thomas/tfgazebourdf_ws/build/my_robot_bringup
[0.476s] Invoked command in '/home/thomas/tfgazebourdf_ws/build/my_robot_bringup' returned '0': CMAKE_PREFIX_PATH=${CMAKE_PREFIX_PATH}:/home/thomas/concepts_ws/install/py_actions:/home/thomas/mobilrobot_ws/install/mobilrobot_py_examples:/opt/ros/jazzy DEBUGINFOD_URLS=https://debuginfod.ubuntu.com /usr/bin/cmake /home/thomas/tfgazebourdf_ws/src/my_robot_bringup -DCMAKE_INSTALL_PREFIX=/home/thomas/tfgazebourdf_ws/install/my_robot_bringup
[0.476s] Invoking command in '/home/thomas/tfgazebourdf_ws/build/my_robot_bringup': CMAKE_PREFIX_PATH=${CMAKE_PREFIX_PATH}:/home/thomas/concepts_ws/install/py_actions:/home/thomas/mobilrobot_ws/install/mobilrobot_py_examples:/opt/ros/jazzy DEBUGINFOD_URLS=https://debuginfod.ubuntu.com /usr/bin/cmake --build /home/thomas/tfgazebourdf_ws/build/my_robot_bringup -- -j4 -l4
[0.551s] Invoked command in '/home/thomas/tfgazebourdf_ws/build/my_robot_bringup' returned '0': CMAKE_PREFIX_PATH=${CMAKE_PREFIX_PATH}:/home/thomas/concepts_ws/install/py_actions:/home/thomas/mobilrobot_ws/install/mobilrobot_py_examples:/opt/ros/jazzy DEBUGINFOD_URLS=https://debuginfod.ubuntu.com /usr/bin/cmake --build /home/thomas/tfgazebourdf_ws/build/my_robot_bringup -- -j4 -l4
[0.553s] Invoking command in '/home/thomas/tfgazebourdf_ws/build/my_robot_bringup': CMAKE_PREFIX_PATH=${CMAKE_PREFIX_PATH}:/home/thomas/concepts_ws/install/py_actions:/home/thomas/mobilrobot_ws/install/mobilrobot_py_examples:/opt/ros/jazzy DEBUGINFOD_URLS=https://debuginfod.ubuntu.com /usr/bin/cmake --install /home/thomas/tfgazebourdf_ws/build/my_robot_bringup
[0.570s] -- Install configuration: ""
[0.570s] -- Execute custom install script
[0.571s] -- Up-to-date symlink: /home/thomas/tfgazebourdf_ws/install/my_robot_bringup/share/my_robot_bringup//launch/display.launch.py
[0.571s] -- Up-to-date symlink: /home/thomas/tfgazebourdf_ws/install/my_robot_bringup/share/my_robot_bringup//launch/display.launch.xml
[0.571s] -- Up-to-date symlink: /home/thomas/tfgazebourdf_ws/install/my_robot_bringup/share/my_robot_bringup//launch/gazebo.launch.xml
[0.571s] -- Up-to-date symlink: /home/thomas/tfgazebourdf_ws/install/my_robot_bringup/share/my_robot_bringup//config/gazebo_bridge.yaml
[0.571s] -- Up-to-date symlink: /home/thomas/tfgazebourdf_ws/install/my_robot_bringup/share/my_robot_bringup//worlds/ionic.sdf
[0.572s] -- Up-to-date symlink: /home/thomas/tfgazebourdf_ws/install/my_robot_bringup/share/my_robot_bringup//worlds/multip_tablew.sdf
[0.572s] -- Up-to-date symlink: /home/thomas/tfgazebourdf_ws/install/my_robot_bringup/share/my_robot_bringup//worlds/my_world.sdf
[0.572s] -- Up-to-date symlink: /home/thomas/tfgazebourdf_ws/install/my_robot_bringup/share/my_robot_bringup//worlds/my_world1.sdf
[0.572s] -- Up-to-date symlink: /home/thomas/tfgazebourdf_ws/install/my_robot_bringup/share/my_robot_bringup//worlds/rtgf.sdf
[0.572s] -- Up-to-date symlink: /home/thomas/tfgazebourdf_ws/install/my_robot_bringup/share/my_robot_bringup//worlds/sumb.sdf
[0.572s] -- Up-to-date symlink: /home/thomas/tfgazebourdf_ws/install/my_robot_bringup/share/my_robot_bringup//worlds/tur.sdf
[0.573s] -- Up-to-date symlink: /home/thomas/tfgazebourdf_ws/install/my_robot_bringup/share/ament_index/resource_index/package_run_dependencies/my_robot_bringup
[0.573s] -- Up-to-date symlink: /home/thomas/tfgazebourdf_ws/install/my_robot_bringup/share/ament_index/resource_index/parent_prefix_path/my_robot_bringup
[0.576s] -- Up-to-date symlink: /home/thomas/tfgazebourdf_ws/install/my_robot_bringup/share/my_robot_bringup/environment/ament_prefix_path.sh
[0.576s] -- Up-to-date symlink: /home/thomas/tfgazebourdf_ws/install/my_robot_bringup/share/my_robot_bringup/environment/ament_prefix_path.dsv
[0.577s] -- Up-to-date symlink: /home/thomas/tfgazebourdf_ws/install/my_robot_bringup/share/my_robot_bringup/environment/path.sh
[0.577s] -- Up-to-date symlink: /home/thomas/tfgazebourdf_ws/install/my_robot_bringup/share/my_robot_bringup/environment/path.dsv
[0.577s] -- Up-to-date symlink: /home/thomas/tfgazebourdf_ws/install/my_robot_bringup/share/my_robot_bringup/local_setup.bash
[0.577s] -- Up-to-date symlink: /home/thomas/tfgazebourdf_ws/install/my_robot_bringup/share/my_robot_bringup/local_setup.sh
[0.577s] -- Up-to-date symlink: /home/thomas/tfgazebourdf_ws/install/my_robot_bringup/share/my_robot_bringup/local_setup.zsh
[0.577s] -- Up-to-date symlink: /home/thomas/tfgazebourdf_ws/install/my_robot_bringup/share/my_robot_bringup/local_setup.dsv
[0.578s] -- Symlinking: /home/thomas/tfgazebourdf_ws/install/my_robot_bringup/share/my_robot_bringup/package.dsv
[0.589s] -- Up-to-date symlink: /home/thomas/tfgazebourdf_ws/install/my_robot_bringup/share/ament_index/resource_index/packages/my_robot_bringup
[0.589s] -- Up-to-date symlink: /home/thomas/tfgazebourdf_ws/install/my_robot_bringup/share/my_robot_bringup/cmake/my_robot_bringupConfig.cmake
[0.590s] -- Up-to-date symlink: /home/thomas/tfgazebourdf_ws/install/my_robot_bringup/share/my_robot_bringup/cmake/my_robot_bringupConfig-version.cmake
[0.590s] -- Up-to-date symlink: /home/thomas/tfgazebourdf_ws/install/my_robot_bringup/share/my_robot_bringup/package.xml
[0.615s] Invoked command in '/home/thomas/tfgazebourdf_ws/build/my_robot_bringup' returned '0': CMAKE_PREFIX_PATH=${CMAKE_PREFIX_PATH}:/home/thomas/concepts_ws/install/py_actions:/home/thomas/mobilrobot_ws/install/mobilrobot_py_examples:/opt/ros/jazzy DEBUGINFOD_URLS=https://debuginfod.ubuntu.com /usr/bin/cmake --install /home/thomas/tfgazebourdf_ws/build/my_robot_bringup
