[0.028s] Invoking command in '/home/thomas/tfgazebourdf_ws/build/my_robot_bringup': CMAKE_PREFIX_PATH=${CMAKE_PREFIX_PATH}:/home/thomas/concepts_ws/install/py_actions:/home/thomas/mobilrobot_ws/install/mobilrobot_py_examples:/opt/ros/jazzy DEBUGINFOD_URLS=https://debuginfod.ubuntu.com /usr/bin/cmake --build /home/thomas/tfgazebourdf_ws/build/my_robot_bringup -- -j4 -l4
[0.087s] -- Found ament_cmake: 2.5.4 (/opt/ros/jazzy/share/ament_cmake/cmake)
[0.575s] -- Configuring done (0.5s)
[0.584s] -- Generating done (0.0s)
[0.586s] -- Build files have been written to: /home/thomas/tfgazebourdf_ws/build/my_robot_bringup
[0.620s] Invoked command in '/home/thomas/tfgazebourdf_ws/build/my_robot_bringup' returned '0': CMAKE_PREFIX_PATH=${CMAKE_PREFIX_PATH}:/home/thomas/concepts_ws/install/py_actions:/home/thomas/mobilrobot_ws/install/mobilrobot_py_examples:/opt/ros/jazzy DEBUGINFOD_URLS=https://debuginfod.ubuntu.com /usr/bin/cmake --build /home/thomas/tfgazebourdf_ws/build/my_robot_bringup -- -j4 -l4
[0.622s] Invoking command in '/home/thomas/tfgazebourdf_ws/build/my_robot_bringup': CMAKE_PREFIX_PATH=${CMAKE_PREFIX_PATH}:/home/thomas/concepts_ws/install/py_actions:/home/thomas/mobilrobot_ws/install/mobilrobot_py_examples:/opt/ros/jazzy DEBUGINFOD_URLS=https://debuginfod.ubuntu.com /usr/bin/cmake --install /home/thomas/tfgazebourdf_ws/build/my_robot_bringup
[0.633s] -- Install configuration: ""
[0.633s] -- Up-to-date: /home/thomas/tfgazebourdf_ws/install/my_robot_bringup/share/my_robot_bringup//launch
[0.633s] -- Up-to-date: /home/thomas/tfgazebourdf_ws/install/my_robot_bringup/share/my_robot_bringup//launch/display.launch.py
[0.633s] -- Up-to-date: /home/thomas/tfgazebourdf_ws/install/my_robot_bringup/share/my_robot_bringup//launch/display.launch.xml
[0.634s] -- Installing: /home/thomas/tfgazebourdf_ws/install/my_robot_bringup/share/my_robot_bringup//launch/gazebo.launch.xml
[0.634s] -- Up-to-date: /home/thomas/tfgazebourdf_ws/install/my_robot_bringup/share/my_robot_bringup//config
[0.634s] -- Up-to-date: /home/thomas/tfgazebourdf_ws/install/my_robot_bringup/share/my_robot_bringup//config/gazebo_bridge.yaml
[0.634s] -- Installing: /home/thomas/tfgazebourdf_ws/install/my_robot_bringup/share/my_robot_bringup//world
[0.634s] -- Installing: /home/thomas/tfgazebourdf_ws/install/my_robot_bringup/share/my_robot_bringup//world/tugbot_depot.sdf
[0.635s] -- Up-to-date: /home/thomas/tfgazebourdf_ws/install/my_robot_bringup/share/ament_index/resource_index/package_run_dependencies/my_robot_bringup
[0.635s] -- Up-to-date: /home/thomas/tfgazebourdf_ws/install/my_robot_bringup/share/ament_index/resource_index/parent_prefix_path/my_robot_bringup
[0.635s] -- Up-to-date: /home/thomas/tfgazebourdf_ws/install/my_robot_bringup/share/my_robot_bringup/environment/ament_prefix_path.sh
[0.635s] -- Up-to-date: /home/thomas/tfgazebourdf_ws/install/my_robot_bringup/share/my_robot_bringup/environment/ament_prefix_path.dsv
[0.635s] -- Up-to-date: /home/thomas/tfgazebourdf_ws/install/my_robot_bringup/share/my_robot_bringup/environment/path.sh
[0.635s] -- Up-to-date: /home/thomas/tfgazebourdf_ws/install/my_robot_bringup/share/my_robot_bringup/environment/path.dsv
[0.636s] -- Up-to-date: /home/thomas/tfgazebourdf_ws/install/my_robot_bringup/share/my_robot_bringup/local_setup.bash
[0.636s] -- Up-to-date: /home/thomas/tfgazebourdf_ws/install/my_robot_bringup/share/my_robot_bringup/local_setup.sh
[0.636s] -- Up-to-date: /home/thomas/tfgazebourdf_ws/install/my_robot_bringup/share/my_robot_bringup/local_setup.zsh
[0.636s] -- Up-to-date: /home/thomas/tfgazebourdf_ws/install/my_robot_bringup/share/my_robot_bringup/local_setup.dsv
[0.636s] -- Installing: /home/thomas/tfgazebourdf_ws/install/my_robot_bringup/share/my_robot_bringup/package.dsv
[0.636s] -- Up-to-date: /home/thomas/tfgazebourdf_ws/install/my_robot_bringup/share/ament_index/resource_index/packages/my_robot_bringup
[0.637s] -- Up-to-date: /home/thomas/tfgazebourdf_ws/install/my_robot_bringup/share/my_robot_bringup/cmake/my_robot_bringupConfig.cmake
[0.637s] -- Up-to-date: /home/thomas/tfgazebourdf_ws/install/my_robot_bringup/share/my_robot_bringup/cmake/my_robot_bringupConfig-version.cmake
[0.637s] -- Up-to-date: /home/thomas/tfgazebourdf_ws/install/my_robot_bringup/share/my_robot_bringup/package.xml
[0.638s] Invoked command in '/home/thomas/tfgazebourdf_ws/build/my_robot_bringup' returned '0': CMAKE_PREFIX_PATH=${CMAKE_PREFIX_PATH}:/home/thomas/concepts_ws/install/py_actions:/home/thomas/mobilrobot_ws/install/mobilrobot_py_examples:/opt/ros/jazzy DEBUGINFOD_URLS=https://debuginfod.ubuntu.com /usr/bin/cmake --install /home/thomas/tfgazebourdf_ws/build/my_robot_bringup
