-- Found ament_cmake: 2.5.3 (/opt/ros/jazzy/share/ament_cmake/cmake)
-- Override CMake install command with custom implementation using symlinks instead of copying resources
-- Configuring done (0.4s)
-- Generating done (0.0s)
-- Build files have been written to: /home/thomas/tfgazebourdf_ws/build/rb_description
-- Install configuration: ""
-- Execute custom install script
-- Symlinking: /home/thomas/tfgazebourdf_ws/install/rb_description/share/rb_description//urdf/mobilrobot.urdf.xacro
-- Symlinking: /home/thomas/tfgazebourdf_ws/install/rb_description/share/rb_description//urdf/myrobot.urdf.xacro
-- Symlinking: /home/thomas/tfgazebourdf_ws/install/rb_description/share/rb_description//launch/display.launch.py
-- Symlinking: /home/thomas/tfgazebourdf_ws/install/rb_description/share/rb_description//launch/display.launch.xml
-- Symlinking: /home/thomas/tfgazebourdf_ws/install/rb_description/share/rb_description//rviz/rviz_config.rviz
-- Symlinking: /home/thomas/tfgazebourdf_ws/install/rb_description/share/ament_index/resource_index/package_run_dependencies/rb_description
-- Symlinking: /home/thomas/tfgazebourdf_ws/install/rb_description/share/ament_index/resource_index/parent_prefix_path/rb_description
-- Symlinking: /home/thomas/tfgazebourdf_ws/install/rb_description/share/rb_description/environment/ament_prefix_path.sh
-- Symlinking: /home/thomas/tfgazebourdf_ws/install/rb_description/share/rb_description/environment/ament_prefix_path.dsv
-- Symlinking: /home/thomas/tfgazebourdf_ws/install/rb_description/share/rb_description/environment/path.sh
-- Symlinking: /home/thomas/tfgazebourdf_ws/install/rb_description/share/rb_description/environment/path.dsv
-- Symlinking: /home/thomas/tfgazebourdf_ws/install/rb_description/share/rb_description/local_setup.bash
-- Symlinking: /home/thomas/tfgazebourdf_ws/install/rb_description/share/rb_description/local_setup.sh
-- Symlinking: /home/thomas/tfgazebourdf_ws/install/rb_description/share/rb_description/local_setup.zsh
-- Symlinking: /home/thomas/tfgazebourdf_ws/install/rb_description/share/rb_description/local_setup.dsv
-- Symlinking: /home/thomas/tfgazebourdf_ws/install/rb_description/share/rb_description/package.dsv
-- Symlinking: /home/thomas/tfgazebourdf_ws/install/rb_description/share/ament_index/resource_index/packages/rb_description
-- Symlinking: /home/thomas/tfgazebourdf_ws/install/rb_description/share/rb_description/cmake/rb_descriptionConfig.cmake
-- Symlinking: /home/thomas/tfgazebourdf_ws/install/rb_description/share/rb_description/cmake/rb_descriptionConfig-version.cmake
-- Symlinking: /home/thomas/tfgazebourdf_ws/install/rb_description/share/rb_description/package.xml
