[0.394s] DEBUG:colcon:Command line arguments: ['/usr/bin/colcon', 'build', '--symlink-install']
[0.395s] DEBUG:colcon:Parsed command line arguments: Namespace(log_base=None, log_level=None, verb_name='build', build_base='build', install_base='install', merge_install=False, symlink_install=True, test_result_base=None, continue_on_error=False, executor='parallel', parallel_workers=4, event_handlers=None, ignore_user_meta=False, metas=['./colcon.meta'], base_paths=['.'], packages_ignore=None, packages_ignore_regex=None, paths=None, packages_up_to=None, packages_up_to_regex=None, packages_above=None, packages_above_and_dependencies=None, packages_above_depth=None, packages_select_by_dep=None, packages_skip_by_dep=None, packages_skip_up_to=None, packages_select_build_failed=False, packages_skip_build_finished=False, packages_select_test_failures=False, packages_skip_test_passed=False, packages_select=None, packages_skip=None, packages_select_regex=None, packages_skip_regex=None, packages_start=None, packages_end=None, allow_overriding=[], cmake_args=None, cmake_target=None, cmake_target_skip_unavailable=False, cmake_clean_cache=False, cmake_clean_first=False, cmake_force_configure=False, ament_cmake_args=None, catkin_cmake_args=None, catkin_skip_building_tests=False, mixin_files=None, mixin=None, verb_parser=<colcon_mixin.mixin.mixin_argument.MixinArgumentDecorator object at 0x761e4a2aa360>, verb_extension=<colcon_core.verb.build.BuildVerb object at 0x761e4a2aa0c0>, main=<bound method BuildVerb.main of <colcon_core.verb.build.BuildVerb object at 0x761e4a2aa0c0>>, mixin_verb=('build',))
[0.479s] Level 1:colcon.colcon_core.package_discovery:discover_packages(colcon_meta) check parameters
[0.479s] Level 1:colcon.colcon_core.package_discovery:discover_packages(recursive) check parameters
[0.479s] Level 1:colcon.colcon_core.package_discovery:discover_packages(ignore) check parameters
[0.479s] Level 1:colcon.colcon_core.package_discovery:discover_packages(path) check parameters
[0.479s] Level 1:colcon.colcon_core.package_discovery:discover_packages(colcon_meta) discover
[0.479s] Level 1:colcon.colcon_core.package_discovery:discover_packages(recursive) discover
[0.479s] INFO:colcon.colcon_core.package_discovery:Crawling recursively for packages in '/home/thomas/tfgazebourdf_ws'
[0.479s] Level 1:colcon.colcon_core.package_identification:_identify(.) by extensions ['ignore', 'ignore_ament_install']
[0.480s] Level 1:colcon.colcon_core.package_identification:_identify(.) by extension 'ignore'
[0.480s] Level 1:colcon.colcon_core.package_identification:_identify(.) by extension 'ignore_ament_install'
[0.480s] Level 1:colcon.colcon_core.package_identification:_identify(.) by extensions ['colcon_pkg']
[0.480s] Level 1:colcon.colcon_core.package_identification:_identify(.) by extension 'colcon_pkg'
[0.480s] Level 1:colcon.colcon_core.package_identification:_identify(.) by extensions ['colcon_meta']
[0.480s] Level 1:colcon.colcon_core.package_identification:_identify(.) by extension 'colcon_meta'
[0.480s] Level 1:colcon.colcon_core.package_identification:_identify(.) by extensions ['ros']
[0.480s] Level 1:colcon.colcon_core.package_identification:_identify(.) by extension 'ros'
[0.519s] Level 1:colcon.colcon_core.package_identification:_identify(.) by extensions ['cmake', 'python']
[0.519s] Level 1:colcon.colcon_core.package_identification:_identify(.) by extension 'cmake'
[0.519s] Level 1:colcon.colcon_core.package_identification:_identify(.) by extension 'python'
[0.519s] Level 1:colcon.colcon_core.package_identification:_identify(.) by extensions ['python_setup_py']
[0.519s] Level 1:colcon.colcon_core.package_identification:_identify(.) by extension 'python_setup_py'
[0.519s] Level 1:colcon.colcon_core.package_identification:_identify(build) by extensions ['ignore', 'ignore_ament_install']
[0.519s] Level 1:colcon.colcon_core.package_identification:_identify(build) by extension 'ignore'
[0.520s] Level 1:colcon.colcon_core.package_identification:_identify(build) ignored
[0.520s] Level 1:colcon.colcon_core.package_identification:_identify(install) by extensions ['ignore', 'ignore_ament_install']
[0.520s] Level 1:colcon.colcon_core.package_identification:_identify(install) by extension 'ignore'
[0.520s] Level 1:colcon.colcon_core.package_identification:_identify(install) ignored
[0.520s] Level 1:colcon.colcon_core.package_identification:_identify(log) by extensions ['ignore', 'ignore_ament_install']
[0.520s] Level 1:colcon.colcon_core.package_identification:_identify(log) by extension 'ignore'
[0.520s] Level 1:colcon.colcon_core.package_identification:_identify(log) ignored
[0.521s] Level 1:colcon.colcon_core.package_identification:_identify(src) by extensions ['ignore', 'ignore_ament_install']
[0.521s] Level 1:colcon.colcon_core.package_identification:_identify(src) by extension 'ignore'
[0.521s] Level 1:colcon.colcon_core.package_identification:_identify(src) by extension 'ignore_ament_install'
[0.521s] Level 1:colcon.colcon_core.package_identification:_identify(src) by extensions ['colcon_pkg']
[0.521s] Level 1:colcon.colcon_core.package_identification:_identify(src) by extension 'colcon_pkg'
[0.521s] Level 1:colcon.colcon_core.package_identification:_identify(src) by extensions ['colcon_meta']
[0.521s] Level 1:colcon.colcon_core.package_identification:_identify(src) by extension 'colcon_meta'
[0.521s] Level 1:colcon.colcon_core.package_identification:_identify(src) by extensions ['ros']
[0.521s] Level 1:colcon.colcon_core.package_identification:_identify(src) by extension 'ros'
[0.521s] Level 1:colcon.colcon_core.package_identification:_identify(src) by extensions ['cmake', 'python']
[0.521s] Level 1:colcon.colcon_core.package_identification:_identify(src) by extension 'cmake'
[0.521s] Level 1:colcon.colcon_core.package_identification:_identify(src) by extension 'python'
[0.522s] Level 1:colcon.colcon_core.package_identification:_identify(src) by extensions ['python_setup_py']
[0.522s] Level 1:colcon.colcon_core.package_identification:_identify(src) by extension 'python_setup_py'
[0.522s] Level 1:colcon.colcon_core.package_identification:_identify(src/my_robot_bringup) by extensions ['ignore', 'ignore_ament_install']
[0.522s] Level 1:colcon.colcon_core.package_identification:_identify(src/my_robot_bringup) by extension 'ignore'
[0.522s] Level 1:colcon.colcon_core.package_identification:_identify(src/my_robot_bringup) by extension 'ignore_ament_install'
[0.522s] Level 1:colcon.colcon_core.package_identification:_identify(src/my_robot_bringup) by extensions ['colcon_pkg']
[0.522s] Level 1:colcon.colcon_core.package_identification:_identify(src/my_robot_bringup) by extension 'colcon_pkg'
[0.522s] Level 1:colcon.colcon_core.package_identification:_identify(src/my_robot_bringup) by extensions ['colcon_meta']
[0.522s] Level 1:colcon.colcon_core.package_identification:_identify(src/my_robot_bringup) by extension 'colcon_meta'
[0.522s] Level 1:colcon.colcon_core.package_identification:_identify(src/my_robot_bringup) by extensions ['ros']
[0.522s] Level 1:colcon.colcon_core.package_identification:_identify(src/my_robot_bringup) by extension 'ros'
[0.525s] DEBUG:colcon.colcon_core.package_identification:Package 'src/my_robot_bringup' with type 'ros.ament_cmake' and name 'my_robot_bringup'
[0.526s] Level 1:colcon.colcon_core.package_identification:_identify(src/rb_description) by extensions ['ignore', 'ignore_ament_install']
[0.526s] Level 1:colcon.colcon_core.package_identification:_identify(src/rb_description) by extension 'ignore'
[0.526s] Level 1:colcon.colcon_core.package_identification:_identify(src/rb_description) by extension 'ignore_ament_install'
[0.526s] Level 1:colcon.colcon_core.package_identification:_identify(src/rb_description) by extensions ['colcon_pkg']
[0.526s] Level 1:colcon.colcon_core.package_identification:_identify(src/rb_description) by extension 'colcon_pkg'
[0.526s] Level 1:colcon.colcon_core.package_identification:_identify(src/rb_description) by extensions ['colcon_meta']
[0.526s] Level 1:colcon.colcon_core.package_identification:_identify(src/rb_description) by extension 'colcon_meta'
[0.526s] Level 1:colcon.colcon_core.package_identification:_identify(src/rb_description) by extensions ['ros']
[0.526s] Level 1:colcon.colcon_core.package_identification:_identify(src/rb_description) by extension 'ros'
[0.527s] DEBUG:colcon.colcon_core.package_identification:Package 'src/rb_description' with type 'ros.ament_cmake' and name 'rb_description'
[0.527s] Level 1:colcon.colcon_core.package_discovery:discover_packages(recursive) using defaults
[0.527s] Level 1:colcon.colcon_core.package_discovery:discover_packages(ignore) discover
[0.527s] Level 1:colcon.colcon_core.package_discovery:discover_packages(ignore) using defaults
[0.527s] Level 1:colcon.colcon_core.package_discovery:discover_packages(path) discover
[0.527s] Level 1:colcon.colcon_core.package_discovery:discover_packages(path) using defaults
[0.561s] Level 1:colcon.colcon_core.package_discovery:discover_packages(prefix_path) check parameters
[0.561s] Level 1:colcon.colcon_core.package_discovery:discover_packages(prefix_path) discover
[0.577s] DEBUG:colcon.colcon_installed_package_information.package_discovery:Found 1 installed packages in /home/thomas/actionslcnodeexecutor_ws/install
[0.578s] DEBUG:colcon.colcon_installed_package_information.package_discovery:Found 2 installed packages in /home/thomas/tfgazebourdf_ws/install
[0.585s] DEBUG:colcon.colcon_installed_package_information.package_discovery:Found 4 installed packages in /home/thomas/concepts_ws/install
[0.596s] DEBUG:colcon.colcon_installed_package_information.package_discovery:Found 5 installed packages in /home/thomas/mobilrobot_ws/install
[0.600s] DEBUG:colcon.colcon_installed_package_information.package_discovery:Found 399 installed packages in /opt/ros/jazzy
[0.602s] Level 1:colcon.colcon_core.package_discovery:discover_packages(prefix_path) using defaults
[0.895s] Level 5:colcon.colcon_core.verb:set package 'my_robot_bringup' build argument 'cmake_args' from command line to 'None'
[0.895s] Level 5:colcon.colcon_core.verb:set package 'my_robot_bringup' build argument 'cmake_target' from command line to 'None'
[0.895s] Level 5:colcon.colcon_core.verb:set package 'my_robot_bringup' build argument 'cmake_target_skip_unavailable' from command line to 'False'
[0.895s] Level 5:colcon.colcon_core.verb:set package 'my_robot_bringup' build argument 'cmake_clean_cache' from command line to 'False'
[0.895s] Level 5:colcon.colcon_core.verb:set package 'my_robot_bringup' build argument 'cmake_clean_first' from command line to 'False'
[0.895s] Level 5:colcon.colcon_core.verb:set package 'my_robot_bringup' build argument 'cmake_force_configure' from command line to 'False'
[0.896s] Level 5:colcon.colcon_core.verb:set package 'my_robot_bringup' build argument 'ament_cmake_args' from command line to 'None'
[0.896s] Level 5:colcon.colcon_core.verb:set package 'my_robot_bringup' build argument 'catkin_cmake_args' from command line to 'None'
[0.896s] Level 5:colcon.colcon_core.verb:set package 'my_robot_bringup' build argument 'catkin_skip_building_tests' from command line to 'False'
[0.896s] DEBUG:colcon.colcon_core.verb:Building package 'my_robot_bringup' with the following arguments: {'ament_cmake_args': None, 'build_base': '/home/thomas/tfgazebourdf_ws/build/my_robot_bringup', 'catkin_cmake_args': None, 'catkin_skip_building_tests': False, 'cmake_args': None, 'cmake_clean_cache': False, 'cmake_clean_first': False, 'cmake_force_configure': False, 'cmake_target': None, 'cmake_target_skip_unavailable': False, 'install_base': '/home/thomas/tfgazebourdf_ws/install/my_robot_bringup', 'merge_install': False, 'path': '/home/thomas/tfgazebourdf_ws/src/my_robot_bringup', 'symlink_install': True, 'test_result_base': None}
[0.896s] Level 5:colcon.colcon_core.verb:set package 'rb_description' build argument 'cmake_args' from command line to 'None'
[0.896s] Level 5:colcon.colcon_core.verb:set package 'rb_description' build argument 'cmake_target' from command line to 'None'
[0.896s] Level 5:colcon.colcon_core.verb:set package 'rb_description' build argument 'cmake_target_skip_unavailable' from command line to 'False'
[0.896s] Level 5:colcon.colcon_core.verb:set package 'rb_description' build argument 'cmake_clean_cache' from command line to 'False'
[0.896s] Level 5:colcon.colcon_core.verb:set package 'rb_description' build argument 'cmake_clean_first' from command line to 'False'
[0.896s] Level 5:colcon.colcon_core.verb:set package 'rb_description' build argument 'cmake_force_configure' from command line to 'False'
[0.896s] Level 5:colcon.colcon_core.verb:set package 'rb_description' build argument 'ament_cmake_args' from command line to 'None'
[0.896s] Level 5:colcon.colcon_core.verb:set package 'rb_description' build argument 'catkin_cmake_args' from command line to 'None'
[0.896s] Level 5:colcon.colcon_core.verb:set package 'rb_description' build argument 'catkin_skip_building_tests' from command line to 'False'
[0.896s] DEBUG:colcon.colcon_core.verb:Building package 'rb_description' with the following arguments: {'ament_cmake_args': None, 'build_base': '/home/thomas/tfgazebourdf_ws/build/rb_description', 'catkin_cmake_args': None, 'catkin_skip_building_tests': False, 'cmake_args': None, 'cmake_clean_cache': False, 'cmake_clean_first': False, 'cmake_force_configure': False, 'cmake_target': None, 'cmake_target_skip_unavailable': False, 'install_base': '/home/thomas/tfgazebourdf_ws/install/rb_description', 'merge_install': False, 'path': '/home/thomas/tfgazebourdf_ws/src/rb_description', 'symlink_install': True, 'test_result_base': None}
[0.896s] INFO:colcon.colcon_core.executor:Executing jobs using 'parallel' executor
[0.897s] DEBUG:colcon.colcon_parallel_executor.executor.parallel:run_until_complete
[0.898s] INFO:colcon.colcon_ros.task.ament_cmake.build:Building ROS package in '/home/thomas/tfgazebourdf_ws/src/my_robot_bringup' with build type 'ament_cmake'
[0.898s] INFO:colcon.colcon_cmake.task.cmake.build:Building CMake package in '/home/thomas/tfgazebourdf_ws/src/my_robot_bringup'
[0.904s] INFO:colcon.colcon_core.plugin_system:Skipping extension 'colcon_core.shell.bat': Not used on non-Windows systems
[0.904s] INFO:colcon.colcon_core.shell:Skip shell extension 'powershell' for command environment: Not usable outside of PowerShell
[0.904s] DEBUG:colcon.colcon_core.shell:Skip shell extension 'dsv' for command environment
[0.912s] INFO:colcon.colcon_ros.task.ament_cmake.build:Building ROS package in '/home/thomas/tfgazebourdf_ws/src/rb_description' with build type 'ament_cmake'
[0.913s] INFO:colcon.colcon_cmake.task.cmake.build:Building CMake package in '/home/thomas/tfgazebourdf_ws/src/rb_description'
[0.913s] INFO:colcon.colcon_core.shell:Skip shell extension 'powershell' for command environment: Not usable outside of PowerShell
[0.913s] DEBUG:colcon.colcon_core.shell:Skip shell extension 'dsv' for command environment
[0.923s] DEBUG:colcon.colcon_core.event_handler.log_command:Invoking command in '/home/thomas/tfgazebourdf_ws/build/my_robot_bringup': CMAKE_PREFIX_PATH=${CMAKE_PREFIX_PATH}:/home/thomas/concepts_ws/install/py_actions:/home/thomas/mobilrobot_ws/install/mobilrobot_py_examples:/opt/ros/jazzy DEBUGINFOD_URLS=https://debuginfod.ubuntu.com /usr/bin/cmake /home/thomas/tfgazebourdf_ws/src/my_robot_bringup -DAMENT_CMAKE_SYMLINK_INSTALL=1 -DCMAKE_INSTALL_PREFIX=/home/thomas/tfgazebourdf_ws/install/my_robot_bringup
[0.934s] DEBUG:colcon.colcon_core.event_handler.log_command:Invoking command in '/home/thomas/tfgazebourdf_ws/build/rb_description': CMAKE_PREFIX_PATH=${CMAKE_PREFIX_PATH}:/home/thomas/concepts_ws/install/py_actions:/home/thomas/mobilrobot_ws/install/mobilrobot_py_examples:/opt/ros/jazzy DEBUGINFOD_URLS=https://debuginfod.ubuntu.com /usr/bin/cmake /home/thomas/tfgazebourdf_ws/src/rb_description -DAMENT_CMAKE_SYMLINK_INSTALL=1 -DCMAKE_INSTALL_PREFIX=/home/thomas/tfgazebourdf_ws/install/rb_description
[1.535s] DEBUG:colcon.colcon_core.event_handler.log_command:Invoked command in '/home/thomas/tfgazebourdf_ws/build/my_robot_bringup' returned '0': CMAKE_PREFIX_PATH=${CMAKE_PREFIX_PATH}:/home/thomas/concepts_ws/install/py_actions:/home/thomas/mobilrobot_ws/install/mobilrobot_py_examples:/opt/ros/jazzy DEBUGINFOD_URLS=https://debuginfod.ubuntu.com /usr/bin/cmake /home/thomas/tfgazebourdf_ws/src/my_robot_bringup -DAMENT_CMAKE_SYMLINK_INSTALL=1 -DCMAKE_INSTALL_PREFIX=/home/thomas/tfgazebourdf_ws/install/my_robot_bringup
[1.535s] DEBUG:colcon.colcon_core.event_handler.log_command:Invoking command in '/home/thomas/tfgazebourdf_ws/build/my_robot_bringup': CMAKE_PREFIX_PATH=${CMAKE_PREFIX_PATH}:/home/thomas/concepts_ws/install/py_actions:/home/thomas/mobilrobot_ws/install/mobilrobot_py_examples:/opt/ros/jazzy DEBUGINFOD_URLS=https://debuginfod.ubuntu.com /usr/bin/cmake --build /home/thomas/tfgazebourdf_ws/build/my_robot_bringup -- -j4 -l4
[1.538s] DEBUG:colcon.colcon_core.event_handler.log_command:Invoked command in '/home/thomas/tfgazebourdf_ws/build/rb_description' returned '0': CMAKE_PREFIX_PATH=${CMAKE_PREFIX_PATH}:/home/thomas/concepts_ws/install/py_actions:/home/thomas/mobilrobot_ws/install/mobilrobot_py_examples:/opt/ros/jazzy DEBUGINFOD_URLS=https://debuginfod.ubuntu.com /usr/bin/cmake /home/thomas/tfgazebourdf_ws/src/rb_description -DAMENT_CMAKE_SYMLINK_INSTALL=1 -DCMAKE_INSTALL_PREFIX=/home/thomas/tfgazebourdf_ws/install/rb_description
[1.540s] DEBUG:colcon.colcon_core.event_handler.log_command:Invoking command in '/home/thomas/tfgazebourdf_ws/build/rb_description': CMAKE_PREFIX_PATH=${CMAKE_PREFIX_PATH}:/home/thomas/concepts_ws/install/py_actions:/home/thomas/mobilrobot_ws/install/mobilrobot_py_examples:/opt/ros/jazzy DEBUGINFOD_URLS=https://debuginfod.ubuntu.com /usr/bin/cmake --build /home/thomas/tfgazebourdf_ws/build/rb_description -- -j4 -l4
[1.591s] DEBUG:colcon.colcon_core.event_handler.log_command:Invoked command in '/home/thomas/tfgazebourdf_ws/build/rb_description' returned '0': CMAKE_PREFIX_PATH=${CMAKE_PREFIX_PATH}:/home/thomas/concepts_ws/install/py_actions:/home/thomas/mobilrobot_ws/install/mobilrobot_py_examples:/opt/ros/jazzy DEBUGINFOD_URLS=https://debuginfod.ubuntu.com /usr/bin/cmake --build /home/thomas/tfgazebourdf_ws/build/rb_description -- -j4 -l4
[1.606s] DEBUG:colcon.colcon_core.event_handler.log_command:Invoking command in '/home/thomas/tfgazebourdf_ws/build/rb_description': CMAKE_PREFIX_PATH=${CMAKE_PREFIX_PATH}:/home/thomas/concepts_ws/install/py_actions:/home/thomas/mobilrobot_ws/install/mobilrobot_py_examples:/opt/ros/jazzy DEBUGINFOD_URLS=https://debuginfod.ubuntu.com /usr/bin/cmake --install /home/thomas/tfgazebourdf_ws/build/rb_description
[1.608s] DEBUG:colcon.colcon_core.event_handler.log_command:Invoked command in '/home/thomas/tfgazebourdf_ws/build/my_robot_bringup' returned '0': CMAKE_PREFIX_PATH=${CMAKE_PREFIX_PATH}:/home/thomas/concepts_ws/install/py_actions:/home/thomas/mobilrobot_ws/install/mobilrobot_py_examples:/opt/ros/jazzy DEBUGINFOD_URLS=https://debuginfod.ubuntu.com /usr/bin/cmake --build /home/thomas/tfgazebourdf_ws/build/my_robot_bringup -- -j4 -l4
[1.610s] DEBUG:colcon.colcon_core.event_handler.log_command:Invoking command in '/home/thomas/tfgazebourdf_ws/build/my_robot_bringup': CMAKE_PREFIX_PATH=${CMAKE_PREFIX_PATH}:/home/thomas/concepts_ws/install/py_actions:/home/thomas/mobilrobot_ws/install/mobilrobot_py_examples:/opt/ros/jazzy DEBUGINFOD_URLS=https://debuginfod.ubuntu.com /usr/bin/cmake --install /home/thomas/tfgazebourdf_ws/build/my_robot_bringup
[1.642s] Level 1:colcon.colcon_core.environment:create_environment_scripts_only(rb_description)
[1.643s] DEBUG:colcon.colcon_core.event_handler.log_command:Invoked command in '/home/thomas/tfgazebourdf_ws/build/rb_description' returned '0': CMAKE_PREFIX_PATH=${CMAKE_PREFIX_PATH}:/home/thomas/concepts_ws/install/py_actions:/home/thomas/mobilrobot_ws/install/mobilrobot_py_examples:/opt/ros/jazzy DEBUGINFOD_URLS=https://debuginfod.ubuntu.com /usr/bin/cmake --install /home/thomas/tfgazebourdf_ws/build/rb_description
[1.657s] Level 1:colcon.colcon_core.environment:checking '/home/thomas/tfgazebourdf_ws/install/rb_description' for CMake module files
[1.658s] Level 1:colcon.colcon_core.environment:checking '/home/thomas/tfgazebourdf_ws/install/rb_description' for CMake config files
[1.658s] Level 1:colcon.colcon_core.shell:create_environment_hook('rb_description', 'cmake_prefix_path')
[1.659s] INFO:colcon.colcon_core.shell:Creating environment hook '/home/thomas/tfgazebourdf_ws/install/rb_description/share/rb_description/hook/cmake_prefix_path.ps1'
[1.660s] INFO:colcon.colcon_core.shell:Creating environment descriptor '/home/thomas/tfgazebourdf_ws/install/rb_description/share/rb_description/hook/cmake_prefix_path.dsv'
[1.661s] INFO:colcon.colcon_core.shell:Creating environment hook '/home/thomas/tfgazebourdf_ws/install/rb_description/share/rb_description/hook/cmake_prefix_path.sh'
[1.663s] Level 1:colcon.colcon_core.environment:checking '/home/thomas/tfgazebourdf_ws/install/rb_description/bin'
[1.663s] Level 1:colcon.colcon_core.environment:checking '/home/thomas/tfgazebourdf_ws/install/rb_description/lib/pkgconfig/rb_description.pc'
[1.664s] Level 1:colcon.colcon_core.environment:checking '/home/thomas/tfgazebourdf_ws/install/rb_description/lib/python3.12/site-packages'
[1.664s] Level 1:colcon.colcon_core.environment:checking '/home/thomas/tfgazebourdf_ws/install/rb_description/bin'
[1.664s] INFO:colcon.colcon_core.shell:Creating package script '/home/thomas/tfgazebourdf_ws/install/rb_description/share/rb_description/package.ps1'
[1.666s] INFO:colcon.colcon_core.shell:Creating package descriptor '/home/thomas/tfgazebourdf_ws/install/rb_description/share/rb_description/package.dsv'
[1.668s] INFO:colcon.colcon_core.shell:Creating package script '/home/thomas/tfgazebourdf_ws/install/rb_description/share/rb_description/package.sh'
[1.669s] INFO:colcon.colcon_core.shell:Creating package script '/home/thomas/tfgazebourdf_ws/install/rb_description/share/rb_description/package.bash'
[1.671s] INFO:colcon.colcon_core.shell:Creating package script '/home/thomas/tfgazebourdf_ws/install/rb_description/share/rb_description/package.zsh'
[1.672s] Level 1:colcon.colcon_core.environment:create_file_with_runtime_dependencies(/home/thomas/tfgazebourdf_ws/install/rb_description/share/colcon-core/packages/rb_description)
[1.672s] Level 1:colcon.colcon_core.environment:create_environment_scripts_only(rb_description)
[1.673s] Level 1:colcon.colcon_core.environment:checking '/home/thomas/tfgazebourdf_ws/install/rb_description' for CMake module files
[1.673s] Level 1:colcon.colcon_core.environment:checking '/home/thomas/tfgazebourdf_ws/install/rb_description' for CMake config files
[1.674s] Level 1:colcon.colcon_core.shell:create_environment_hook('rb_description', 'cmake_prefix_path')
[1.674s] INFO:colcon.colcon_core.shell:Creating environment hook '/home/thomas/tfgazebourdf_ws/install/rb_description/share/rb_description/hook/cmake_prefix_path.ps1'
[1.675s] INFO:colcon.colcon_core.shell:Creating environment descriptor '/home/thomas/tfgazebourdf_ws/install/rb_description/share/rb_description/hook/cmake_prefix_path.dsv'
[1.675s] INFO:colcon.colcon_core.shell:Creating environment hook '/home/thomas/tfgazebourdf_ws/install/rb_description/share/rb_description/hook/cmake_prefix_path.sh'
[1.676s] Level 1:colcon.colcon_core.environment:checking '/home/thomas/tfgazebourdf_ws/install/rb_description/bin'
[1.676s] Level 1:colcon.colcon_core.environment:checking '/home/thomas/tfgazebourdf_ws/install/rb_description/lib/pkgconfig/rb_description.pc'
[1.677s] Level 1:colcon.colcon_core.environment:checking '/home/thomas/tfgazebourdf_ws/install/rb_description/lib/python3.12/site-packages'
[1.677s] Level 1:colcon.colcon_core.environment:checking '/home/thomas/tfgazebourdf_ws/install/rb_description/bin'
[1.677s] INFO:colcon.colcon_core.shell:Creating package script '/home/thomas/tfgazebourdf_ws/install/rb_description/share/rb_description/package.ps1'
[1.678s] INFO:colcon.colcon_core.shell:Creating package descriptor '/home/thomas/tfgazebourdf_ws/install/rb_description/share/rb_description/package.dsv'
[1.679s] INFO:colcon.colcon_core.shell:Creating package script '/home/thomas/tfgazebourdf_ws/install/rb_description/share/rb_description/package.sh'
[1.679s] INFO:colcon.colcon_core.shell:Creating package script '/home/thomas/tfgazebourdf_ws/install/rb_description/share/rb_description/package.bash'
[1.680s] INFO:colcon.colcon_core.shell:Creating package script '/home/thomas/tfgazebourdf_ws/install/rb_description/share/rb_description/package.zsh'
[1.681s] Level 1:colcon.colcon_core.environment:create_file_with_runtime_dependencies(/home/thomas/tfgazebourdf_ws/install/rb_description/share/colcon-core/packages/rb_description)
[1.682s] Level 1:colcon.colcon_core.environment:create_environment_scripts_only(my_robot_bringup)
[1.683s] Level 1:colcon.colcon_core.environment:checking '/home/thomas/tfgazebourdf_ws/install/my_robot_bringup' for CMake module files
[1.684s] DEBUG:colcon.colcon_core.event_handler.log_command:Invoked command in '/home/thomas/tfgazebourdf_ws/build/my_robot_bringup' returned '0': CMAKE_PREFIX_PATH=${CMAKE_PREFIX_PATH}:/home/thomas/concepts_ws/install/py_actions:/home/thomas/mobilrobot_ws/install/mobilrobot_py_examples:/opt/ros/jazzy DEBUGINFOD_URLS=https://debuginfod.ubuntu.com /usr/bin/cmake --install /home/thomas/tfgazebourdf_ws/build/my_robot_bringup
[1.686s] Level 1:colcon.colcon_core.environment:checking '/home/thomas/tfgazebourdf_ws/install/my_robot_bringup' for CMake config files
[1.686s] Level 1:colcon.colcon_core.shell:create_environment_hook('my_robot_bringup', 'cmake_prefix_path')
[1.687s] INFO:colcon.colcon_core.shell:Creating environment hook '/home/thomas/tfgazebourdf_ws/install/my_robot_bringup/share/my_robot_bringup/hook/cmake_prefix_path.ps1'
[1.687s] INFO:colcon.colcon_core.shell:Creating environment descriptor '/home/thomas/tfgazebourdf_ws/install/my_robot_bringup/share/my_robot_bringup/hook/cmake_prefix_path.dsv'
[1.688s] INFO:colcon.colcon_core.shell:Creating environment hook '/home/thomas/tfgazebourdf_ws/install/my_robot_bringup/share/my_robot_bringup/hook/cmake_prefix_path.sh'
[1.689s] Level 1:colcon.colcon_core.environment:checking '/home/thomas/tfgazebourdf_ws/install/my_robot_bringup/bin'
[1.689s] Level 1:colcon.colcon_core.environment:checking '/home/thomas/tfgazebourdf_ws/install/my_robot_bringup/lib/pkgconfig/my_robot_bringup.pc'
[1.690s] Level 1:colcon.colcon_core.environment:checking '/home/thomas/tfgazebourdf_ws/install/my_robot_bringup/lib/python3.12/site-packages'
[1.690s] Level 1:colcon.colcon_core.environment:checking '/home/thomas/tfgazebourdf_ws/install/my_robot_bringup/bin'
[1.691s] INFO:colcon.colcon_core.shell:Creating package script '/home/thomas/tfgazebourdf_ws/install/my_robot_bringup/share/my_robot_bringup/package.ps1'
[1.691s] INFO:colcon.colcon_core.shell:Creating package descriptor '/home/thomas/tfgazebourdf_ws/install/my_robot_bringup/share/my_robot_bringup/package.dsv'
[1.692s] INFO:colcon.colcon_core.shell:Creating package script '/home/thomas/tfgazebourdf_ws/install/my_robot_bringup/share/my_robot_bringup/package.sh'
[1.692s] INFO:colcon.colcon_core.shell:Creating package script '/home/thomas/tfgazebourdf_ws/install/my_robot_bringup/share/my_robot_bringup/package.bash'
[1.693s] INFO:colcon.colcon_core.shell:Creating package script '/home/thomas/tfgazebourdf_ws/install/my_robot_bringup/share/my_robot_bringup/package.zsh'
[1.693s] Level 1:colcon.colcon_core.environment:create_file_with_runtime_dependencies(/home/thomas/tfgazebourdf_ws/install/my_robot_bringup/share/colcon-core/packages/my_robot_bringup)
[1.694s] Level 1:colcon.colcon_core.environment:create_environment_scripts_only(my_robot_bringup)
[1.694s] Level 1:colcon.colcon_core.environment:checking '/home/thomas/tfgazebourdf_ws/install/my_robot_bringup' for CMake module files
[1.695s] Level 1:colcon.colcon_core.environment:checking '/home/thomas/tfgazebourdf_ws/install/my_robot_bringup' for CMake config files
[1.696s] Level 1:colcon.colcon_core.shell:create_environment_hook('my_robot_bringup', 'cmake_prefix_path')
[1.696s] INFO:colcon.colcon_core.shell:Creating environment hook '/home/thomas/tfgazebourdf_ws/install/my_robot_bringup/share/my_robot_bringup/hook/cmake_prefix_path.ps1'
[1.697s] INFO:colcon.colcon_core.shell:Creating environment descriptor '/home/thomas/tfgazebourdf_ws/install/my_robot_bringup/share/my_robot_bringup/hook/cmake_prefix_path.dsv'
[1.697s] INFO:colcon.colcon_core.shell:Creating environment hook '/home/thomas/tfgazebourdf_ws/install/my_robot_bringup/share/my_robot_bringup/hook/cmake_prefix_path.sh'
[1.698s] Level 1:colcon.colcon_core.environment:checking '/home/thomas/tfgazebourdf_ws/install/my_robot_bringup/bin'
[1.698s] Level 1:colcon.colcon_core.environment:checking '/home/thomas/tfgazebourdf_ws/install/my_robot_bringup/lib/pkgconfig/my_robot_bringup.pc'
[1.698s] Level 1:colcon.colcon_core.environment:checking '/home/thomas/tfgazebourdf_ws/install/my_robot_bringup/lib/python3.12/site-packages'
[1.699s] Level 1:colcon.colcon_core.environment:checking '/home/thomas/tfgazebourdf_ws/install/my_robot_bringup/bin'
[1.699s] INFO:colcon.colcon_core.shell:Creating package script '/home/thomas/tfgazebourdf_ws/install/my_robot_bringup/share/my_robot_bringup/package.ps1'
[1.700s] INFO:colcon.colcon_core.shell:Creating package descriptor '/home/thomas/tfgazebourdf_ws/install/my_robot_bringup/share/my_robot_bringup/package.dsv'
[1.700s] INFO:colcon.colcon_core.shell:Creating package script '/home/thomas/tfgazebourdf_ws/install/my_robot_bringup/share/my_robot_bringup/package.sh'
[1.701s] INFO:colcon.colcon_core.shell:Creating package script '/home/thomas/tfgazebourdf_ws/install/my_robot_bringup/share/my_robot_bringup/package.bash'
[1.701s] INFO:colcon.colcon_core.shell:Creating package script '/home/thomas/tfgazebourdf_ws/install/my_robot_bringup/share/my_robot_bringup/package.zsh'
[1.702s] Level 1:colcon.colcon_core.environment:create_file_with_runtime_dependencies(/home/thomas/tfgazebourdf_ws/install/my_robot_bringup/share/colcon-core/packages/my_robot_bringup)
[1.702s] DEBUG:colcon.colcon_parallel_executor.executor.parallel:closing loop
[1.703s] DEBUG:colcon.colcon_parallel_executor.executor.parallel:loop closed
[1.703s] DEBUG:colcon.colcon_parallel_executor.executor.parallel:run_until_complete finished with '0'
[1.703s] DEBUG:colcon.colcon_core.event_reactor:joining thread
[1.715s] INFO:colcon.colcon_core.plugin_system:Skipping extension 'colcon_notification.desktop_notification.terminal_notifier': Not used on non-Darwin systems
[1.715s] INFO:colcon.colcon_core.plugin_system:Skipping extension 'colcon_notification.desktop_notification.win32': Not used on non-Windows systems
[1.715s] INFO:colcon.colcon_notification.desktop_notification:Sending desktop notification using 'notify2'
[1.727s] DEBUG:colcon.colcon_core.event_reactor:joined thread
[1.727s] INFO:colcon.colcon_core.shell:Creating prefix script '/home/thomas/tfgazebourdf_ws/install/local_setup.ps1'
[1.729s] INFO:colcon.colcon_core.shell:Creating prefix util module '/home/thomas/tfgazebourdf_ws/install/_local_setup_util_ps1.py'
[1.730s] INFO:colcon.colcon_core.shell:Creating prefix chain script '/home/thomas/tfgazebourdf_ws/install/setup.ps1'
[1.732s] INFO:colcon.colcon_core.shell:Creating prefix script '/home/thomas/tfgazebourdf_ws/install/local_setup.sh'
[1.733s] INFO:colcon.colcon_core.shell:Creating prefix util module '/home/thomas/tfgazebourdf_ws/install/_local_setup_util_sh.py'
[1.733s] INFO:colcon.colcon_core.shell:Creating prefix chain script '/home/thomas/tfgazebourdf_ws/install/setup.sh'
[1.735s] INFO:colcon.colcon_core.shell:Creating prefix script '/home/thomas/tfgazebourdf_ws/install/local_setup.bash'
[1.736s] INFO:colcon.colcon_core.shell:Creating prefix chain script '/home/thomas/tfgazebourdf_ws/install/setup.bash'
[1.737s] INFO:colcon.colcon_core.shell:Creating prefix script '/home/thomas/tfgazebourdf_ws/install/local_setup.zsh'
[1.738s] INFO:colcon.colcon_core.shell:Creating prefix chain script '/home/thomas/tfgazebourdf_ws/install/setup.zsh'
